11-Sep-2024 07:28:17.365 INFO [main] org.apache.catalina.core.ApplicationContext.log ContextListener: contextInitialized()
11-Sep-2024 07:28:17.365 INFO [main] org.apache.catalina.core.ApplicationContext.log SessionListener: contextInitialized()
11-Sep-2024 07:28:17.366 INFO [main] org.apache.catalina.core.ApplicationContext.log ContextListener: attributeAdded('StockTicker', 'async.Stockticker@6a9950f1')
11-Sep-2024 07:29:51.778 INFO [main] org.apache.catalina.core.ApplicationContext.log ContextListener: contextInitialized()
11-Sep-2024 07:29:51.778 INFO [main] org.apache.catalina.core.ApplicationContext.log SessionListener: contextInitialized()
11-Sep-2024 07:29:51.778 INFO [main] org.apache.catalina.core.ApplicationContext.log ContextListener: attributeAdded('StockTicker', 'async.Stockticker@67c277a0')
11-Sep-2024 07:29:51.801 INFO [main] org.apache.catalina.core.ApplicationContext.log SessionListener: contextDestroyed()
11-Sep-2024 07:29:51.801 INFO [main] org.apache.catalina.core.ApplicationContext.log ContextListener: contextDestroyed()
11-Sep-2024 07:29:55.264 INFO [main] org.apache.catalina.core.ApplicationContext.log ContextListener: contextInitialized()
11-Sep-2024 07:29:55.264 INFO [main] org.apache.catalina.core.ApplicationContext.log SessionListener: contextInitialized()
11-Sep-2024 07:29:55.265 INFO [main] org.apache.catalina.core.ApplicationContext.log ContextListener: attributeAdded('StockTicker', 'async.Stockticker@29ea78b1')
11-Sep-2024 07:29:55.282 INFO [main] org.apache.catalina.core.ApplicationContext.log SessionListener: contextDestroyed()
11-Sep-2024 07:29:55.282 INFO [main] org.apache.catalina.core.ApplicationContext.log ContextListener: contextDestroyed()
11-Sep-2024 07:35:10.042 INFO [main] org.apache.catalina.core.ApplicationContext.log ContextListener: contextInitialized()
11-Sep-2024 07:35:10.042 INFO [main] org.apache.catalina.core.ApplicationContext.log SessionListener: contextInitialized()
11-Sep-2024 07:35:10.043 INFO [main] org.apache.catalina.core.ApplicationContext.log ContextListener: attributeAdded('StockTicker', 'async.Stockticker@2679311f')
11-Sep-2024 07:35:10.062 INFO [main] org.apache.catalina.core.ApplicationContext.log SessionListener: contextDestroyed()
11-Sep-2024 07:35:10.062 INFO [main] org.apache.catalina.core.ApplicationContext.log ContextListener: contextDestroyed()
11-Sep-2024 07:35:55.654 INFO [main] org.apache.catalina.core.ApplicationContext.log SessionListener: contextDestroyed()
11-Sep-2024 07:35:55.654 INFO [main] org.apache.catalina.core.ApplicationContext.log ContextListener: contextDestroyed()
11-Sep-2024 07:37:10.545 INFO [main] org.apache.catalina.core.ApplicationContext.log ContextListener: contextInitialized()
11-Sep-2024 07:37:10.546 INFO [main] org.apache.catalina.core.ApplicationContext.log SessionListener: contextInitialized()
11-Sep-2024 07:37:10.546 INFO [main] org.apache.catalina.core.ApplicationContext.log ContextListener: attributeAdded('StockTicker', 'async.Stockticker@5ce4369b')
11-Sep-2024 07:37:21.771 INFO [main] org.apache.catalina.core.ApplicationContext.log SessionListener: contextDestroyed()
11-Sep-2024 07:37:21.771 INFO [main] org.apache.catalina.core.ApplicationContext.log ContextListener: contextDestroyed()
11-Sep-2024 07:37:28.941 INFO [main] org.apache.catalina.core.ApplicationContext.log ContextListener: contextInitialized()
11-Sep-2024 07:37:28.942 INFO [main] org.apache.catalina.core.ApplicationContext.log SessionListener: contextInitialized()
11-Sep-2024 07:37:28.942 INFO [main] org.apache.catalina.core.ApplicationContext.log ContextListener: attributeAdded('StockTicker', 'async.Stockticker@4a5905d9')
11-Sep-2024 07:37:33.243 INFO [main] org.apache.catalina.core.ApplicationContext.log ContextListener: contextInitialized()
11-Sep-2024 07:37:33.243 INFO [main] org.apache.catalina.core.ApplicationContext.log SessionListener: contextInitialized()
11-Sep-2024 07:37:33.243 INFO [main] org.apache.catalina.core.ApplicationContext.log ContextListener: attributeAdded('StockTicker', 'async.Stockticker@67c277a0')
11-Sep-2024 07:37:33.260 INFO [main] org.apache.catalina.core.ApplicationContext.log SessionListener: contextDestroyed()
11-Sep-2024 07:37:33.260 INFO [main] org.apache.catalina.core.ApplicationContext.log ContextListener: contextDestroyed()
11-Sep-2024 07:37:54.558 INFO [main] org.apache.catalina.core.ApplicationContext.log SessionListener: contextDestroyed()
11-Sep-2024 07:37:54.558 INFO [main] org.apache.catalina.core.ApplicationContext.log ContextListener: contextDestroyed()
