14-Sep-2024 12:47:07.430 INFO [main] org.apache.catalina.startup.VersionLoggerListener.log Server version name:   Apache Tomcat/9.0.93
14-Sep-2024 12:47:07.434 INFO [main] org.apache.catalina.startup.VersionLoggerListener.log Server built:          Aug 2 2024 21:24:59 UTC
14-Sep-2024 12:47:07.434 INFO [main] org.apache.catalina.startup.VersionLoggerListener.log Server version number: 9.0.93.0
14-Sep-2024 12:47:07.434 INFO [main] org.apache.catalina.startup.VersionLoggerListener.log OS Name:               Linux
14-Sep-2024 12:47:07.434 INFO [main] org.apache.catalina.startup.VersionLoggerListener.log OS Version:            6.8.0-40-generic
14-Sep-2024 12:47:07.434 INFO [main] org.apache.catalina.startup.VersionLoggerListener.log Architecture:          amd64
14-Sep-2024 12:47:07.434 INFO [main] org.apache.catalina.startup.VersionLoggerListener.log Java Home:             /usr/lib/jvm/java-21-openjdk-amd64
14-Sep-2024 12:47:07.434 INFO [main] org.apache.catalina.startup.VersionLoggerListener.log JVM Version:           21.0.4+7-Ubuntu-1ubuntu222.04
14-Sep-2024 12:47:07.434 INFO [main] org.apache.catalina.startup.VersionLoggerListener.log JVM Vendor:            Ubuntu
14-Sep-2024 12:47:07.434 INFO [main] org.apache.catalina.startup.VersionLoggerListener.log CATALINA_BASE:         /home/dik/Desktop/java/myREST
14-Sep-2024 12:47:07.435 INFO [main] org.apache.catalina.startup.VersionLoggerListener.log CATALINA_HOME:         /home/dik/Desktop/java/myREST/tomcat
14-Sep-2024 12:47:07.441 INFO [main] org.apache.catalina.startup.VersionLoggerListener.log Command line argument: --add-opens=java.base/java.lang=ALL-UNNAMED
14-Sep-2024 12:47:07.441 INFO [main] org.apache.catalina.startup.VersionLoggerListener.log Command line argument: --add-opens=java.base/java.io=ALL-UNNAMED
14-Sep-2024 12:47:07.441 INFO [main] org.apache.catalina.startup.VersionLoggerListener.log Command line argument: --add-opens=java.base/java.util=ALL-UNNAMED
14-Sep-2024 12:47:07.441 INFO [main] org.apache.catalina.startup.VersionLoggerListener.log Command line argument: --add-opens=java.base/java.util.concurrent=ALL-UNNAMED
14-Sep-2024 12:47:07.441 INFO [main] org.apache.catalina.startup.VersionLoggerListener.log Command line argument: --add-opens=java.rmi/sun.rmi.transport=ALL-UNNAMED
14-Sep-2024 12:47:07.441 INFO [main] org.apache.catalina.startup.VersionLoggerListener.log Command line argument: -Dcatalina.home=/home/dik/Desktop/java/myREST/tomcat
14-Sep-2024 12:47:07.441 INFO [main] org.apache.catalina.startup.VersionLoggerListener.log Command line argument: -Dcatalina.base=/home/dik/Desktop/java/myREST
14-Sep-2024 12:47:07.441 INFO [main] org.apache.catalina.startup.VersionLoggerListener.log Command line argument: -Djava.io.tmpdir=/home/dik/Desktop/java/myREST/temp
14-Sep-2024 12:47:07.441 INFO [main] org.apache.catalina.startup.VersionLoggerListener.log Command line argument: -Djava.util.logging.config.file=/home/dik/Desktop/java/myREST/conf/logging.properties
14-Sep-2024 12:47:07.441 INFO [main] org.apache.catalina.startup.VersionLoggerListener.log Command line argument: -Djava.util.logging.manager=org.apache.juli.ClassLoaderLogManager
14-Sep-2024 12:47:07.442 INFO [main] org.apache.catalina.startup.VersionLoggerListener.log Command line argument: -javaagent:/home/dik/Desktop/idea-IC-241.18034.62/lib/idea_rt.jar=41083:/home/dik/Desktop/idea-IC-241.18034.62/bin
14-Sep-2024 12:47:07.442 INFO [main] org.apache.catalina.startup.VersionLoggerListener.log Command line argument: -Dfile.encoding=UTF-8
14-Sep-2024 12:47:07.442 INFO [main] org.apache.catalina.startup.VersionLoggerListener.log Command line argument: -Dsun.stdout.encoding=UTF-8
14-Sep-2024 12:47:07.442 INFO [main] org.apache.catalina.startup.VersionLoggerListener.log Command line argument: -Dsun.stderr.encoding=UTF-8
14-Sep-2024 12:47:07.443 INFO [main] org.apache.catalina.core.AprLifecycleListener.lifecycleEvent The Apache Tomcat Native library which allows using OpenSSL was not found on the java.library.path: [/usr/java/packages/lib:/usr/lib/x86_64-linux-gnu/jni:/lib/x86_64-linux-gnu:/usr/lib/x86_64-linux-gnu:/usr/lib/jni:/lib:/usr/lib]
14-Sep-2024 12:47:07.823 INFO [main] org.apache.coyote.AbstractProtocol.init Initializing ProtocolHandler ["http-nio-8080"]
14-Sep-2024 12:47:07.840 INFO [main] org.apache.catalina.startup.Catalina.load Server initialization in [618] milliseconds
14-Sep-2024 12:47:07.875 INFO [main] org.apache.catalina.core.StandardService.startInternal Starting service [Catalina]
14-Sep-2024 12:47:07.875 INFO [main] org.apache.catalina.core.StandardEngine.startInternal Starting Servlet engine: [Apache Tomcat/9.0.93]
14-Sep-2024 12:47:07.882 INFO [main] org.apache.catalina.startup.HostConfig.deployDescriptor Deploying deployment descriptor [/home/dik/Desktop/java/myREST/conf/Catalina/localhost/myREST.xml]
14-Sep-2024 12:47:08.647 INFO [main] org.apache.jasper.servlet.TldScanner.scanJars At least one JAR was scanned for TLDs yet contained no TLDs. Enable debug logging for this logger for a complete list of JARs that were scanned but no TLDs were found in them. Skipping unneeded JARs during scanning can improve startup time and JSP compilation time.
14-Sep-2024 12:47:08.719 INFO [main] org.apache.catalina.startup.HostConfig.deployDescriptor Deployment of deployment descriptor [/home/dik/Desktop/java/myREST/conf/Catalina/localhost/myREST.xml] has finished in [836] ms
14-Sep-2024 12:47:08.722 INFO [main] org.apache.coyote.AbstractProtocol.start Starting ProtocolHandler ["http-nio-8080"]
14-Sep-2024 12:47:08.729 INFO [main] org.apache.catalina.startup.Catalina.start Server startup in [887] milliseconds
14-Sep-2024 12:48:14.297 INFO [Thread-1] org.apache.coyote.AbstractProtocol.pause Pausing ProtocolHandler ["http-nio-8080"]
14-Sep-2024 12:48:14.299 INFO [Thread-1] org.apache.catalina.core.StandardService.stopInternal Stopping service [Catalina]
14-Sep-2024 12:48:14.315 INFO [Thread-1] org.apache.coyote.AbstractProtocol.stop Stopping ProtocolHandler ["http-nio-8080"]
14-Sep-2024 12:48:14.322 INFO [Thread-1] org.apache.coyote.AbstractProtocol.destroy Destroying ProtocolHandler ["http-nio-8080"]
14-Sep-2024 12:48:19.377 INFO [main] org.apache.catalina.startup.VersionLoggerListener.log Server version name:   Apache Tomcat/9.0.93
14-Sep-2024 12:48:19.380 INFO [main] org.apache.catalina.startup.VersionLoggerListener.log Server built:          Aug 2 2024 21:24:59 UTC
14-Sep-2024 12:48:19.381 INFO [main] org.apache.catalina.startup.VersionLoggerListener.log Server version number: 9.0.93.0
14-Sep-2024 12:48:19.381 INFO [main] org.apache.catalina.startup.VersionLoggerListener.log OS Name:               Linux
14-Sep-2024 12:48:19.381 INFO [main] org.apache.catalina.startup.VersionLoggerListener.log OS Version:            6.8.0-40-generic
14-Sep-2024 12:48:19.381 INFO [main] org.apache.catalina.startup.VersionLoggerListener.log Architecture:          amd64
14-Sep-2024 12:48:19.381 INFO [main] org.apache.catalina.startup.VersionLoggerListener.log Java Home:             /usr/lib/jvm/java-21-openjdk-amd64
14-Sep-2024 12:48:19.381 INFO [main] org.apache.catalina.startup.VersionLoggerListener.log JVM Version:           21.0.4+7-Ubuntu-1ubuntu222.04
14-Sep-2024 12:48:19.381 INFO [main] org.apache.catalina.startup.VersionLoggerListener.log JVM Vendor:            Ubuntu
14-Sep-2024 12:48:19.381 INFO [main] org.apache.catalina.startup.VersionLoggerListener.log CATALINA_BASE:         /home/dik/Desktop/java/myREST
14-Sep-2024 12:48:19.381 INFO [main] org.apache.catalina.startup.VersionLoggerListener.log CATALINA_HOME:         /home/dik/Desktop/java/myREST/tomcat
14-Sep-2024 12:48:19.388 INFO [main] org.apache.catalina.startup.VersionLoggerListener.log Command line argument: --add-opens=java.base/java.lang=ALL-UNNAMED
14-Sep-2024 12:48:19.388 INFO [main] org.apache.catalina.startup.VersionLoggerListener.log Command line argument: --add-opens=java.base/java.io=ALL-UNNAMED
14-Sep-2024 12:48:19.388 INFO [main] org.apache.catalina.startup.VersionLoggerListener.log Command line argument: --add-opens=java.base/java.util=ALL-UNNAMED
14-Sep-2024 12:48:19.388 INFO [main] org.apache.catalina.startup.VersionLoggerListener.log Command line argument: --add-opens=java.base/java.util.concurrent=ALL-UNNAMED
14-Sep-2024 12:48:19.388 INFO [main] org.apache.catalina.startup.VersionLoggerListener.log Command line argument: --add-opens=java.rmi/sun.rmi.transport=ALL-UNNAMED
14-Sep-2024 12:48:19.388 INFO [main] org.apache.catalina.startup.VersionLoggerListener.log Command line argument: -Dcatalina.home=/home/dik/Desktop/java/myREST/tomcat
14-Sep-2024 12:48:19.388 INFO [main] org.apache.catalina.startup.VersionLoggerListener.log Command line argument: -Dcatalina.base=/home/dik/Desktop/java/myREST
14-Sep-2024 12:48:19.388 INFO [main] org.apache.catalina.startup.VersionLoggerListener.log Command line argument: -Djava.io.tmpdir=/home/dik/Desktop/java/myREST/temp
14-Sep-2024 12:48:19.389 INFO [main] org.apache.catalina.startup.VersionLoggerListener.log Command line argument: -Djava.util.logging.config.file=/home/dik/Desktop/java/myREST/conf/logging.properties
14-Sep-2024 12:48:19.389 INFO [main] org.apache.catalina.startup.VersionLoggerListener.log Command line argument: -Djava.util.logging.manager=org.apache.juli.ClassLoaderLogManager
14-Sep-2024 12:48:19.389 INFO [main] org.apache.catalina.startup.VersionLoggerListener.log Command line argument: -javaagent:/home/dik/Desktop/idea-IC-241.18034.62/lib/idea_rt.jar=44297:/home/dik/Desktop/idea-IC-241.18034.62/bin
14-Sep-2024 12:48:19.389 INFO [main] org.apache.catalina.startup.VersionLoggerListener.log Command line argument: -Dfile.encoding=UTF-8
14-Sep-2024 12:48:19.389 INFO [main] org.apache.catalina.startup.VersionLoggerListener.log Command line argument: -Dsun.stdout.encoding=UTF-8
14-Sep-2024 12:48:19.389 INFO [main] org.apache.catalina.startup.VersionLoggerListener.log Command line argument: -Dsun.stderr.encoding=UTF-8
14-Sep-2024 12:48:19.391 INFO [main] org.apache.catalina.core.AprLifecycleListener.lifecycleEvent The Apache Tomcat Native library which allows using OpenSSL was not found on the java.library.path: [/usr/java/packages/lib:/usr/lib/x86_64-linux-gnu/jni:/lib/x86_64-linux-gnu:/usr/lib/x86_64-linux-gnu:/usr/lib/jni:/lib:/usr/lib]
14-Sep-2024 12:48:19.772 INFO [main] org.apache.coyote.AbstractProtocol.init Initializing ProtocolHandler ["http-nio-8080"]
14-Sep-2024 12:48:19.790 INFO [main] org.apache.catalina.startup.Catalina.load Server initialization in [612] milliseconds
14-Sep-2024 12:48:19.826 INFO [main] org.apache.catalina.core.StandardService.startInternal Starting service [Catalina]
14-Sep-2024 12:48:19.827 INFO [main] org.apache.catalina.core.StandardEngine.startInternal Starting Servlet engine: [Apache Tomcat/9.0.93]
14-Sep-2024 12:48:19.833 INFO [main] org.apache.catalina.startup.HostConfig.deployDescriptor Deploying deployment descriptor [/home/dik/Desktop/java/myREST/conf/Catalina/localhost/myREST.xml]
14-Sep-2024 12:48:20.596 INFO [main] org.apache.jasper.servlet.TldScanner.scanJars At least one JAR was scanned for TLDs yet contained no TLDs. Enable debug logging for this logger for a complete list of JARs that were scanned but no TLDs were found in them. Skipping unneeded JARs during scanning can improve startup time and JSP compilation time.
14-Sep-2024 12:48:20.671 INFO [main] org.apache.catalina.startup.HostConfig.deployDescriptor Deployment of deployment descriptor [/home/dik/Desktop/java/myREST/conf/Catalina/localhost/myREST.xml] has finished in [838] ms
14-Sep-2024 12:48:20.674 INFO [main] org.apache.coyote.AbstractProtocol.start Starting ProtocolHandler ["http-nio-8080"]
14-Sep-2024 12:48:20.682 INFO [main] org.apache.catalina.startup.Catalina.start Server startup in [889] milliseconds
14-Sep-2024 12:49:13.235 INFO [Thread-1] org.apache.coyote.AbstractProtocol.pause Pausing ProtocolHandler ["http-nio-8080"]
14-Sep-2024 12:49:13.241 INFO [Thread-1] org.apache.catalina.core.StandardService.stopInternal Stopping service [Catalina]
14-Sep-2024 12:49:13.249 WARNING [Thread-1] org.apache.catalina.loader.WebappClassLoaderBase.clearReferencesJdbc The web application [myREST] registered the JDBC driver [org.postgresql.Driver] but failed to unregister it when the web application was stopped. To prevent a memory leak, the JDBC Driver has been forcibly unregistered.
14-Sep-2024 12:49:13.256 INFO [Thread-1] org.apache.coyote.AbstractProtocol.stop Stopping ProtocolHandler ["http-nio-8080"]
14-Sep-2024 12:49:13.262 INFO [Thread-1] org.apache.coyote.AbstractProtocol.destroy Destroying ProtocolHandler ["http-nio-8080"]
14-Sep-2024 12:49:18.079 INFO [main] org.apache.catalina.startup.VersionLoggerListener.log Server version name:   Apache Tomcat/9.0.93
14-Sep-2024 12:49:18.082 INFO [main] org.apache.catalina.startup.VersionLoggerListener.log Server built:          Aug 2 2024 21:24:59 UTC
14-Sep-2024 12:49:18.082 INFO [main] org.apache.catalina.startup.VersionLoggerListener.log Server version number: 9.0.93.0
14-Sep-2024 12:49:18.082 INFO [main] org.apache.catalina.startup.VersionLoggerListener.log OS Name:               Linux
14-Sep-2024 12:49:18.082 INFO [main] org.apache.catalina.startup.VersionLoggerListener.log OS Version:            6.8.0-40-generic
14-Sep-2024 12:49:18.083 INFO [main] org.apache.catalina.startup.VersionLoggerListener.log Architecture:          amd64
14-Sep-2024 12:49:18.083 INFO [main] org.apache.catalina.startup.VersionLoggerListener.log Java Home:             /usr/lib/jvm/java-21-openjdk-amd64
14-Sep-2024 12:49:18.083 INFO [main] org.apache.catalina.startup.VersionLoggerListener.log JVM Version:           21.0.4+7-Ubuntu-1ubuntu222.04
14-Sep-2024 12:49:18.083 INFO [main] org.apache.catalina.startup.VersionLoggerListener.log JVM Vendor:            Ubuntu
14-Sep-2024 12:49:18.083 INFO [main] org.apache.catalina.startup.VersionLoggerListener.log CATALINA_BASE:         /home/dik/Desktop/java/myREST
14-Sep-2024 12:49:18.083 INFO [main] org.apache.catalina.startup.VersionLoggerListener.log CATALINA_HOME:         /home/dik/Desktop/java/myREST/tomcat
14-Sep-2024 12:49:18.089 INFO [main] org.apache.catalina.startup.VersionLoggerListener.log Command line argument: --add-opens=java.base/java.lang=ALL-UNNAMED
14-Sep-2024 12:49:18.090 INFO [main] org.apache.catalina.startup.VersionLoggerListener.log Command line argument: --add-opens=java.base/java.io=ALL-UNNAMED
14-Sep-2024 12:49:18.090 INFO [main] org.apache.catalina.startup.VersionLoggerListener.log Command line argument: --add-opens=java.base/java.util=ALL-UNNAMED
14-Sep-2024 12:49:18.090 INFO [main] org.apache.catalina.startup.VersionLoggerListener.log Command line argument: --add-opens=java.base/java.util.concurrent=ALL-UNNAMED
14-Sep-2024 12:49:18.090 INFO [main] org.apache.catalina.startup.VersionLoggerListener.log Command line argument: --add-opens=java.rmi/sun.rmi.transport=ALL-UNNAMED
14-Sep-2024 12:49:18.090 INFO [main] org.apache.catalina.startup.VersionLoggerListener.log Command line argument: -Dcatalina.home=/home/dik/Desktop/java/myREST/tomcat
14-Sep-2024 12:49:18.090 INFO [main] org.apache.catalina.startup.VersionLoggerListener.log Command line argument: -Dcatalina.base=/home/dik/Desktop/java/myREST
14-Sep-2024 12:49:18.090 INFO [main] org.apache.catalina.startup.VersionLoggerListener.log Command line argument: -Djava.io.tmpdir=/home/dik/Desktop/java/myREST/temp
14-Sep-2024 12:49:18.090 INFO [main] org.apache.catalina.startup.VersionLoggerListener.log Command line argument: -Djava.util.logging.config.file=/home/dik/Desktop/java/myREST/conf/logging.properties
14-Sep-2024 12:49:18.090 INFO [main] org.apache.catalina.startup.VersionLoggerListener.log Command line argument: -Djava.util.logging.manager=org.apache.juli.ClassLoaderLogManager
14-Sep-2024 12:49:18.090 INFO [main] org.apache.catalina.startup.VersionLoggerListener.log Command line argument: -javaagent:/home/dik/Desktop/idea-IC-241.18034.62/lib/idea_rt.jar=43775:/home/dik/Desktop/idea-IC-241.18034.62/bin
14-Sep-2024 12:49:18.090 INFO [main] org.apache.catalina.startup.VersionLoggerListener.log Command line argument: -Dfile.encoding=UTF-8
14-Sep-2024 12:49:18.090 INFO [main] org.apache.catalina.startup.VersionLoggerListener.log Command line argument: -Dsun.stdout.encoding=UTF-8
14-Sep-2024 12:49:18.091 INFO [main] org.apache.catalina.startup.VersionLoggerListener.log Command line argument: -Dsun.stderr.encoding=UTF-8
14-Sep-2024 12:49:18.092 INFO [main] org.apache.catalina.core.AprLifecycleListener.lifecycleEvent The Apache Tomcat Native library which allows using OpenSSL was not found on the java.library.path: [/usr/java/packages/lib:/usr/lib/x86_64-linux-gnu/jni:/lib/x86_64-linux-gnu:/usr/lib/x86_64-linux-gnu:/usr/lib/jni:/lib:/usr/lib]
14-Sep-2024 12:49:18.353 INFO [main] org.apache.coyote.AbstractProtocol.init Initializing ProtocolHandler ["http-nio-8080"]
14-Sep-2024 12:49:18.369 INFO [main] org.apache.catalina.startup.Catalina.load Server initialization in [418] milliseconds
14-Sep-2024 12:49:18.398 INFO [main] org.apache.catalina.core.StandardService.startInternal Starting service [Catalina]
14-Sep-2024 12:49:18.399 INFO [main] org.apache.catalina.core.StandardEngine.startInternal Starting Servlet engine: [Apache Tomcat/9.0.93]
14-Sep-2024 12:49:18.405 INFO [main] org.apache.catalina.startup.HostConfig.deployDescriptor Deploying deployment descriptor [/home/dik/Desktop/java/myREST/conf/Catalina/localhost/myREST.xml]
14-Sep-2024 12:49:19.042 INFO [main] org.apache.jasper.servlet.TldScanner.scanJars At least one JAR was scanned for TLDs yet contained no TLDs. Enable debug logging for this logger for a complete list of JARs that were scanned but no TLDs were found in them. Skipping unneeded JARs during scanning can improve startup time and JSP compilation time.
14-Sep-2024 12:49:19.099 INFO [main] org.apache.catalina.startup.HostConfig.deployDescriptor Deployment of deployment descriptor [/home/dik/Desktop/java/myREST/conf/Catalina/localhost/myREST.xml] has finished in [694] ms
14-Sep-2024 12:49:19.101 INFO [main] org.apache.coyote.AbstractProtocol.start Starting ProtocolHandler ["http-nio-8080"]
14-Sep-2024 12:49:19.108 INFO [main] org.apache.catalina.startup.Catalina.start Server startup in [737] milliseconds
14-Sep-2024 12:51:35.055 INFO [Thread-1] org.apache.coyote.AbstractProtocol.pause Pausing ProtocolHandler ["http-nio-8080"]
14-Sep-2024 12:51:35.056 INFO [Thread-1] org.apache.catalina.core.StandardService.stopInternal Stopping service [Catalina]
14-Sep-2024 12:51:35.071 WARNING [Thread-1] org.apache.catalina.loader.WebappClassLoaderBase.clearReferencesJdbc The web application [myREST] registered the JDBC driver [org.postgresql.Driver] but failed to unregister it when the web application was stopped. To prevent a memory leak, the JDBC Driver has been forcibly unregistered.
14-Sep-2024 12:51:35.078 INFO [Thread-1] org.apache.coyote.AbstractProtocol.stop Stopping ProtocolHandler ["http-nio-8080"]
14-Sep-2024 12:51:35.089 INFO [Thread-1] org.apache.coyote.AbstractProtocol.destroy Destroying ProtocolHandler ["http-nio-8080"]
14-Sep-2024 12:51:39.969 INFO [main] org.apache.catalina.startup.VersionLoggerListener.log Server version name:   Apache Tomcat/9.0.93
14-Sep-2024 12:51:39.973 INFO [main] org.apache.catalina.startup.VersionLoggerListener.log Server built:          Aug 2 2024 21:24:59 UTC
14-Sep-2024 12:51:39.973 INFO [main] org.apache.catalina.startup.VersionLoggerListener.log Server version number: 9.0.93.0
14-Sep-2024 12:51:39.973 INFO [main] org.apache.catalina.startup.VersionLoggerListener.log OS Name:               Linux
14-Sep-2024 12:51:39.973 INFO [main] org.apache.catalina.startup.VersionLoggerListener.log OS Version:            6.8.0-40-generic
14-Sep-2024 12:51:39.973 INFO [main] org.apache.catalina.startup.VersionLoggerListener.log Architecture:          amd64
14-Sep-2024 12:51:39.973 INFO [main] org.apache.catalina.startup.VersionLoggerListener.log Java Home:             /usr/lib/jvm/java-21-openjdk-amd64
14-Sep-2024 12:51:39.973 INFO [main] org.apache.catalina.startup.VersionLoggerListener.log JVM Version:           21.0.4+7-Ubuntu-1ubuntu222.04
14-Sep-2024 12:51:39.973 INFO [main] org.apache.catalina.startup.VersionLoggerListener.log JVM Vendor:            Ubuntu
14-Sep-2024 12:51:39.973 INFO [main] org.apache.catalina.startup.VersionLoggerListener.log CATALINA_BASE:         /home/dik/Desktop/java/myREST
14-Sep-2024 12:51:39.974 INFO [main] org.apache.catalina.startup.VersionLoggerListener.log CATALINA_HOME:         /home/dik/Desktop/java/myREST/tomcat
14-Sep-2024 12:51:39.979 INFO [main] org.apache.catalina.startup.VersionLoggerListener.log Command line argument: --add-opens=java.base/java.lang=ALL-UNNAMED
14-Sep-2024 12:51:39.980 INFO [main] org.apache.catalina.startup.VersionLoggerListener.log Command line argument: --add-opens=java.base/java.io=ALL-UNNAMED
14-Sep-2024 12:51:39.980 INFO [main] org.apache.catalina.startup.VersionLoggerListener.log Command line argument: --add-opens=java.base/java.util=ALL-UNNAMED
14-Sep-2024 12:51:39.980 INFO [main] org.apache.catalina.startup.VersionLoggerListener.log Command line argument: --add-opens=java.base/java.util.concurrent=ALL-UNNAMED
14-Sep-2024 12:51:39.980 INFO [main] org.apache.catalina.startup.VersionLoggerListener.log Command line argument: --add-opens=java.rmi/sun.rmi.transport=ALL-UNNAMED
14-Sep-2024 12:51:39.980 INFO [main] org.apache.catalina.startup.VersionLoggerListener.log Command line argument: -Dcatalina.home=/home/dik/Desktop/java/myREST/tomcat
14-Sep-2024 12:51:39.980 INFO [main] org.apache.catalina.startup.VersionLoggerListener.log Command line argument: -Dcatalina.base=/home/dik/Desktop/java/myREST
14-Sep-2024 12:51:39.980 INFO [main] org.apache.catalina.startup.VersionLoggerListener.log Command line argument: -Djava.io.tmpdir=/home/dik/Desktop/java/myREST/temp
14-Sep-2024 12:51:39.980 INFO [main] org.apache.catalina.startup.VersionLoggerListener.log Command line argument: -Djava.util.logging.config.file=/home/dik/Desktop/java/myREST/conf/logging.properties
14-Sep-2024 12:51:39.980 INFO [main] org.apache.catalina.startup.VersionLoggerListener.log Command line argument: -Djava.util.logging.manager=org.apache.juli.ClassLoaderLogManager
14-Sep-2024 12:51:39.980 INFO [main] org.apache.catalina.startup.VersionLoggerListener.log Command line argument: -javaagent:/home/dik/Desktop/idea-IC-241.18034.62/lib/idea_rt.jar=41315:/home/dik/Desktop/idea-IC-241.18034.62/bin
14-Sep-2024 12:51:39.981 INFO [main] org.apache.catalina.startup.VersionLoggerListener.log Command line argument: -Dfile.encoding=UTF-8
14-Sep-2024 12:51:39.981 INFO [main] org.apache.catalina.startup.VersionLoggerListener.log Command line argument: -Dsun.stdout.encoding=UTF-8
14-Sep-2024 12:51:39.981 INFO [main] org.apache.catalina.startup.VersionLoggerListener.log Command line argument: -Dsun.stderr.encoding=UTF-8
14-Sep-2024 12:51:39.982 INFO [main] org.apache.catalina.core.AprLifecycleListener.lifecycleEvent The Apache Tomcat Native library which allows using OpenSSL was not found on the java.library.path: [/usr/java/packages/lib:/usr/lib/x86_64-linux-gnu/jni:/lib/x86_64-linux-gnu:/usr/lib/x86_64-linux-gnu:/usr/lib/jni:/lib:/usr/lib]
14-Sep-2024 12:51:40.290 INFO [main] org.apache.coyote.AbstractProtocol.init Initializing ProtocolHandler ["http-nio-8080"]
14-Sep-2024 12:51:40.309 INFO [main] org.apache.catalina.startup.Catalina.load Server initialization in [497] milliseconds
14-Sep-2024 12:51:40.346 INFO [main] org.apache.catalina.core.StandardService.startInternal Starting service [Catalina]
14-Sep-2024 12:51:40.346 INFO [main] org.apache.catalina.core.StandardEngine.startInternal Starting Servlet engine: [Apache Tomcat/9.0.93]
14-Sep-2024 12:51:40.352 INFO [main] org.apache.catalina.startup.HostConfig.deployDescriptor Deploying deployment descriptor [/home/dik/Desktop/java/myREST/conf/Catalina/localhost/myREST.xml]
14-Sep-2024 12:51:41.083 INFO [main] org.apache.jasper.servlet.TldScanner.scanJars At least one JAR was scanned for TLDs yet contained no TLDs. Enable debug logging for this logger for a complete list of JARs that were scanned but no TLDs were found in them. Skipping unneeded JARs during scanning can improve startup time and JSP compilation time.
14-Sep-2024 12:51:41.144 INFO [main] org.apache.catalina.startup.HostConfig.deployDescriptor Deployment of deployment descriptor [/home/dik/Desktop/java/myREST/conf/Catalina/localhost/myREST.xml] has finished in [791] ms
14-Sep-2024 12:51:41.146 INFO [main] org.apache.coyote.AbstractProtocol.start Starting ProtocolHandler ["http-nio-8080"]
14-Sep-2024 12:51:41.153 INFO [main] org.apache.catalina.startup.Catalina.start Server startup in [842] milliseconds
14-Sep-2024 12:52:01.828 INFO [Thread-1] org.apache.coyote.AbstractProtocol.pause Pausing ProtocolHandler ["http-nio-8080"]
14-Sep-2024 12:52:01.829 INFO [Thread-1] org.apache.catalina.core.StandardService.stopInternal Stopping service [Catalina]
14-Sep-2024 12:52:01.840 WARNING [Thread-1] org.apache.catalina.loader.WebappClassLoaderBase.clearReferencesJdbc The web application [myREST] registered the JDBC driver [org.postgresql.Driver] but failed to unregister it when the web application was stopped. To prevent a memory leak, the JDBC Driver has been forcibly unregistered.
14-Sep-2024 12:52:01.846 INFO [Thread-1] org.apache.coyote.AbstractProtocol.stop Stopping ProtocolHandler ["http-nio-8080"]
14-Sep-2024 12:52:01.858 INFO [Thread-1] org.apache.coyote.AbstractProtocol.destroy Destroying ProtocolHandler ["http-nio-8080"]
14-Sep-2024 19:06:33.704 INFO [main] org.apache.catalina.startup.VersionLoggerListener.log Server version name:   Apache Tomcat/9.0.93
14-Sep-2024 19:06:33.707 INFO [main] org.apache.catalina.startup.VersionLoggerListener.log Server built:          Aug 2 2024 21:24:59 UTC
14-Sep-2024 19:06:33.708 INFO [main] org.apache.catalina.startup.VersionLoggerListener.log Server version number: 9.0.93.0
14-Sep-2024 19:06:33.708 INFO [main] org.apache.catalina.startup.VersionLoggerListener.log OS Name:               Linux
14-Sep-2024 19:06:33.708 INFO [main] org.apache.catalina.startup.VersionLoggerListener.log OS Version:            6.8.0-40-generic
14-Sep-2024 19:06:33.708 INFO [main] org.apache.catalina.startup.VersionLoggerListener.log Architecture:          amd64
14-Sep-2024 19:06:33.708 INFO [main] org.apache.catalina.startup.VersionLoggerListener.log Java Home:             /usr/lib/jvm/java-21-openjdk-amd64
14-Sep-2024 19:06:33.708 INFO [main] org.apache.catalina.startup.VersionLoggerListener.log JVM Version:           21.0.4+7-Ubuntu-1ubuntu222.04
14-Sep-2024 19:06:33.709 INFO [main] org.apache.catalina.startup.VersionLoggerListener.log JVM Vendor:            Ubuntu
14-Sep-2024 19:06:33.709 INFO [main] org.apache.catalina.startup.VersionLoggerListener.log CATALINA_BASE:         /home/dik/Desktop/java/myREST
14-Sep-2024 19:06:33.709 INFO [main] org.apache.catalina.startup.VersionLoggerListener.log CATALINA_HOME:         /home/dik/Desktop/java/myREST/tomcat
14-Sep-2024 19:06:33.715 INFO [main] org.apache.catalina.startup.VersionLoggerListener.log Command line argument: --add-opens=java.base/java.lang=ALL-UNNAMED
14-Sep-2024 19:06:33.715 INFO [main] org.apache.catalina.startup.VersionLoggerListener.log Command line argument: --add-opens=java.base/java.io=ALL-UNNAMED
14-Sep-2024 19:06:33.716 INFO [main] org.apache.catalina.startup.VersionLoggerListener.log Command line argument: --add-opens=java.base/java.util=ALL-UNNAMED
14-Sep-2024 19:06:33.716 INFO [main] org.apache.catalina.startup.VersionLoggerListener.log Command line argument: --add-opens=java.base/java.util.concurrent=ALL-UNNAMED
14-Sep-2024 19:06:33.716 INFO [main] org.apache.catalina.startup.VersionLoggerListener.log Command line argument: --add-opens=java.rmi/sun.rmi.transport=ALL-UNNAMED
14-Sep-2024 19:06:33.716 INFO [main] org.apache.catalina.startup.VersionLoggerListener.log Command line argument: -Dcatalina.home=/home/dik/Desktop/java/myREST/tomcat
14-Sep-2024 19:06:33.716 INFO [main] org.apache.catalina.startup.VersionLoggerListener.log Command line argument: -Dcatalina.base=/home/dik/Desktop/java/myREST
14-Sep-2024 19:06:33.716 INFO [main] org.apache.catalina.startup.VersionLoggerListener.log Command line argument: -Djava.io.tmpdir=/home/dik/Desktop/java/myREST/temp
14-Sep-2024 19:06:33.716 INFO [main] org.apache.catalina.startup.VersionLoggerListener.log Command line argument: -Djava.util.logging.config.file=/home/dik/Desktop/java/myREST/conf/logging.properties
14-Sep-2024 19:06:33.716 INFO [main] org.apache.catalina.startup.VersionLoggerListener.log Command line argument: -Djava.util.logging.manager=org.apache.juli.ClassLoaderLogManager
14-Sep-2024 19:06:33.716 INFO [main] org.apache.catalina.startup.VersionLoggerListener.log Command line argument: -javaagent:/home/dik/Desktop/idea-IC-241.18034.62/lib/idea_rt.jar=43693:/home/dik/Desktop/idea-IC-241.18034.62/bin
14-Sep-2024 19:06:33.717 INFO [main] org.apache.catalina.startup.VersionLoggerListener.log Command line argument: -Dfile.encoding=UTF-8
14-Sep-2024 19:06:33.717 INFO [main] org.apache.catalina.startup.VersionLoggerListener.log Command line argument: -Dsun.stdout.encoding=UTF-8
14-Sep-2024 19:06:33.717 INFO [main] org.apache.catalina.startup.VersionLoggerListener.log Command line argument: -Dsun.stderr.encoding=UTF-8
14-Sep-2024 19:06:33.720 INFO [main] org.apache.catalina.core.AprLifecycleListener.lifecycleEvent The Apache Tomcat Native library which allows using OpenSSL was not found on the java.library.path: [/usr/java/packages/lib:/usr/lib/x86_64-linux-gnu/jni:/lib/x86_64-linux-gnu:/usr/lib/x86_64-linux-gnu:/usr/lib/jni:/lib:/usr/lib]
14-Sep-2024 19:06:34.092 INFO [main] org.apache.coyote.AbstractProtocol.init Initializing ProtocolHandler ["http-nio-8080"]
14-Sep-2024 19:06:34.109 INFO [main] org.apache.catalina.startup.Catalina.load Server initialization in [661] milliseconds
14-Sep-2024 19:06:34.146 INFO [main] org.apache.catalina.core.StandardService.startInternal Starting service [Catalina]
14-Sep-2024 19:06:34.146 INFO [main] org.apache.catalina.core.StandardEngine.startInternal Starting Servlet engine: [Apache Tomcat/9.0.93]
14-Sep-2024 19:06:34.152 INFO [main] org.apache.catalina.startup.HostConfig.deployDescriptor Deploying deployment descriptor [/home/dik/Desktop/java/myREST/conf/Catalina/localhost/myREST.xml]
14-Sep-2024 19:06:35.279 INFO [main] org.apache.jasper.servlet.TldScanner.scanJars At least one JAR was scanned for TLDs yet contained no TLDs. Enable debug logging for this logger for a complete list of JARs that were scanned but no TLDs were found in them. Skipping unneeded JARs during scanning can improve startup time and JSP compilation time.
14-Sep-2024 19:06:35.348 INFO [main] org.apache.catalina.startup.HostConfig.deployDescriptor Deployment of deployment descriptor [/home/dik/Desktop/java/myREST/conf/Catalina/localhost/myREST.xml] has finished in [1,195] ms
14-Sep-2024 19:06:35.351 INFO [main] org.apache.coyote.AbstractProtocol.start Starting ProtocolHandler ["http-nio-8080"]
14-Sep-2024 19:06:35.359 INFO [main] org.apache.catalina.startup.Catalina.start Server startup in [1248] milliseconds
14-Sep-2024 19:07:28.446 INFO [Thread-1] org.apache.coyote.AbstractProtocol.pause Pausing ProtocolHandler ["http-nio-8080"]
14-Sep-2024 19:07:28.447 INFO [Thread-1] org.apache.catalina.core.StandardService.stopInternal Stopping service [Catalina]
14-Sep-2024 19:07:28.457 WARNING [Thread-1] org.apache.catalina.loader.WebappClassLoaderBase.clearReferencesJdbc The web application [myREST] registered the JDBC driver [org.postgresql.Driver] but failed to unregister it when the web application was stopped. To prevent a memory leak, the JDBC Driver has been forcibly unregistered.
14-Sep-2024 19:07:28.465 INFO [Thread-1] org.apache.coyote.AbstractProtocol.stop Stopping ProtocolHandler ["http-nio-8080"]
14-Sep-2024 19:08:11.900 INFO [main] org.apache.catalina.startup.VersionLoggerListener.log Server version name:   Apache Tomcat/9.0.93
14-Sep-2024 19:08:11.903 INFO [main] org.apache.catalina.startup.VersionLoggerListener.log Server built:          Aug 2 2024 21:24:59 UTC
14-Sep-2024 19:08:11.903 INFO [main] org.apache.catalina.startup.VersionLoggerListener.log Server version number: 9.0.93.0
14-Sep-2024 19:08:11.903 INFO [main] org.apache.catalina.startup.VersionLoggerListener.log OS Name:               Linux
14-Sep-2024 19:08:11.903 INFO [main] org.apache.catalina.startup.VersionLoggerListener.log OS Version:            6.8.0-40-generic
14-Sep-2024 19:08:11.904 INFO [main] org.apache.catalina.startup.VersionLoggerListener.log Architecture:          amd64
14-Sep-2024 19:08:11.904 INFO [main] org.apache.catalina.startup.VersionLoggerListener.log Java Home:             /usr/lib/jvm/java-21-openjdk-amd64
14-Sep-2024 19:08:11.904 INFO [main] org.apache.catalina.startup.VersionLoggerListener.log JVM Version:           21.0.4+7-Ubuntu-1ubuntu222.04
14-Sep-2024 19:08:11.904 INFO [main] org.apache.catalina.startup.VersionLoggerListener.log JVM Vendor:            Ubuntu
14-Sep-2024 19:08:11.904 INFO [main] org.apache.catalina.startup.VersionLoggerListener.log CATALINA_BASE:         /home/dik/Desktop/java/myREST
14-Sep-2024 19:08:11.904 INFO [main] org.apache.catalina.startup.VersionLoggerListener.log CATALINA_HOME:         /home/dik/Desktop/java/myREST/tomcat
14-Sep-2024 19:08:11.910 INFO [main] org.apache.catalina.startup.VersionLoggerListener.log Command line argument: --add-opens=java.base/java.lang=ALL-UNNAMED
14-Sep-2024 19:08:11.911 INFO [main] org.apache.catalina.startup.VersionLoggerListener.log Command line argument: --add-opens=java.base/java.io=ALL-UNNAMED
14-Sep-2024 19:08:11.911 INFO [main] org.apache.catalina.startup.VersionLoggerListener.log Command line argument: --add-opens=java.base/java.util=ALL-UNNAMED
14-Sep-2024 19:08:11.911 INFO [main] org.apache.catalina.startup.VersionLoggerListener.log Command line argument: --add-opens=java.base/java.util.concurrent=ALL-UNNAMED
14-Sep-2024 19:08:11.911 INFO [main] org.apache.catalina.startup.VersionLoggerListener.log Command line argument: --add-opens=java.rmi/sun.rmi.transport=ALL-UNNAMED
14-Sep-2024 19:08:11.911 INFO [main] org.apache.catalina.startup.VersionLoggerListener.log Command line argument: -Dcatalina.home=/home/dik/Desktop/java/myREST/tomcat
14-Sep-2024 19:08:11.911 INFO [main] org.apache.catalina.startup.VersionLoggerListener.log Command line argument: -Dcatalina.base=/home/dik/Desktop/java/myREST
14-Sep-2024 19:08:11.911 INFO [main] org.apache.catalina.startup.VersionLoggerListener.log Command line argument: -Djava.io.tmpdir=/home/dik/Desktop/java/myREST/temp
14-Sep-2024 19:08:11.912 INFO [main] org.apache.catalina.startup.VersionLoggerListener.log Command line argument: -Djava.util.logging.config.file=/home/dik/Desktop/java/myREST/conf/logging.properties
14-Sep-2024 19:08:11.912 INFO [main] org.apache.catalina.startup.VersionLoggerListener.log Command line argument: -Djava.util.logging.manager=org.apache.juli.ClassLoaderLogManager
14-Sep-2024 19:08:11.912 INFO [main] org.apache.catalina.startup.VersionLoggerListener.log Command line argument: -javaagent:/home/dik/Desktop/idea-IC-241.18034.62/lib/idea_rt.jar=44715:/home/dik/Desktop/idea-IC-241.18034.62/bin
14-Sep-2024 19:08:11.912 INFO [main] org.apache.catalina.startup.VersionLoggerListener.log Command line argument: -Dfile.encoding=UTF-8
14-Sep-2024 19:08:11.912 INFO [main] org.apache.catalina.startup.VersionLoggerListener.log Command line argument: -Dsun.stdout.encoding=UTF-8
14-Sep-2024 19:08:11.912 INFO [main] org.apache.catalina.startup.VersionLoggerListener.log Command line argument: -Dsun.stderr.encoding=UTF-8
14-Sep-2024 19:08:11.914 INFO [main] org.apache.catalina.core.AprLifecycleListener.lifecycleEvent The Apache Tomcat Native library which allows using OpenSSL was not found on the java.library.path: [/usr/java/packages/lib:/usr/lib/x86_64-linux-gnu/jni:/lib/x86_64-linux-gnu:/usr/lib/x86_64-linux-gnu:/usr/lib/jni:/lib:/usr/lib]
14-Sep-2024 19:08:12.276 INFO [main] org.apache.coyote.AbstractProtocol.init Initializing ProtocolHandler ["http-nio-8080"]
14-Sep-2024 19:08:12.293 INFO [main] org.apache.catalina.startup.Catalina.load Server initialization in [584] milliseconds
14-Sep-2024 19:08:12.325 INFO [main] org.apache.catalina.core.StandardService.startInternal Starting service [Catalina]
14-Sep-2024 19:08:12.326 INFO [main] org.apache.catalina.core.StandardEngine.startInternal Starting Servlet engine: [Apache Tomcat/9.0.93]
14-Sep-2024 19:08:12.332 INFO [main] org.apache.catalina.startup.HostConfig.deployDescriptor Deploying deployment descriptor [/home/dik/Desktop/java/myREST/conf/Catalina/localhost/myREST.xml]
14-Sep-2024 19:08:13.413 INFO [main] org.apache.jasper.servlet.TldScanner.scanJars At least one JAR was scanned for TLDs yet contained no TLDs. Enable debug logging for this logger for a complete list of JARs that were scanned but no TLDs were found in them. Skipping unneeded JARs during scanning can improve startup time and JSP compilation time.
14-Sep-2024 19:08:13.480 INFO [main] org.apache.catalina.startup.HostConfig.deployDescriptor Deployment of deployment descriptor [/home/dik/Desktop/java/myREST/conf/Catalina/localhost/myREST.xml] has finished in [1,148] ms
14-Sep-2024 19:08:13.483 INFO [main] org.apache.coyote.AbstractProtocol.start Starting ProtocolHandler ["http-nio-8080"]
14-Sep-2024 19:08:13.492 INFO [main] org.apache.catalina.startup.Catalina.start Server startup in [1197] milliseconds
14-Sep-2024 19:32:55.505 INFO [Thread-1] org.apache.coyote.AbstractProtocol.pause Pausing ProtocolHandler ["http-nio-8080"]
14-Sep-2024 19:32:55.508 INFO [Thread-1] org.apache.catalina.core.StandardService.stopInternal Stopping service [Catalina]
14-Sep-2024 19:32:55.526 INFO [Thread-1] org.apache.coyote.AbstractProtocol.stop Stopping ProtocolHandler ["http-nio-8080"]
14-Sep-2024 19:32:55.531 INFO [Thread-1] org.apache.coyote.AbstractProtocol.destroy Destroying ProtocolHandler ["http-nio-8080"]
14-Sep-2024 19:33:00.727 INFO [main] org.apache.catalina.startup.VersionLoggerListener.log Server version name:   Apache Tomcat/9.0.93
14-Sep-2024 19:33:00.732 INFO [main] org.apache.catalina.startup.VersionLoggerListener.log Server built:          Aug 2 2024 21:24:59 UTC
14-Sep-2024 19:33:00.732 INFO [main] org.apache.catalina.startup.VersionLoggerListener.log Server version number: 9.0.93.0
14-Sep-2024 19:33:00.732 INFO [main] org.apache.catalina.startup.VersionLoggerListener.log OS Name:               Linux
14-Sep-2024 19:33:00.732 INFO [main] org.apache.catalina.startup.VersionLoggerListener.log OS Version:            6.8.0-40-generic
14-Sep-2024 19:33:00.733 INFO [main] org.apache.catalina.startup.VersionLoggerListener.log Architecture:          amd64
14-Sep-2024 19:33:00.733 INFO [main] org.apache.catalina.startup.VersionLoggerListener.log Java Home:             /usr/lib/jvm/java-21-openjdk-amd64
14-Sep-2024 19:33:00.733 INFO [main] org.apache.catalina.startup.VersionLoggerListener.log JVM Version:           21.0.4+7-Ubuntu-1ubuntu222.04
14-Sep-2024 19:33:00.733 INFO [main] org.apache.catalina.startup.VersionLoggerListener.log JVM Vendor:            Ubuntu
14-Sep-2024 19:33:00.733 INFO [main] org.apache.catalina.startup.VersionLoggerListener.log CATALINA_BASE:         /home/dik/Desktop/java/myREST
14-Sep-2024 19:33:00.734 INFO [main] org.apache.catalina.startup.VersionLoggerListener.log CATALINA_HOME:         /home/dik/Desktop/java/myREST/tomcat
14-Sep-2024 19:33:00.741 INFO [main] org.apache.catalina.startup.VersionLoggerListener.log Command line argument: --add-opens=java.base/java.lang=ALL-UNNAMED
14-Sep-2024 19:33:00.741 INFO [main] org.apache.catalina.startup.VersionLoggerListener.log Command line argument: --add-opens=java.base/java.io=ALL-UNNAMED
14-Sep-2024 19:33:00.741 INFO [main] org.apache.catalina.startup.VersionLoggerListener.log Command line argument: --add-opens=java.base/java.util=ALL-UNNAMED
14-Sep-2024 19:33:00.741 INFO [main] org.apache.catalina.startup.VersionLoggerListener.log Command line argument: --add-opens=java.base/java.util.concurrent=ALL-UNNAMED
14-Sep-2024 19:33:00.742 INFO [main] org.apache.catalina.startup.VersionLoggerListener.log Command line argument: --add-opens=java.rmi/sun.rmi.transport=ALL-UNNAMED
14-Sep-2024 19:33:00.742 INFO [main] org.apache.catalina.startup.VersionLoggerListener.log Command line argument: -Dcatalina.home=/home/dik/Desktop/java/myREST/tomcat
14-Sep-2024 19:33:00.742 INFO [main] org.apache.catalina.startup.VersionLoggerListener.log Command line argument: -Dcatalina.base=/home/dik/Desktop/java/myREST
14-Sep-2024 19:33:00.742 INFO [main] org.apache.catalina.startup.VersionLoggerListener.log Command line argument: -Djava.io.tmpdir=/home/dik/Desktop/java/myREST/temp
14-Sep-2024 19:33:00.742 INFO [main] org.apache.catalina.startup.VersionLoggerListener.log Command line argument: -Djava.util.logging.config.file=/home/dik/Desktop/java/myREST/conf/logging.properties
14-Sep-2024 19:33:00.742 INFO [main] org.apache.catalina.startup.VersionLoggerListener.log Command line argument: -Djava.util.logging.manager=org.apache.juli.ClassLoaderLogManager
14-Sep-2024 19:33:00.742 INFO [main] org.apache.catalina.startup.VersionLoggerListener.log Command line argument: -javaagent:/home/dik/Desktop/idea-IC-241.18034.62/lib/idea_rt.jar=36985:/home/dik/Desktop/idea-IC-241.18034.62/bin
14-Sep-2024 19:33:00.743 INFO [main] org.apache.catalina.startup.VersionLoggerListener.log Command line argument: -Dfile.encoding=UTF-8
14-Sep-2024 19:33:00.743 INFO [main] org.apache.catalina.startup.VersionLoggerListener.log Command line argument: -Dsun.stdout.encoding=UTF-8
14-Sep-2024 19:33:00.743 INFO [main] org.apache.catalina.startup.VersionLoggerListener.log Command line argument: -Dsun.stderr.encoding=UTF-8
14-Sep-2024 19:33:00.746 INFO [main] org.apache.catalina.core.AprLifecycleListener.lifecycleEvent The Apache Tomcat Native library which allows using OpenSSL was not found on the java.library.path: [/usr/java/packages/lib:/usr/lib/x86_64-linux-gnu/jni:/lib/x86_64-linux-gnu:/usr/lib/x86_64-linux-gnu:/usr/lib/jni:/lib:/usr/lib]
14-Sep-2024 19:33:01.145 INFO [main] org.apache.coyote.AbstractProtocol.init Initializing ProtocolHandler ["http-nio-8080"]
14-Sep-2024 19:33:01.167 INFO [main] org.apache.catalina.startup.Catalina.load Server initialization in [652] milliseconds
14-Sep-2024 19:33:01.205 INFO [main] org.apache.catalina.core.StandardService.startInternal Starting service [Catalina]
14-Sep-2024 19:33:01.206 INFO [main] org.apache.catalina.core.StandardEngine.startInternal Starting Servlet engine: [Apache Tomcat/9.0.93]
14-Sep-2024 19:33:01.213 INFO [main] org.apache.catalina.startup.HostConfig.deployDescriptor Deploying deployment descriptor [/home/dik/Desktop/java/myREST/conf/Catalina/localhost/myREST.xml]
14-Sep-2024 19:33:02.735 INFO [main] org.apache.jasper.servlet.TldScanner.scanJars At least one JAR was scanned for TLDs yet contained no TLDs. Enable debug logging for this logger for a complete list of JARs that were scanned but no TLDs were found in them. Skipping unneeded JARs during scanning can improve startup time and JSP compilation time.
14-Sep-2024 19:33:02.820 INFO [main] org.apache.catalina.startup.HostConfig.deployDescriptor Deployment of deployment descriptor [/home/dik/Desktop/java/myREST/conf/Catalina/localhost/myREST.xml] has finished in [1,606] ms
14-Sep-2024 19:33:02.824 INFO [main] org.apache.coyote.AbstractProtocol.start Starting ProtocolHandler ["http-nio-8080"]
14-Sep-2024 19:33:02.833 INFO [main] org.apache.catalina.startup.Catalina.start Server startup in [1665] milliseconds
14-Sep-2024 19:39:43.042 INFO [Thread-1] org.apache.coyote.AbstractProtocol.pause Pausing ProtocolHandler ["http-nio-8080"]
14-Sep-2024 19:39:43.043 INFO [Thread-1] org.apache.catalina.core.StandardService.stopInternal Stopping service [Catalina]
14-Sep-2024 19:39:43.049 WARNING [Thread-1] org.apache.catalina.loader.WebappClassLoaderBase.clearReferencesJdbc The web application [myREST] registered the JDBC driver [org.postgresql.Driver] but failed to unregister it when the web application was stopped. To prevent a memory leak, the JDBC Driver has been forcibly unregistered.
14-Sep-2024 19:39:43.054 INFO [Thread-1] org.apache.coyote.AbstractProtocol.stop Stopping ProtocolHandler ["http-nio-8080"]
14-Sep-2024 19:39:43.066 INFO [Thread-1] org.apache.coyote.AbstractProtocol.destroy Destroying ProtocolHandler ["http-nio-8080"]
14-Sep-2024 19:39:59.067 INFO [main] org.apache.catalina.startup.VersionLoggerListener.log Server version name:   Apache Tomcat/9.0.93
14-Sep-2024 19:39:59.071 INFO [main] org.apache.catalina.startup.VersionLoggerListener.log Server built:          Aug 2 2024 21:24:59 UTC
14-Sep-2024 19:39:59.071 INFO [main] org.apache.catalina.startup.VersionLoggerListener.log Server version number: 9.0.93.0
14-Sep-2024 19:39:59.072 INFO [main] org.apache.catalina.startup.VersionLoggerListener.log OS Name:               Linux
14-Sep-2024 19:39:59.072 INFO [main] org.apache.catalina.startup.VersionLoggerListener.log OS Version:            6.8.0-40-generic
14-Sep-2024 19:39:59.072 INFO [main] org.apache.catalina.startup.VersionLoggerListener.log Architecture:          amd64
14-Sep-2024 19:39:59.072 INFO [main] org.apache.catalina.startup.VersionLoggerListener.log Java Home:             /usr/lib/jvm/java-21-openjdk-amd64
14-Sep-2024 19:39:59.072 INFO [main] org.apache.catalina.startup.VersionLoggerListener.log JVM Version:           21.0.4+7-Ubuntu-1ubuntu222.04
14-Sep-2024 19:39:59.072 INFO [main] org.apache.catalina.startup.VersionLoggerListener.log JVM Vendor:            Ubuntu
14-Sep-2024 19:39:59.072 INFO [main] org.apache.catalina.startup.VersionLoggerListener.log CATALINA_BASE:         /home/dik/Desktop/java/myREST
14-Sep-2024 19:39:59.072 INFO [main] org.apache.catalina.startup.VersionLoggerListener.log CATALINA_HOME:         /home/dik/Desktop/java/myREST/tomcat
14-Sep-2024 19:39:59.079 INFO [main] org.apache.catalina.startup.VersionLoggerListener.log Command line argument: --add-opens=java.base/java.lang=ALL-UNNAMED
14-Sep-2024 19:39:59.079 INFO [main] org.apache.catalina.startup.VersionLoggerListener.log Command line argument: --add-opens=java.base/java.io=ALL-UNNAMED
14-Sep-2024 19:39:59.079 INFO [main] org.apache.catalina.startup.VersionLoggerListener.log Command line argument: --add-opens=java.base/java.util=ALL-UNNAMED
14-Sep-2024 19:39:59.079 INFO [main] org.apache.catalina.startup.VersionLoggerListener.log Command line argument: --add-opens=java.base/java.util.concurrent=ALL-UNNAMED
14-Sep-2024 19:39:59.079 INFO [main] org.apache.catalina.startup.VersionLoggerListener.log Command line argument: --add-opens=java.rmi/sun.rmi.transport=ALL-UNNAMED
14-Sep-2024 19:39:59.079 INFO [main] org.apache.catalina.startup.VersionLoggerListener.log Command line argument: -Dcatalina.home=/home/dik/Desktop/java/myREST/tomcat
14-Sep-2024 19:39:59.079 INFO [main] org.apache.catalina.startup.VersionLoggerListener.log Command line argument: -Dcatalina.base=/home/dik/Desktop/java/myREST
14-Sep-2024 19:39:59.080 INFO [main] org.apache.catalina.startup.VersionLoggerListener.log Command line argument: -Djava.io.tmpdir=/home/dik/Desktop/java/myREST/temp
14-Sep-2024 19:39:59.080 INFO [main] org.apache.catalina.startup.VersionLoggerListener.log Command line argument: -Djava.util.logging.config.file=/home/dik/Desktop/java/myREST/conf/logging.properties
14-Sep-2024 19:39:59.080 INFO [main] org.apache.catalina.startup.VersionLoggerListener.log Command line argument: -Djava.util.logging.manager=org.apache.juli.ClassLoaderLogManager
14-Sep-2024 19:39:59.080 INFO [main] org.apache.catalina.startup.VersionLoggerListener.log Command line argument: -javaagent:/home/dik/Desktop/idea-IC-241.18034.62/lib/idea_rt.jar=46159:/home/dik/Desktop/idea-IC-241.18034.62/bin
14-Sep-2024 19:39:59.080 INFO [main] org.apache.catalina.startup.VersionLoggerListener.log Command line argument: -Dfile.encoding=UTF-8
14-Sep-2024 19:39:59.080 INFO [main] org.apache.catalina.startup.VersionLoggerListener.log Command line argument: -Dsun.stdout.encoding=UTF-8
14-Sep-2024 19:39:59.080 INFO [main] org.apache.catalina.startup.VersionLoggerListener.log Command line argument: -Dsun.stderr.encoding=UTF-8
14-Sep-2024 19:39:59.082 INFO [main] org.apache.catalina.core.AprLifecycleListener.lifecycleEvent The Apache Tomcat Native library which allows using OpenSSL was not found on the java.library.path: [/usr/java/packages/lib:/usr/lib/x86_64-linux-gnu/jni:/lib/x86_64-linux-gnu:/usr/lib/x86_64-linux-gnu:/usr/lib/jni:/lib:/usr/lib]
14-Sep-2024 19:39:59.462 INFO [main] org.apache.coyote.AbstractProtocol.init Initializing ProtocolHandler ["http-nio-8080"]
14-Sep-2024 19:39:59.480 INFO [main] org.apache.catalina.startup.Catalina.load Server initialization in [600] milliseconds
14-Sep-2024 19:39:59.517 INFO [main] org.apache.catalina.core.StandardService.startInternal Starting service [Catalina]
14-Sep-2024 19:39:59.517 INFO [main] org.apache.catalina.core.StandardEngine.startInternal Starting Servlet engine: [Apache Tomcat/9.0.93]
14-Sep-2024 19:39:59.524 INFO [main] org.apache.catalina.startup.HostConfig.deployDescriptor Deploying deployment descriptor [/home/dik/Desktop/java/myREST/conf/Catalina/localhost/myREST.xml]
14-Sep-2024 19:40:00.829 INFO [main] org.apache.jasper.servlet.TldScanner.scanJars At least one JAR was scanned for TLDs yet contained no TLDs. Enable debug logging for this logger for a complete list of JARs that were scanned but no TLDs were found in them. Skipping unneeded JARs during scanning can improve startup time and JSP compilation time.
14-Sep-2024 19:40:00.916 INFO [main] org.apache.catalina.startup.HostConfig.deployDescriptor Deployment of deployment descriptor [/home/dik/Desktop/java/myREST/conf/Catalina/localhost/myREST.xml] has finished in [1,392] ms
14-Sep-2024 19:40:00.920 INFO [main] org.apache.coyote.AbstractProtocol.start Starting ProtocolHandler ["http-nio-8080"]
14-Sep-2024 19:40:00.929 INFO [main] org.apache.catalina.startup.Catalina.start Server startup in [1447] milliseconds
14-Sep-2024 19:46:24.736 INFO [Thread-1] org.apache.coyote.AbstractProtocol.pause Pausing ProtocolHandler ["http-nio-8080"]
14-Sep-2024 19:46:24.737 INFO [Thread-1] org.apache.catalina.core.StandardService.stopInternal Stopping service [Catalina]
14-Sep-2024 19:46:24.746 WARNING [Thread-1] org.apache.catalina.loader.WebappClassLoaderBase.clearReferencesJdbc The web application [myREST] registered the JDBC driver [org.postgresql.Driver] but failed to unregister it when the web application was stopped. To prevent a memory leak, the JDBC Driver has been forcibly unregistered.
14-Sep-2024 19:46:24.752 INFO [Thread-1] org.apache.coyote.AbstractProtocol.stop Stopping ProtocolHandler ["http-nio-8080"]
14-Sep-2024 19:46:24.761 INFO [Thread-1] org.apache.coyote.AbstractProtocol.destroy Destroying ProtocolHandler ["http-nio-8080"]
14-Sep-2024 19:46:29.759 INFO [main] org.apache.catalina.startup.VersionLoggerListener.log Server version name:   Apache Tomcat/9.0.93
14-Sep-2024 19:46:29.764 INFO [main] org.apache.catalina.startup.VersionLoggerListener.log Server built:          Aug 2 2024 21:24:59 UTC
14-Sep-2024 19:46:29.764 INFO [main] org.apache.catalina.startup.VersionLoggerListener.log Server version number: 9.0.93.0
14-Sep-2024 19:46:29.764 INFO [main] org.apache.catalina.startup.VersionLoggerListener.log OS Name:               Linux
14-Sep-2024 19:46:29.764 INFO [main] org.apache.catalina.startup.VersionLoggerListener.log OS Version:            6.8.0-40-generic
14-Sep-2024 19:46:29.764 INFO [main] org.apache.catalina.startup.VersionLoggerListener.log Architecture:          amd64
14-Sep-2024 19:46:29.765 INFO [main] org.apache.catalina.startup.VersionLoggerListener.log Java Home:             /usr/lib/jvm/java-21-openjdk-amd64
14-Sep-2024 19:46:29.765 INFO [main] org.apache.catalina.startup.VersionLoggerListener.log JVM Version:           21.0.4+7-Ubuntu-1ubuntu222.04
14-Sep-2024 19:46:29.765 INFO [main] org.apache.catalina.startup.VersionLoggerListener.log JVM Vendor:            Ubuntu
14-Sep-2024 19:46:29.765 INFO [main] org.apache.catalina.startup.VersionLoggerListener.log CATALINA_BASE:         /home/dik/Desktop/java/myREST
14-Sep-2024 19:46:29.765 INFO [main] org.apache.catalina.startup.VersionLoggerListener.log CATALINA_HOME:         /home/dik/Desktop/java/myREST/tomcat
14-Sep-2024 19:46:29.773 INFO [main] org.apache.catalina.startup.VersionLoggerListener.log Command line argument: --add-opens=java.base/java.lang=ALL-UNNAMED
14-Sep-2024 19:46:29.773 INFO [main] org.apache.catalina.startup.VersionLoggerListener.log Command line argument: --add-opens=java.base/java.io=ALL-UNNAMED
14-Sep-2024 19:46:29.773 INFO [main] org.apache.catalina.startup.VersionLoggerListener.log Command line argument: --add-opens=java.base/java.util=ALL-UNNAMED
14-Sep-2024 19:46:29.774 INFO [main] org.apache.catalina.startup.VersionLoggerListener.log Command line argument: --add-opens=java.base/java.util.concurrent=ALL-UNNAMED
14-Sep-2024 19:46:29.774 INFO [main] org.apache.catalina.startup.VersionLoggerListener.log Command line argument: --add-opens=java.rmi/sun.rmi.transport=ALL-UNNAMED
14-Sep-2024 19:46:29.774 INFO [main] org.apache.catalina.startup.VersionLoggerListener.log Command line argument: -Dcatalina.home=/home/dik/Desktop/java/myREST/tomcat
14-Sep-2024 19:46:29.774 INFO [main] org.apache.catalina.startup.VersionLoggerListener.log Command line argument: -Dcatalina.base=/home/dik/Desktop/java/myREST
14-Sep-2024 19:46:29.774 INFO [main] org.apache.catalina.startup.VersionLoggerListener.log Command line argument: -Djava.io.tmpdir=/home/dik/Desktop/java/myREST/temp
14-Sep-2024 19:46:29.774 INFO [main] org.apache.catalina.startup.VersionLoggerListener.log Command line argument: -Djava.util.logging.config.file=/home/dik/Desktop/java/myREST/conf/logging.properties
14-Sep-2024 19:46:29.774 INFO [main] org.apache.catalina.startup.VersionLoggerListener.log Command line argument: -Djava.util.logging.manager=org.apache.juli.ClassLoaderLogManager
14-Sep-2024 19:46:29.775 INFO [main] org.apache.catalina.startup.VersionLoggerListener.log Command line argument: -javaagent:/home/dik/Desktop/idea-IC-241.18034.62/lib/idea_rt.jar=41157:/home/dik/Desktop/idea-IC-241.18034.62/bin
14-Sep-2024 19:46:29.775 INFO [main] org.apache.catalina.startup.VersionLoggerListener.log Command line argument: -Dfile.encoding=UTF-8
14-Sep-2024 19:46:29.775 INFO [main] org.apache.catalina.startup.VersionLoggerListener.log Command line argument: -Dsun.stdout.encoding=UTF-8
14-Sep-2024 19:46:29.775 INFO [main] org.apache.catalina.startup.VersionLoggerListener.log Command line argument: -Dsun.stderr.encoding=UTF-8
14-Sep-2024 19:46:29.778 INFO [main] org.apache.catalina.core.AprLifecycleListener.lifecycleEvent The Apache Tomcat Native library which allows using OpenSSL was not found on the java.library.path: [/usr/java/packages/lib:/usr/lib/x86_64-linux-gnu/jni:/lib/x86_64-linux-gnu:/usr/lib/x86_64-linux-gnu:/usr/lib/jni:/lib:/usr/lib]
14-Sep-2024 19:46:30.205 INFO [main] org.apache.coyote.AbstractProtocol.init Initializing ProtocolHandler ["http-nio-8080"]
14-Sep-2024 19:46:30.226 INFO [main] org.apache.catalina.startup.Catalina.load Server initialization in [665] milliseconds
14-Sep-2024 19:46:30.265 INFO [main] org.apache.catalina.core.StandardService.startInternal Starting service [Catalina]
14-Sep-2024 19:46:30.266 INFO [main] org.apache.catalina.core.StandardEngine.startInternal Starting Servlet engine: [Apache Tomcat/9.0.93]
14-Sep-2024 19:46:30.272 INFO [main] org.apache.catalina.startup.HostConfig.deployDescriptor Deploying deployment descriptor [/home/dik/Desktop/java/myREST/conf/Catalina/localhost/myREST.xml]
14-Sep-2024 19:46:31.509 INFO [main] org.apache.jasper.servlet.TldScanner.scanJars At least one JAR was scanned for TLDs yet contained no TLDs. Enable debug logging for this logger for a complete list of JARs that were scanned but no TLDs were found in them. Skipping unneeded JARs during scanning can improve startup time and JSP compilation time.
14-Sep-2024 19:46:31.581 INFO [main] org.apache.catalina.startup.HostConfig.deployDescriptor Deployment of deployment descriptor [/home/dik/Desktop/java/myREST/conf/Catalina/localhost/myREST.xml] has finished in [1,308] ms
14-Sep-2024 19:46:31.584 INFO [main] org.apache.coyote.AbstractProtocol.start Starting ProtocolHandler ["http-nio-8080"]
14-Sep-2024 19:46:31.592 INFO [main] org.apache.catalina.startup.Catalina.start Server startup in [1364] milliseconds
14-Sep-2024 19:51:41.662 INFO [Thread-1] org.apache.coyote.AbstractProtocol.pause Pausing ProtocolHandler ["http-nio-8080"]
14-Sep-2024 19:51:41.663 INFO [Thread-1] org.apache.catalina.core.StandardService.stopInternal Stopping service [Catalina]
14-Sep-2024 19:51:41.675 WARNING [Thread-1] org.apache.catalina.loader.WebappClassLoaderBase.clearReferencesJdbc The web application [myREST] registered the JDBC driver [org.postgresql.Driver] but failed to unregister it when the web application was stopped. To prevent a memory leak, the JDBC Driver has been forcibly unregistered.
14-Sep-2024 19:51:41.683 INFO [Thread-1] org.apache.coyote.AbstractProtocol.stop Stopping ProtocolHandler ["http-nio-8080"]
14-Sep-2024 19:51:41.687 INFO [Thread-1] org.apache.coyote.AbstractProtocol.destroy Destroying ProtocolHandler ["http-nio-8080"]
14-Sep-2024 19:51:58.188 INFO [main] org.apache.catalina.startup.VersionLoggerListener.log Server version name:   Apache Tomcat/9.0.93
14-Sep-2024 19:51:58.192 INFO [main] org.apache.catalina.startup.VersionLoggerListener.log Server built:          Aug 2 2024 21:24:59 UTC
14-Sep-2024 19:51:58.192 INFO [main] org.apache.catalina.startup.VersionLoggerListener.log Server version number: 9.0.93.0
14-Sep-2024 19:51:58.192 INFO [main] org.apache.catalina.startup.VersionLoggerListener.log OS Name:               Linux
14-Sep-2024 19:51:58.192 INFO [main] org.apache.catalina.startup.VersionLoggerListener.log OS Version:            6.8.0-40-generic
14-Sep-2024 19:51:58.192 INFO [main] org.apache.catalina.startup.VersionLoggerListener.log Architecture:          amd64
14-Sep-2024 19:51:58.192 INFO [main] org.apache.catalina.startup.VersionLoggerListener.log Java Home:             /usr/lib/jvm/java-21-openjdk-amd64
14-Sep-2024 19:51:58.192 INFO [main] org.apache.catalina.startup.VersionLoggerListener.log JVM Version:           21.0.4+7-Ubuntu-1ubuntu222.04
14-Sep-2024 19:51:58.192 INFO [main] org.apache.catalina.startup.VersionLoggerListener.log JVM Vendor:            Ubuntu
14-Sep-2024 19:51:58.192 INFO [main] org.apache.catalina.startup.VersionLoggerListener.log CATALINA_BASE:         /home/dik/Desktop/java/myREST
14-Sep-2024 19:51:58.193 INFO [main] org.apache.catalina.startup.VersionLoggerListener.log CATALINA_HOME:         /home/dik/Desktop/java/myREST/tomcat
14-Sep-2024 19:51:58.199 INFO [main] org.apache.catalina.startup.VersionLoggerListener.log Command line argument: --add-opens=java.base/java.lang=ALL-UNNAMED
14-Sep-2024 19:51:58.199 INFO [main] org.apache.catalina.startup.VersionLoggerListener.log Command line argument: --add-opens=java.base/java.io=ALL-UNNAMED
14-Sep-2024 19:51:58.200 INFO [main] org.apache.catalina.startup.VersionLoggerListener.log Command line argument: --add-opens=java.base/java.util=ALL-UNNAMED
14-Sep-2024 19:51:58.200 INFO [main] org.apache.catalina.startup.VersionLoggerListener.log Command line argument: --add-opens=java.base/java.util.concurrent=ALL-UNNAMED
14-Sep-2024 19:51:58.200 INFO [main] org.apache.catalina.startup.VersionLoggerListener.log Command line argument: --add-opens=java.rmi/sun.rmi.transport=ALL-UNNAMED
14-Sep-2024 19:51:58.200 INFO [main] org.apache.catalina.startup.VersionLoggerListener.log Command line argument: -Dcatalina.home=/home/dik/Desktop/java/myREST/tomcat
14-Sep-2024 19:51:58.200 INFO [main] org.apache.catalina.startup.VersionLoggerListener.log Command line argument: -Dcatalina.base=/home/dik/Desktop/java/myREST
14-Sep-2024 19:51:58.200 INFO [main] org.apache.catalina.startup.VersionLoggerListener.log Command line argument: -Djava.io.tmpdir=/home/dik/Desktop/java/myREST/temp
14-Sep-2024 19:51:58.200 INFO [main] org.apache.catalina.startup.VersionLoggerListener.log Command line argument: -Djava.util.logging.config.file=/home/dik/Desktop/java/myREST/conf/logging.properties
14-Sep-2024 19:51:58.201 INFO [main] org.apache.catalina.startup.VersionLoggerListener.log Command line argument: -Djava.util.logging.manager=org.apache.juli.ClassLoaderLogManager
14-Sep-2024 19:51:58.201 INFO [main] org.apache.catalina.startup.VersionLoggerListener.log Command line argument: -javaagent:/home/dik/Desktop/idea-IC-241.18034.62/lib/idea_rt.jar=41225:/home/dik/Desktop/idea-IC-241.18034.62/bin
14-Sep-2024 19:51:58.201 INFO [main] org.apache.catalina.startup.VersionLoggerListener.log Command line argument: -Dfile.encoding=UTF-8
14-Sep-2024 19:51:58.201 INFO [main] org.apache.catalina.startup.VersionLoggerListener.log Command line argument: -Dsun.stdout.encoding=UTF-8
14-Sep-2024 19:51:58.201 INFO [main] org.apache.catalina.startup.VersionLoggerListener.log Command line argument: -Dsun.stderr.encoding=UTF-8
14-Sep-2024 19:51:58.203 INFO [main] org.apache.catalina.core.AprLifecycleListener.lifecycleEvent The Apache Tomcat Native library which allows using OpenSSL was not found on the java.library.path: [/usr/java/packages/lib:/usr/lib/x86_64-linux-gnu/jni:/lib/x86_64-linux-gnu:/usr/lib/x86_64-linux-gnu:/usr/lib/jni:/lib:/usr/lib]
14-Sep-2024 19:51:58.574 INFO [main] org.apache.coyote.AbstractProtocol.init Initializing ProtocolHandler ["http-nio-8080"]
14-Sep-2024 19:51:58.592 INFO [main] org.apache.catalina.startup.Catalina.load Server initialization in [609] milliseconds
14-Sep-2024 19:51:58.628 INFO [main] org.apache.catalina.core.StandardService.startInternal Starting service [Catalina]
14-Sep-2024 19:51:58.629 INFO [main] org.apache.catalina.core.StandardEngine.startInternal Starting Servlet engine: [Apache Tomcat/9.0.93]
14-Sep-2024 19:51:58.636 INFO [main] org.apache.catalina.startup.HostConfig.deployDescriptor Deploying deployment descriptor [/home/dik/Desktop/java/myREST/conf/Catalina/localhost/myREST.xml]
14-Sep-2024 19:51:59.885 INFO [main] org.apache.jasper.servlet.TldScanner.scanJars At least one JAR was scanned for TLDs yet contained no TLDs. Enable debug logging for this logger for a complete list of JARs that were scanned but no TLDs were found in them. Skipping unneeded JARs during scanning can improve startup time and JSP compilation time.
14-Sep-2024 19:51:59.962 INFO [main] org.apache.catalina.startup.HostConfig.deployDescriptor Deployment of deployment descriptor [/home/dik/Desktop/java/myREST/conf/Catalina/localhost/myREST.xml] has finished in [1,327] ms
14-Sep-2024 19:51:59.965 INFO [main] org.apache.coyote.AbstractProtocol.start Starting ProtocolHandler ["http-nio-8080"]
14-Sep-2024 19:51:59.973 INFO [main] org.apache.catalina.startup.Catalina.start Server startup in [1379] milliseconds
14-Sep-2024 20:38:30.399 INFO [Thread-1] org.apache.coyote.AbstractProtocol.pause Pausing ProtocolHandler ["http-nio-8080"]
14-Sep-2024 20:38:30.400 INFO [Thread-1] org.apache.catalina.core.StandardService.stopInternal Stopping service [Catalina]
14-Sep-2024 20:38:30.408 WARNING [Thread-1] org.apache.catalina.loader.WebappClassLoaderBase.clearReferencesJdbc The web application [myREST] registered the JDBC driver [org.postgresql.Driver] but failed to unregister it when the web application was stopped. To prevent a memory leak, the JDBC Driver has been forcibly unregistered.
14-Sep-2024 20:38:30.413 INFO [Thread-1] org.apache.coyote.AbstractProtocol.stop Stopping ProtocolHandler ["http-nio-8080"]
14-Sep-2024 20:38:30.423 INFO [Thread-1] org.apache.coyote.AbstractProtocol.destroy Destroying ProtocolHandler ["http-nio-8080"]
14-Sep-2024 20:38:35.215 INFO [main] org.apache.catalina.startup.VersionLoggerListener.log Server version name:   Apache Tomcat/9.0.93
14-Sep-2024 20:38:35.218 INFO [main] org.apache.catalina.startup.VersionLoggerListener.log Server built:          Aug 2 2024 21:24:59 UTC
14-Sep-2024 20:38:35.218 INFO [main] org.apache.catalina.startup.VersionLoggerListener.log Server version number: 9.0.93.0
14-Sep-2024 20:38:35.218 INFO [main] org.apache.catalina.startup.VersionLoggerListener.log OS Name:               Linux
14-Sep-2024 20:38:35.218 INFO [main] org.apache.catalina.startup.VersionLoggerListener.log OS Version:            6.8.0-40-generic
14-Sep-2024 20:38:35.218 INFO [main] org.apache.catalina.startup.VersionLoggerListener.log Architecture:          amd64
14-Sep-2024 20:38:35.219 INFO [main] org.apache.catalina.startup.VersionLoggerListener.log Java Home:             /usr/lib/jvm/java-21-openjdk-amd64
14-Sep-2024 20:38:35.219 INFO [main] org.apache.catalina.startup.VersionLoggerListener.log JVM Version:           21.0.4+7-Ubuntu-1ubuntu222.04
14-Sep-2024 20:38:35.219 INFO [main] org.apache.catalina.startup.VersionLoggerListener.log JVM Vendor:            Ubuntu
14-Sep-2024 20:38:35.219 INFO [main] org.apache.catalina.startup.VersionLoggerListener.log CATALINA_BASE:         /home/dik/Desktop/java/myREST
14-Sep-2024 20:38:35.219 INFO [main] org.apache.catalina.startup.VersionLoggerListener.log CATALINA_HOME:         /home/dik/Desktop/java/myREST/tomcat
14-Sep-2024 20:38:35.225 INFO [main] org.apache.catalina.startup.VersionLoggerListener.log Command line argument: --add-opens=java.base/java.lang=ALL-UNNAMED
14-Sep-2024 20:38:35.225 INFO [main] org.apache.catalina.startup.VersionLoggerListener.log Command line argument: --add-opens=java.base/java.io=ALL-UNNAMED
14-Sep-2024 20:38:35.225 INFO [main] org.apache.catalina.startup.VersionLoggerListener.log Command line argument: --add-opens=java.base/java.util=ALL-UNNAMED
14-Sep-2024 20:38:35.225 INFO [main] org.apache.catalina.startup.VersionLoggerListener.log Command line argument: --add-opens=java.base/java.util.concurrent=ALL-UNNAMED
14-Sep-2024 20:38:35.225 INFO [main] org.apache.catalina.startup.VersionLoggerListener.log Command line argument: --add-opens=java.rmi/sun.rmi.transport=ALL-UNNAMED
14-Sep-2024 20:38:35.225 INFO [main] org.apache.catalina.startup.VersionLoggerListener.log Command line argument: -Dcatalina.home=/home/dik/Desktop/java/myREST/tomcat
14-Sep-2024 20:38:35.226 INFO [main] org.apache.catalina.startup.VersionLoggerListener.log Command line argument: -Dcatalina.base=/home/dik/Desktop/java/myREST
14-Sep-2024 20:38:35.226 INFO [main] org.apache.catalina.startup.VersionLoggerListener.log Command line argument: -Djava.io.tmpdir=/home/dik/Desktop/java/myREST/temp
14-Sep-2024 20:38:35.226 INFO [main] org.apache.catalina.startup.VersionLoggerListener.log Command line argument: -Djava.util.logging.config.file=/home/dik/Desktop/java/myREST/conf/logging.properties
14-Sep-2024 20:38:35.226 INFO [main] org.apache.catalina.startup.VersionLoggerListener.log Command line argument: -Djava.util.logging.manager=org.apache.juli.ClassLoaderLogManager
14-Sep-2024 20:38:35.226 INFO [main] org.apache.catalina.startup.VersionLoggerListener.log Command line argument: -javaagent:/home/dik/Desktop/idea-IC-241.18034.62/lib/idea_rt.jar=34449:/home/dik/Desktop/idea-IC-241.18034.62/bin
14-Sep-2024 20:38:35.226 INFO [main] org.apache.catalina.startup.VersionLoggerListener.log Command line argument: -Dfile.encoding=UTF-8
14-Sep-2024 20:38:35.226 INFO [main] org.apache.catalina.startup.VersionLoggerListener.log Command line argument: -Dsun.stdout.encoding=UTF-8
14-Sep-2024 20:38:35.226 INFO [main] org.apache.catalina.startup.VersionLoggerListener.log Command line argument: -Dsun.stderr.encoding=UTF-8
14-Sep-2024 20:38:35.228 INFO [main] org.apache.catalina.core.AprLifecycleListener.lifecycleEvent The Apache Tomcat Native library which allows using OpenSSL was not found on the java.library.path: [/usr/java/packages/lib:/usr/lib/x86_64-linux-gnu/jni:/lib/x86_64-linux-gnu:/usr/lib/x86_64-linux-gnu:/usr/lib/jni:/lib:/usr/lib]
14-Sep-2024 20:38:35.499 INFO [main] org.apache.coyote.AbstractProtocol.init Initializing ProtocolHandler ["http-nio-8080"]
14-Sep-2024 20:38:35.515 INFO [main] org.apache.catalina.startup.Catalina.load Server initialization in [430] milliseconds
14-Sep-2024 20:38:35.546 INFO [main] org.apache.catalina.core.StandardService.startInternal Starting service [Catalina]
14-Sep-2024 20:38:35.546 INFO [main] org.apache.catalina.core.StandardEngine.startInternal Starting Servlet engine: [Apache Tomcat/9.0.93]
14-Sep-2024 20:38:35.551 INFO [main] org.apache.catalina.startup.HostConfig.deployDescriptor Deploying deployment descriptor [/home/dik/Desktop/java/myREST/conf/Catalina/localhost/myREST.xml]
14-Sep-2024 20:38:36.559 INFO [main] org.apache.jasper.servlet.TldScanner.scanJars At least one JAR was scanned for TLDs yet contained no TLDs. Enable debug logging for this logger for a complete list of JARs that were scanned but no TLDs were found in them. Skipping unneeded JARs during scanning can improve startup time and JSP compilation time.
14-Sep-2024 20:38:36.616 INFO [main] org.apache.catalina.startup.HostConfig.deployDescriptor Deployment of deployment descriptor [/home/dik/Desktop/java/myREST/conf/Catalina/localhost/myREST.xml] has finished in [1,065] ms
14-Sep-2024 20:38:36.619 INFO [main] org.apache.coyote.AbstractProtocol.start Starting ProtocolHandler ["http-nio-8080"]
14-Sep-2024 20:38:36.625 INFO [main] org.apache.catalina.startup.Catalina.start Server startup in [1108] milliseconds
14-Sep-2024 20:40:20.068 INFO [Thread-1] org.apache.coyote.AbstractProtocol.pause Pausing ProtocolHandler ["http-nio-8080"]
14-Sep-2024 20:40:20.070 INFO [Thread-1] org.apache.catalina.core.StandardService.stopInternal Stopping service [Catalina]
14-Sep-2024 20:40:20.078 WARNING [Thread-1] org.apache.catalina.loader.WebappClassLoaderBase.clearReferencesJdbc The web application [myREST] registered the JDBC driver [org.postgresql.Driver] but failed to unregister it when the web application was stopped. To prevent a memory leak, the JDBC Driver has been forcibly unregistered.
14-Sep-2024 20:40:20.084 INFO [Thread-1] org.apache.coyote.AbstractProtocol.stop Stopping ProtocolHandler ["http-nio-8080"]
14-Sep-2024 20:40:20.093 INFO [Thread-1] org.apache.coyote.AbstractProtocol.destroy Destroying ProtocolHandler ["http-nio-8080"]
14-Sep-2024 20:40:25.100 INFO [main] org.apache.catalina.startup.VersionLoggerListener.log Server version name:   Apache Tomcat/9.0.93
14-Sep-2024 20:40:25.104 INFO [main] org.apache.catalina.startup.VersionLoggerListener.log Server built:          Aug 2 2024 21:24:59 UTC
14-Sep-2024 20:40:25.104 INFO [main] org.apache.catalina.startup.VersionLoggerListener.log Server version number: 9.0.93.0
14-Sep-2024 20:40:25.105 INFO [main] org.apache.catalina.startup.VersionLoggerListener.log OS Name:               Linux
14-Sep-2024 20:40:25.105 INFO [main] org.apache.catalina.startup.VersionLoggerListener.log OS Version:            6.8.0-40-generic
14-Sep-2024 20:40:25.105 INFO [main] org.apache.catalina.startup.VersionLoggerListener.log Architecture:          amd64
14-Sep-2024 20:40:25.105 INFO [main] org.apache.catalina.startup.VersionLoggerListener.log Java Home:             /usr/lib/jvm/java-21-openjdk-amd64
14-Sep-2024 20:40:25.105 INFO [main] org.apache.catalina.startup.VersionLoggerListener.log JVM Version:           21.0.4+7-Ubuntu-1ubuntu222.04
14-Sep-2024 20:40:25.105 INFO [main] org.apache.catalina.startup.VersionLoggerListener.log JVM Vendor:            Ubuntu
14-Sep-2024 20:40:25.105 INFO [main] org.apache.catalina.startup.VersionLoggerListener.log CATALINA_BASE:         /home/dik/Desktop/java/myREST
14-Sep-2024 20:40:25.105 INFO [main] org.apache.catalina.startup.VersionLoggerListener.log CATALINA_HOME:         /home/dik/Desktop/java/myREST/tomcat
14-Sep-2024 20:40:25.112 INFO [main] org.apache.catalina.startup.VersionLoggerListener.log Command line argument: --add-opens=java.base/java.lang=ALL-UNNAMED
14-Sep-2024 20:40:25.112 INFO [main] org.apache.catalina.startup.VersionLoggerListener.log Command line argument: --add-opens=java.base/java.io=ALL-UNNAMED
14-Sep-2024 20:40:25.112 INFO [main] org.apache.catalina.startup.VersionLoggerListener.log Command line argument: --add-opens=java.base/java.util=ALL-UNNAMED
14-Sep-2024 20:40:25.112 INFO [main] org.apache.catalina.startup.VersionLoggerListener.log Command line argument: --add-opens=java.base/java.util.concurrent=ALL-UNNAMED
14-Sep-2024 20:40:25.112 INFO [main] org.apache.catalina.startup.VersionLoggerListener.log Command line argument: --add-opens=java.rmi/sun.rmi.transport=ALL-UNNAMED
14-Sep-2024 20:40:25.112 INFO [main] org.apache.catalina.startup.VersionLoggerListener.log Command line argument: -Dcatalina.home=/home/dik/Desktop/java/myREST/tomcat
14-Sep-2024 20:40:25.113 INFO [main] org.apache.catalina.startup.VersionLoggerListener.log Command line argument: -Dcatalina.base=/home/dik/Desktop/java/myREST
14-Sep-2024 20:40:25.113 INFO [main] org.apache.catalina.startup.VersionLoggerListener.log Command line argument: -Djava.io.tmpdir=/home/dik/Desktop/java/myREST/temp
14-Sep-2024 20:40:25.113 INFO [main] org.apache.catalina.startup.VersionLoggerListener.log Command line argument: -Djava.util.logging.config.file=/home/dik/Desktop/java/myREST/conf/logging.properties
14-Sep-2024 20:40:25.113 INFO [main] org.apache.catalina.startup.VersionLoggerListener.log Command line argument: -Djava.util.logging.manager=org.apache.juli.ClassLoaderLogManager
14-Sep-2024 20:40:25.113 INFO [main] org.apache.catalina.startup.VersionLoggerListener.log Command line argument: -javaagent:/home/dik/Desktop/idea-IC-241.18034.62/lib/idea_rt.jar=46485:/home/dik/Desktop/idea-IC-241.18034.62/bin
14-Sep-2024 20:40:25.113 INFO [main] org.apache.catalina.startup.VersionLoggerListener.log Command line argument: -Dfile.encoding=UTF-8
14-Sep-2024 20:40:25.113 INFO [main] org.apache.catalina.startup.VersionLoggerListener.log Command line argument: -Dsun.stdout.encoding=UTF-8
14-Sep-2024 20:40:25.113 INFO [main] org.apache.catalina.startup.VersionLoggerListener.log Command line argument: -Dsun.stderr.encoding=UTF-8
14-Sep-2024 20:40:25.115 INFO [main] org.apache.catalina.core.AprLifecycleListener.lifecycleEvent The Apache Tomcat Native library which allows using OpenSSL was not found on the java.library.path: [/usr/java/packages/lib:/usr/lib/x86_64-linux-gnu/jni:/lib/x86_64-linux-gnu:/usr/lib/x86_64-linux-gnu:/usr/lib/jni:/lib:/usr/lib]
14-Sep-2024 20:40:25.540 INFO [main] org.apache.coyote.AbstractProtocol.init Initializing ProtocolHandler ["http-nio-8080"]
14-Sep-2024 20:40:25.559 INFO [main] org.apache.catalina.startup.Catalina.load Server initialization in [649] milliseconds
14-Sep-2024 20:40:25.594 INFO [main] org.apache.catalina.core.StandardService.startInternal Starting service [Catalina]
14-Sep-2024 20:40:25.595 INFO [main] org.apache.catalina.core.StandardEngine.startInternal Starting Servlet engine: [Apache Tomcat/9.0.93]
14-Sep-2024 20:40:25.601 INFO [main] org.apache.catalina.startup.HostConfig.deployDescriptor Deploying deployment descriptor [/home/dik/Desktop/java/myREST/conf/Catalina/localhost/myREST.xml]
14-Sep-2024 20:40:27.039 INFO [main] org.apache.jasper.servlet.TldScanner.scanJars At least one JAR was scanned for TLDs yet contained no TLDs. Enable debug logging for this logger for a complete list of JARs that were scanned but no TLDs were found in them. Skipping unneeded JARs during scanning can improve startup time and JSP compilation time.
14-Sep-2024 20:40:27.149 INFO [main] org.apache.catalina.startup.HostConfig.deployDescriptor Deployment of deployment descriptor [/home/dik/Desktop/java/myREST/conf/Catalina/localhost/myREST.xml] has finished in [1,548] ms
14-Sep-2024 20:40:27.153 INFO [main] org.apache.coyote.AbstractProtocol.start Starting ProtocolHandler ["http-nio-8080"]
14-Sep-2024 20:40:27.162 INFO [main] org.apache.catalina.startup.Catalina.start Server startup in [1602] milliseconds
