29-Sep-2024 02:32:50.936 INFO [main] org.apache.catalina.startup.VersionLoggerListener.log Server version name:   Apache Tomcat/9.0.93
29-Sep-2024 02:32:50.940 INFO [main] org.apache.catalina.startup.VersionLoggerListener.log Server built:          Aug 2 2024 21:24:59 UTC
29-Sep-2024 02:32:50.940 INFO [main] org.apache.catalina.startup.VersionLoggerListener.log Server version number: 9.0.93.0
29-Sep-2024 02:32:50.940 INFO [main] org.apache.catalina.startup.VersionLoggerListener.log OS Name:               Linux
29-Sep-2024 02:32:50.940 INFO [main] org.apache.catalina.startup.VersionLoggerListener.log OS Version:            6.8.0-45-generic
29-Sep-2024 02:32:50.940 INFO [main] org.apache.catalina.startup.VersionLoggerListener.log Architecture:          amd64
29-Sep-2024 02:32:50.940 INFO [main] org.apache.catalina.startup.VersionLoggerListener.log Java Home:             /usr/lib/jvm/java-21-openjdk-amd64
29-Sep-2024 02:32:50.940 INFO [main] org.apache.catalina.startup.VersionLoggerListener.log JVM Version:           21.0.4+7-Ubuntu-1ubuntu222.04
29-Sep-2024 02:32:50.940 INFO [main] org.apache.catalina.startup.VersionLoggerListener.log JVM Vendor:            Ubuntu
29-Sep-2024 02:32:50.941 INFO [main] org.apache.catalina.startup.VersionLoggerListener.log CATALINA_BASE:         /home/dik/Desktop/java/myREST
29-Sep-2024 02:32:50.941 INFO [main] org.apache.catalina.startup.VersionLoggerListener.log CATALINA_HOME:         /home/dik/Desktop/java/myREST/tomcat
29-Sep-2024 02:32:50.947 INFO [main] org.apache.catalina.startup.VersionLoggerListener.log Command line argument: --add-opens=java.base/java.lang=ALL-UNNAMED
29-Sep-2024 02:32:50.947 INFO [main] org.apache.catalina.startup.VersionLoggerListener.log Command line argument: --add-opens=java.base/java.io=ALL-UNNAMED
29-Sep-2024 02:32:50.947 INFO [main] org.apache.catalina.startup.VersionLoggerListener.log Command line argument: --add-opens=java.base/java.util=ALL-UNNAMED
29-Sep-2024 02:32:50.947 INFO [main] org.apache.catalina.startup.VersionLoggerListener.log Command line argument: --add-opens=java.base/java.util.concurrent=ALL-UNNAMED
29-Sep-2024 02:32:50.947 INFO [main] org.apache.catalina.startup.VersionLoggerListener.log Command line argument: --add-opens=java.rmi/sun.rmi.transport=ALL-UNNAMED
29-Sep-2024 02:32:50.947 INFO [main] org.apache.catalina.startup.VersionLoggerListener.log Command line argument: -Dcatalina.home=/home/dik/Desktop/java/myREST/tomcat
29-Sep-2024 02:32:50.947 INFO [main] org.apache.catalina.startup.VersionLoggerListener.log Command line argument: -Dcatalina.base=/home/dik/Desktop/java/myREST
29-Sep-2024 02:32:50.947 INFO [main] org.apache.catalina.startup.VersionLoggerListener.log Command line argument: -Djava.io.tmpdir=/home/dik/Desktop/java/myREST/temp
29-Sep-2024 02:32:50.947 INFO [main] org.apache.catalina.startup.VersionLoggerListener.log Command line argument: -Djava.util.logging.config.file=/home/dik/Desktop/java/myREST/conf/logging.properties
29-Sep-2024 02:32:50.947 INFO [main] org.apache.catalina.startup.VersionLoggerListener.log Command line argument: -Djava.util.logging.manager=org.apache.juli.ClassLoaderLogManager
29-Sep-2024 02:32:50.948 INFO [main] org.apache.catalina.startup.VersionLoggerListener.log Command line argument: -javaagent:/home/dik/Desktop/idea-IC-241.18034.62/lib/idea_rt.jar=41985:/home/dik/Desktop/idea-IC-241.18034.62/bin
29-Sep-2024 02:32:50.948 INFO [main] org.apache.catalina.startup.VersionLoggerListener.log Command line argument: -Dfile.encoding=UTF-8
29-Sep-2024 02:32:50.948 INFO [main] org.apache.catalina.startup.VersionLoggerListener.log Command line argument: -Dsun.stdout.encoding=UTF-8
29-Sep-2024 02:32:50.948 INFO [main] org.apache.catalina.startup.VersionLoggerListener.log Command line argument: -Dsun.stderr.encoding=UTF-8
29-Sep-2024 02:32:50.951 INFO [main] org.apache.catalina.core.AprLifecycleListener.lifecycleEvent The Apache Tomcat Native library which allows using OpenSSL was not found on the java.library.path: [/usr/java/packages/lib:/usr/lib/x86_64-linux-gnu/jni:/lib/x86_64-linux-gnu:/usr/lib/x86_64-linux-gnu:/usr/lib/jni:/lib:/usr/lib]
29-Sep-2024 02:32:51.246 INFO [main] org.apache.coyote.AbstractProtocol.init Initializing ProtocolHandler ["http-nio-8080"]
29-Sep-2024 02:32:51.263 INFO [main] org.apache.catalina.startup.Catalina.load Server initialization in [497] milliseconds
29-Sep-2024 02:32:51.301 INFO [main] org.apache.catalina.core.StandardService.startInternal Starting service [Catalina]
29-Sep-2024 02:32:51.302 INFO [main] org.apache.catalina.core.StandardEngine.startInternal Starting Servlet engine: [Apache Tomcat/9.0.93]
29-Sep-2024 02:32:51.308 INFO [main] org.apache.catalina.startup.HostConfig.deployDescriptor Deploying deployment descriptor [/home/dik/Desktop/java/myREST/conf/Catalina/localhost/myREST.xml]
29-Sep-2024 02:32:51.837 INFO [main] org.apache.jasper.servlet.TldScanner.scanJars At least one JAR was scanned for TLDs yet contained no TLDs. Enable debug logging for this logger for a complete list of JARs that were scanned but no TLDs were found in them. Skipping unneeded JARs during scanning can improve startup time and JSP compilation time.
29-Sep-2024 02:32:51.857 INFO [main] org.apache.catalina.startup.HostConfig.deployDescriptor Deployment of deployment descriptor [/home/dik/Desktop/java/myREST/conf/Catalina/localhost/myREST.xml] has finished in [549] ms
29-Sep-2024 02:32:51.860 INFO [main] org.apache.coyote.AbstractProtocol.start Starting ProtocolHandler ["http-nio-8080"]
29-Sep-2024 02:32:51.865 INFO [main] org.apache.catalina.startup.Catalina.start Server startup in [600] milliseconds
29-Sep-2024 02:32:56.401 INFO [Thread-1] org.apache.coyote.AbstractProtocol.pause Pausing ProtocolHandler ["http-nio-8080"]
29-Sep-2024 02:32:56.402 INFO [Thread-1] org.apache.catalina.core.StandardService.stopInternal Stopping service [Catalina]
29-Sep-2024 02:32:56.410 INFO [Thread-1] org.apache.coyote.AbstractProtocol.stop Stopping ProtocolHandler ["http-nio-8080"]
29-Sep-2024 02:32:56.412 INFO [Thread-1] org.apache.coyote.AbstractProtocol.destroy Destroying ProtocolHandler ["http-nio-8080"]
29-Sep-2024 02:39:54.840 INFO [main] org.apache.catalina.startup.VersionLoggerListener.log Server version name:   Apache Tomcat/9.0.93
29-Sep-2024 02:39:54.843 INFO [main] org.apache.catalina.startup.VersionLoggerListener.log Server built:          Aug 2 2024 21:24:59 UTC
29-Sep-2024 02:39:54.843 INFO [main] org.apache.catalina.startup.VersionLoggerListener.log Server version number: 9.0.93.0
29-Sep-2024 02:39:54.843 INFO [main] org.apache.catalina.startup.VersionLoggerListener.log OS Name:               Linux
29-Sep-2024 02:39:54.843 INFO [main] org.apache.catalina.startup.VersionLoggerListener.log OS Version:            6.8.0-45-generic
29-Sep-2024 02:39:54.843 INFO [main] org.apache.catalina.startup.VersionLoggerListener.log Architecture:          amd64
29-Sep-2024 02:39:54.843 INFO [main] org.apache.catalina.startup.VersionLoggerListener.log Java Home:             /usr/lib/jvm/java-21-openjdk-amd64
29-Sep-2024 02:39:54.843 INFO [main] org.apache.catalina.startup.VersionLoggerListener.log JVM Version:           21.0.4+7-Ubuntu-1ubuntu222.04
29-Sep-2024 02:39:54.843 INFO [main] org.apache.catalina.startup.VersionLoggerListener.log JVM Vendor:            Ubuntu
29-Sep-2024 02:39:54.843 INFO [main] org.apache.catalina.startup.VersionLoggerListener.log CATALINA_BASE:         /home/dik/Desktop/java/myREST
29-Sep-2024 02:39:54.844 INFO [main] org.apache.catalina.startup.VersionLoggerListener.log CATALINA_HOME:         /home/dik/Desktop/java/myREST/tomcat
29-Sep-2024 02:39:54.848 INFO [main] org.apache.catalina.startup.VersionLoggerListener.log Command line argument: --add-opens=java.base/java.lang=ALL-UNNAMED
29-Sep-2024 02:39:54.848 INFO [main] org.apache.catalina.startup.VersionLoggerListener.log Command line argument: --add-opens=java.base/java.io=ALL-UNNAMED
29-Sep-2024 02:39:54.848 INFO [main] org.apache.catalina.startup.VersionLoggerListener.log Command line argument: --add-opens=java.base/java.util=ALL-UNNAMED
29-Sep-2024 02:39:54.848 INFO [main] org.apache.catalina.startup.VersionLoggerListener.log Command line argument: --add-opens=java.base/java.util.concurrent=ALL-UNNAMED
29-Sep-2024 02:39:54.849 INFO [main] org.apache.catalina.startup.VersionLoggerListener.log Command line argument: --add-opens=java.rmi/sun.rmi.transport=ALL-UNNAMED
29-Sep-2024 02:39:54.849 INFO [main] org.apache.catalina.startup.VersionLoggerListener.log Command line argument: -Dcatalina.home=/home/dik/Desktop/java/myREST/tomcat
29-Sep-2024 02:39:54.849 INFO [main] org.apache.catalina.startup.VersionLoggerListener.log Command line argument: -Dcatalina.base=/home/dik/Desktop/java/myREST
29-Sep-2024 02:39:54.849 INFO [main] org.apache.catalina.startup.VersionLoggerListener.log Command line argument: -Djava.io.tmpdir=/home/dik/Desktop/java/myREST/temp
29-Sep-2024 02:39:54.849 INFO [main] org.apache.catalina.startup.VersionLoggerListener.log Command line argument: -Djava.util.logging.config.file=/home/dik/Desktop/java/myREST/conf/logging.properties
29-Sep-2024 02:39:54.849 INFO [main] org.apache.catalina.startup.VersionLoggerListener.log Command line argument: -Djava.util.logging.manager=org.apache.juli.ClassLoaderLogManager
29-Sep-2024 02:39:54.849 INFO [main] org.apache.catalina.startup.VersionLoggerListener.log Command line argument: -javaagent:/home/dik/Desktop/idea-IC-241.18034.62/lib/idea_rt.jar=45537:/home/dik/Desktop/idea-IC-241.18034.62/bin
29-Sep-2024 02:39:54.849 INFO [main] org.apache.catalina.startup.VersionLoggerListener.log Command line argument: -Dfile.encoding=UTF-8
29-Sep-2024 02:39:54.849 INFO [main] org.apache.catalina.startup.VersionLoggerListener.log Command line argument: -Dsun.stdout.encoding=UTF-8
29-Sep-2024 02:39:54.849 INFO [main] org.apache.catalina.startup.VersionLoggerListener.log Command line argument: -Dsun.stderr.encoding=UTF-8
29-Sep-2024 02:39:54.851 INFO [main] org.apache.catalina.core.AprLifecycleListener.lifecycleEvent The Apache Tomcat Native library which allows using OpenSSL was not found on the java.library.path: [/usr/java/packages/lib:/usr/lib/x86_64-linux-gnu/jni:/lib/x86_64-linux-gnu:/usr/lib/x86_64-linux-gnu:/usr/lib/jni:/lib:/usr/lib]
29-Sep-2024 02:39:55.138 INFO [main] org.apache.coyote.AbstractProtocol.init Initializing ProtocolHandler ["http-nio-8080"]
29-Sep-2024 02:39:55.153 INFO [main] org.apache.catalina.startup.Catalina.load Server initialization in [452] milliseconds
29-Sep-2024 02:39:55.188 INFO [main] org.apache.catalina.core.StandardService.startInternal Starting service [Catalina]
29-Sep-2024 02:39:55.188 INFO [main] org.apache.catalina.core.StandardEngine.startInternal Starting Servlet engine: [Apache Tomcat/9.0.93]
29-Sep-2024 02:39:55.195 INFO [main] org.apache.catalina.startup.HostConfig.deployDescriptor Deploying deployment descriptor [/home/dik/Desktop/java/myREST/conf/Catalina/localhost/myREST.xml]
29-Sep-2024 02:39:55.785 INFO [main] org.apache.jasper.servlet.TldScanner.scanJars At least one JAR was scanned for TLDs yet contained no TLDs. Enable debug logging for this logger for a complete list of JARs that were scanned but no TLDs were found in them. Skipping unneeded JARs during scanning can improve startup time and JSP compilation time.
29-Sep-2024 02:39:55.803 INFO [main] org.apache.catalina.startup.HostConfig.deployDescriptor Deployment of deployment descriptor [/home/dik/Desktop/java/myREST/conf/Catalina/localhost/myREST.xml] has finished in [608] ms
29-Sep-2024 02:39:55.805 INFO [main] org.apache.coyote.AbstractProtocol.start Starting ProtocolHandler ["http-nio-8080"]
29-Sep-2024 02:39:55.811 INFO [main] org.apache.catalina.startup.Catalina.start Server startup in [657] milliseconds
29-Sep-2024 02:40:33.365 INFO [Thread-1] org.apache.coyote.AbstractProtocol.pause Pausing ProtocolHandler ["http-nio-8080"]
29-Sep-2024 02:40:33.365 INFO [Thread-1] org.apache.catalina.core.StandardService.stopInternal Stopping service [Catalina]
29-Sep-2024 02:40:33.369 WARNING [Thread-1] org.apache.catalina.loader.WebappClassLoaderBase.clearReferencesJdbc The web application [myREST] registered the JDBC driver [org.postgresql.Driver] but failed to unregister it when the web application was stopped. To prevent a memory leak, the JDBC Driver has been forcibly unregistered.
29-Sep-2024 02:40:33.373 INFO [Thread-1] org.apache.coyote.AbstractProtocol.stop Stopping ProtocolHandler ["http-nio-8080"]
29-Sep-2024 02:40:33.375 INFO [Thread-1] org.apache.coyote.AbstractProtocol.destroy Destroying ProtocolHandler ["http-nio-8080"]
29-Sep-2024 02:52:13.099 INFO [main] org.apache.catalina.startup.VersionLoggerListener.log Server version name:   Apache Tomcat/9.0.93
29-Sep-2024 02:52:13.101 INFO [main] org.apache.catalina.startup.VersionLoggerListener.log Server built:          Aug 2 2024 21:24:59 UTC
29-Sep-2024 02:52:13.102 INFO [main] org.apache.catalina.startup.VersionLoggerListener.log Server version number: 9.0.93.0
29-Sep-2024 02:52:13.102 INFO [main] org.apache.catalina.startup.VersionLoggerListener.log OS Name:               Linux
29-Sep-2024 02:52:13.102 INFO [main] org.apache.catalina.startup.VersionLoggerListener.log OS Version:            6.8.0-45-generic
29-Sep-2024 02:52:13.102 INFO [main] org.apache.catalina.startup.VersionLoggerListener.log Architecture:          amd64
29-Sep-2024 02:52:13.102 INFO [main] org.apache.catalina.startup.VersionLoggerListener.log Java Home:             /usr/lib/jvm/java-21-openjdk-amd64
29-Sep-2024 02:52:13.102 INFO [main] org.apache.catalina.startup.VersionLoggerListener.log JVM Version:           21.0.4+7-Ubuntu-1ubuntu222.04
29-Sep-2024 02:52:13.102 INFO [main] org.apache.catalina.startup.VersionLoggerListener.log JVM Vendor:            Ubuntu
29-Sep-2024 02:52:13.102 INFO [main] org.apache.catalina.startup.VersionLoggerListener.log CATALINA_BASE:         /home/dik/Desktop/java/myREST
29-Sep-2024 02:52:13.102 INFO [main] org.apache.catalina.startup.VersionLoggerListener.log CATALINA_HOME:         /home/dik/Desktop/java/myREST/tomcat
29-Sep-2024 02:52:13.108 INFO [main] org.apache.catalina.startup.VersionLoggerListener.log Command line argument: --add-opens=java.base/java.lang=ALL-UNNAMED
29-Sep-2024 02:52:13.108 INFO [main] org.apache.catalina.startup.VersionLoggerListener.log Command line argument: --add-opens=java.base/java.io=ALL-UNNAMED
29-Sep-2024 02:52:13.108 INFO [main] org.apache.catalina.startup.VersionLoggerListener.log Command line argument: --add-opens=java.base/java.util=ALL-UNNAMED
29-Sep-2024 02:52:13.108 INFO [main] org.apache.catalina.startup.VersionLoggerListener.log Command line argument: --add-opens=java.base/java.util.concurrent=ALL-UNNAMED
29-Sep-2024 02:52:13.108 INFO [main] org.apache.catalina.startup.VersionLoggerListener.log Command line argument: --add-opens=java.rmi/sun.rmi.transport=ALL-UNNAMED
29-Sep-2024 02:52:13.108 INFO [main] org.apache.catalina.startup.VersionLoggerListener.log Command line argument: -Dcatalina.home=/home/dik/Desktop/java/myREST/tomcat
29-Sep-2024 02:52:13.109 INFO [main] org.apache.catalina.startup.VersionLoggerListener.log Command line argument: -Dcatalina.base=/home/dik/Desktop/java/myREST
29-Sep-2024 02:52:13.109 INFO [main] org.apache.catalina.startup.VersionLoggerListener.log Command line argument: -Djava.io.tmpdir=/home/dik/Desktop/java/myREST/temp
29-Sep-2024 02:52:13.109 INFO [main] org.apache.catalina.startup.VersionLoggerListener.log Command line argument: -Djava.util.logging.config.file=/home/dik/Desktop/java/myREST/conf/logging.properties
29-Sep-2024 02:52:13.109 INFO [main] org.apache.catalina.startup.VersionLoggerListener.log Command line argument: -Djava.util.logging.manager=org.apache.juli.ClassLoaderLogManager
29-Sep-2024 02:52:13.109 INFO [main] org.apache.catalina.startup.VersionLoggerListener.log Command line argument: -javaagent:/home/dik/Desktop/idea-IC-241.18034.62/lib/idea_rt.jar=36913:/home/dik/Desktop/idea-IC-241.18034.62/bin
29-Sep-2024 02:52:13.109 INFO [main] org.apache.catalina.startup.VersionLoggerListener.log Command line argument: -Dfile.encoding=UTF-8
29-Sep-2024 02:52:13.109 INFO [main] org.apache.catalina.startup.VersionLoggerListener.log Command line argument: -Dsun.stdout.encoding=UTF-8
29-Sep-2024 02:52:13.109 INFO [main] org.apache.catalina.startup.VersionLoggerListener.log Command line argument: -Dsun.stderr.encoding=UTF-8
29-Sep-2024 02:52:13.111 INFO [main] org.apache.catalina.core.AprLifecycleListener.lifecycleEvent The Apache Tomcat Native library which allows using OpenSSL was not found on the java.library.path: [/usr/java/packages/lib:/usr/lib/x86_64-linux-gnu/jni:/lib/x86_64-linux-gnu:/usr/lib/x86_64-linux-gnu:/usr/lib/jni:/lib:/usr/lib]
29-Sep-2024 02:52:13.419 INFO [main] org.apache.coyote.AbstractProtocol.init Initializing ProtocolHandler ["http-nio-8080"]
29-Sep-2024 02:52:13.437 INFO [main] org.apache.catalina.startup.Catalina.load Server initialization in [497] milliseconds
29-Sep-2024 02:52:13.471 INFO [main] org.apache.catalina.core.StandardService.startInternal Starting service [Catalina]
29-Sep-2024 02:52:13.472 INFO [main] org.apache.catalina.core.StandardEngine.startInternal Starting Servlet engine: [Apache Tomcat/9.0.93]
29-Sep-2024 02:52:13.482 INFO [main] org.apache.catalina.startup.HostConfig.deployDescriptor Deploying deployment descriptor [/home/dik/Desktop/java/myREST/conf/Catalina/localhost/myREST.xml]
29-Sep-2024 02:52:14.013 INFO [main] org.apache.jasper.servlet.TldScanner.scanJars At least one JAR was scanned for TLDs yet contained no TLDs. Enable debug logging for this logger for a complete list of JARs that were scanned but no TLDs were found in them. Skipping unneeded JARs during scanning can improve startup time and JSP compilation time.
29-Sep-2024 02:52:14.032 INFO [main] org.apache.catalina.startup.HostConfig.deployDescriptor Deployment of deployment descriptor [/home/dik/Desktop/java/myREST/conf/Catalina/localhost/myREST.xml] has finished in [550] ms
29-Sep-2024 02:52:14.034 INFO [main] org.apache.coyote.AbstractProtocol.start Starting ProtocolHandler ["http-nio-8080"]
29-Sep-2024 02:52:14.040 INFO [main] org.apache.catalina.startup.Catalina.start Server startup in [602] milliseconds
29-Sep-2024 02:53:29.054 INFO [Thread-1] org.apache.coyote.AbstractProtocol.pause Pausing ProtocolHandler ["http-nio-8080"]
29-Sep-2024 02:53:29.055 INFO [Thread-1] org.apache.catalina.core.StandardService.stopInternal Stopping service [Catalina]
29-Sep-2024 02:53:29.059 WARNING [Thread-1] org.apache.catalina.loader.WebappClassLoaderBase.clearReferencesJdbc The web application [myREST] registered the JDBC driver [org.postgresql.Driver] but failed to unregister it when the web application was stopped. To prevent a memory leak, the JDBC Driver has been forcibly unregistered.
29-Sep-2024 02:53:29.065 INFO [Thread-1] org.apache.coyote.AbstractProtocol.stop Stopping ProtocolHandler ["http-nio-8080"]
29-Sep-2024 02:53:29.067 INFO [Thread-1] org.apache.coyote.AbstractProtocol.destroy Destroying ProtocolHandler ["http-nio-8080"]
29-Sep-2024 09:42:39.696 INFO [main] org.apache.catalina.startup.VersionLoggerListener.log Server version name:   Apache Tomcat/9.0.93
29-Sep-2024 09:42:39.699 INFO [main] org.apache.catalina.startup.VersionLoggerListener.log Server built:          Aug 2 2024 21:24:59 UTC
29-Sep-2024 09:42:39.699 INFO [main] org.apache.catalina.startup.VersionLoggerListener.log Server version number: 9.0.93.0
29-Sep-2024 09:42:39.699 INFO [main] org.apache.catalina.startup.VersionLoggerListener.log OS Name:               Linux
29-Sep-2024 09:42:39.699 INFO [main] org.apache.catalina.startup.VersionLoggerListener.log OS Version:            6.8.0-45-generic
29-Sep-2024 09:42:39.699 INFO [main] org.apache.catalina.startup.VersionLoggerListener.log Architecture:          amd64
29-Sep-2024 09:42:39.699 INFO [main] org.apache.catalina.startup.VersionLoggerListener.log Java Home:             /usr/lib/jvm/java-21-openjdk-amd64
29-Sep-2024 09:42:39.699 INFO [main] org.apache.catalina.startup.VersionLoggerListener.log JVM Version:           21.0.4+7-Ubuntu-1ubuntu222.04
29-Sep-2024 09:42:39.699 INFO [main] org.apache.catalina.startup.VersionLoggerListener.log JVM Vendor:            Ubuntu
29-Sep-2024 09:42:39.699 INFO [main] org.apache.catalina.startup.VersionLoggerListener.log CATALINA_BASE:         /home/dik/Desktop/java/myREST
29-Sep-2024 09:42:39.699 INFO [main] org.apache.catalina.startup.VersionLoggerListener.log CATALINA_HOME:         /home/dik/Desktop/java/myREST/tomcat
29-Sep-2024 09:42:39.704 INFO [main] org.apache.catalina.startup.VersionLoggerListener.log Command line argument: --add-opens=java.base/java.lang=ALL-UNNAMED
29-Sep-2024 09:42:39.704 INFO [main] org.apache.catalina.startup.VersionLoggerListener.log Command line argument: --add-opens=java.base/java.io=ALL-UNNAMED
29-Sep-2024 09:42:39.704 INFO [main] org.apache.catalina.startup.VersionLoggerListener.log Command line argument: --add-opens=java.base/java.util=ALL-UNNAMED
29-Sep-2024 09:42:39.704 INFO [main] org.apache.catalina.startup.VersionLoggerListener.log Command line argument: --add-opens=java.base/java.util.concurrent=ALL-UNNAMED
29-Sep-2024 09:42:39.704 INFO [main] org.apache.catalina.startup.VersionLoggerListener.log Command line argument: --add-opens=java.rmi/sun.rmi.transport=ALL-UNNAMED
29-Sep-2024 09:42:39.704 INFO [main] org.apache.catalina.startup.VersionLoggerListener.log Command line argument: -Dcatalina.home=/home/dik/Desktop/java/myREST/tomcat
29-Sep-2024 09:42:39.704 INFO [main] org.apache.catalina.startup.VersionLoggerListener.log Command line argument: -Dcatalina.base=/home/dik/Desktop/java/myREST
29-Sep-2024 09:42:39.704 INFO [main] org.apache.catalina.startup.VersionLoggerListener.log Command line argument: -Djava.io.tmpdir=/home/dik/Desktop/java/myREST/temp
29-Sep-2024 09:42:39.704 INFO [main] org.apache.catalina.startup.VersionLoggerListener.log Command line argument: -Djava.util.logging.config.file=/home/dik/Desktop/java/myREST/conf/logging.properties
29-Sep-2024 09:42:39.704 INFO [main] org.apache.catalina.startup.VersionLoggerListener.log Command line argument: -Djava.util.logging.manager=org.apache.juli.ClassLoaderLogManager
29-Sep-2024 09:42:39.705 INFO [main] org.apache.catalina.startup.VersionLoggerListener.log Command line argument: -javaagent:/home/dik/Desktop/idea-IC-241.18034.62/lib/idea_rt.jar=44823:/home/dik/Desktop/idea-IC-241.18034.62/bin
29-Sep-2024 09:42:39.705 INFO [main] org.apache.catalina.startup.VersionLoggerListener.log Command line argument: -Dfile.encoding=UTF-8
29-Sep-2024 09:42:39.705 INFO [main] org.apache.catalina.startup.VersionLoggerListener.log Command line argument: -Dsun.stdout.encoding=UTF-8
29-Sep-2024 09:42:39.705 INFO [main] org.apache.catalina.startup.VersionLoggerListener.log Command line argument: -Dsun.stderr.encoding=UTF-8
29-Sep-2024 09:42:39.707 INFO [main] org.apache.catalina.core.AprLifecycleListener.lifecycleEvent The Apache Tomcat Native library which allows using OpenSSL was not found on the java.library.path: [/usr/java/packages/lib:/usr/lib/x86_64-linux-gnu/jni:/lib/x86_64-linux-gnu:/usr/lib/x86_64-linux-gnu:/usr/lib/jni:/lib:/usr/lib]
29-Sep-2024 09:42:39.969 INFO [main] org.apache.coyote.AbstractProtocol.init Initializing ProtocolHandler ["http-nio-8080"]
29-Sep-2024 09:42:39.989 INFO [main] org.apache.catalina.startup.Catalina.load Server initialization in [464] milliseconds
29-Sep-2024 09:42:40.027 INFO [main] org.apache.catalina.core.StandardService.startInternal Starting service [Catalina]
29-Sep-2024 09:42:40.028 INFO [main] org.apache.catalina.core.StandardEngine.startInternal Starting Servlet engine: [Apache Tomcat/9.0.93]
29-Sep-2024 09:42:40.035 INFO [main] org.apache.catalina.startup.HostConfig.deployDescriptor Deploying deployment descriptor [/home/dik/Desktop/java/myREST/conf/Catalina/localhost/myREST.xml]
29-Sep-2024 09:42:40.662 INFO [main] org.apache.jasper.servlet.TldScanner.scanJars At least one JAR was scanned for TLDs yet contained no TLDs. Enable debug logging for this logger for a complete list of JARs that were scanned but no TLDs were found in them. Skipping unneeded JARs during scanning can improve startup time and JSP compilation time.
29-Sep-2024 09:42:40.684 INFO [main] org.apache.catalina.startup.HostConfig.deployDescriptor Deployment of deployment descriptor [/home/dik/Desktop/java/myREST/conf/Catalina/localhost/myREST.xml] has finished in [649] ms
29-Sep-2024 09:42:40.687 INFO [main] org.apache.coyote.AbstractProtocol.start Starting ProtocolHandler ["http-nio-8080"]
29-Sep-2024 09:42:40.692 INFO [main] org.apache.catalina.startup.Catalina.start Server startup in [701] milliseconds
29-Sep-2024 09:45:17.460 INFO [Thread-1] org.apache.coyote.AbstractProtocol.pause Pausing ProtocolHandler ["http-nio-8080"]
29-Sep-2024 09:45:17.461 INFO [Thread-1] org.apache.catalina.core.StandardService.stopInternal Stopping service [Catalina]
29-Sep-2024 09:45:17.465 WARNING [Thread-1] org.apache.catalina.loader.WebappClassLoaderBase.clearReferencesJdbc The web application [myREST] registered the JDBC driver [org.postgresql.Driver] but failed to unregister it when the web application was stopped. To prevent a memory leak, the JDBC Driver has been forcibly unregistered.
29-Sep-2024 09:45:17.470 INFO [Thread-1] org.apache.coyote.AbstractProtocol.stop Stopping ProtocolHandler ["http-nio-8080"]
29-Sep-2024 09:45:17.473 INFO [Thread-1] org.apache.coyote.AbstractProtocol.destroy Destroying ProtocolHandler ["http-nio-8080"]
29-Sep-2024 11:54:59.455 INFO [main] org.apache.catalina.startup.VersionLoggerListener.log Server version name:   Apache Tomcat/9.0.93
29-Sep-2024 11:54:59.458 INFO [main] org.apache.catalina.startup.VersionLoggerListener.log Server built:          Aug 2 2024 21:24:59 UTC
29-Sep-2024 11:54:59.458 INFO [main] org.apache.catalina.startup.VersionLoggerListener.log Server version number: 9.0.93.0
29-Sep-2024 11:54:59.458 INFO [main] org.apache.catalina.startup.VersionLoggerListener.log OS Name:               Linux
29-Sep-2024 11:54:59.458 INFO [main] org.apache.catalina.startup.VersionLoggerListener.log OS Version:            6.8.0-45-generic
29-Sep-2024 11:54:59.458 INFO [main] org.apache.catalina.startup.VersionLoggerListener.log Architecture:          amd64
29-Sep-2024 11:54:59.458 INFO [main] org.apache.catalina.startup.VersionLoggerListener.log Java Home:             /usr/lib/jvm/java-21-openjdk-amd64
29-Sep-2024 11:54:59.459 INFO [main] org.apache.catalina.startup.VersionLoggerListener.log JVM Version:           21.0.4+7-Ubuntu-1ubuntu222.04
29-Sep-2024 11:54:59.459 INFO [main] org.apache.catalina.startup.VersionLoggerListener.log JVM Vendor:            Ubuntu
29-Sep-2024 11:54:59.459 INFO [main] org.apache.catalina.startup.VersionLoggerListener.log CATALINA_BASE:         /home/dik/Desktop/java/myREST
29-Sep-2024 11:54:59.459 INFO [main] org.apache.catalina.startup.VersionLoggerListener.log CATALINA_HOME:         /home/dik/Desktop/java/myREST/tomcat
29-Sep-2024 11:54:59.464 INFO [main] org.apache.catalina.startup.VersionLoggerListener.log Command line argument: --add-opens=java.base/java.lang=ALL-UNNAMED
29-Sep-2024 11:54:59.464 INFO [main] org.apache.catalina.startup.VersionLoggerListener.log Command line argument: --add-opens=java.base/java.io=ALL-UNNAMED
29-Sep-2024 11:54:59.464 INFO [main] org.apache.catalina.startup.VersionLoggerListener.log Command line argument: --add-opens=java.base/java.util=ALL-UNNAMED
29-Sep-2024 11:54:59.464 INFO [main] org.apache.catalina.startup.VersionLoggerListener.log Command line argument: --add-opens=java.base/java.util.concurrent=ALL-UNNAMED
29-Sep-2024 11:54:59.464 INFO [main] org.apache.catalina.startup.VersionLoggerListener.log Command line argument: --add-opens=java.rmi/sun.rmi.transport=ALL-UNNAMED
29-Sep-2024 11:54:59.464 INFO [main] org.apache.catalina.startup.VersionLoggerListener.log Command line argument: -Dcatalina.home=/home/dik/Desktop/java/myREST/tomcat
29-Sep-2024 11:54:59.465 INFO [main] org.apache.catalina.startup.VersionLoggerListener.log Command line argument: -Dcatalina.base=/home/dik/Desktop/java/myREST
29-Sep-2024 11:54:59.465 INFO [main] org.apache.catalina.startup.VersionLoggerListener.log Command line argument: -Djava.io.tmpdir=/home/dik/Desktop/java/myREST/temp
29-Sep-2024 11:54:59.465 INFO [main] org.apache.catalina.startup.VersionLoggerListener.log Command line argument: -Djava.util.logging.config.file=/home/dik/Desktop/java/myREST/conf/logging.properties
29-Sep-2024 11:54:59.465 INFO [main] org.apache.catalina.startup.VersionLoggerListener.log Command line argument: -Djava.util.logging.manager=org.apache.juli.ClassLoaderLogManager
29-Sep-2024 11:54:59.465 INFO [main] org.apache.catalina.startup.VersionLoggerListener.log Command line argument: -javaagent:/home/dik/Desktop/idea-IC-241.18034.62/lib/idea_rt.jar=42507:/home/dik/Desktop/idea-IC-241.18034.62/bin
29-Sep-2024 11:54:59.465 INFO [main] org.apache.catalina.startup.VersionLoggerListener.log Command line argument: -Dfile.encoding=UTF-8
29-Sep-2024 11:54:59.465 INFO [main] org.apache.catalina.startup.VersionLoggerListener.log Command line argument: -Dsun.stdout.encoding=UTF-8
29-Sep-2024 11:54:59.465 INFO [main] org.apache.catalina.startup.VersionLoggerListener.log Command line argument: -Dsun.stderr.encoding=UTF-8
29-Sep-2024 11:54:59.467 INFO [main] org.apache.catalina.core.AprLifecycleListener.lifecycleEvent The Apache Tomcat Native library which allows using OpenSSL was not found on the java.library.path: [/usr/java/packages/lib:/usr/lib/x86_64-linux-gnu/jni:/lib/x86_64-linux-gnu:/usr/lib/x86_64-linux-gnu:/usr/lib/jni:/lib:/usr/lib]
29-Sep-2024 11:54:59.764 INFO [main] org.apache.coyote.AbstractProtocol.init Initializing ProtocolHandler ["http-nio-8080"]
29-Sep-2024 11:54:59.782 INFO [main] org.apache.catalina.startup.Catalina.load Server initialization in [502] milliseconds
29-Sep-2024 11:54:59.820 INFO [main] org.apache.catalina.core.StandardService.startInternal Starting service [Catalina]
29-Sep-2024 11:54:59.820 INFO [main] org.apache.catalina.core.StandardEngine.startInternal Starting Servlet engine: [Apache Tomcat/9.0.93]
29-Sep-2024 11:54:59.826 INFO [main] org.apache.catalina.startup.HostConfig.deployDescriptor Deploying deployment descriptor [/home/dik/Desktop/java/myREST/conf/Catalina/localhost/myREST.xml]
29-Sep-2024 11:55:00.391 INFO [main] org.apache.jasper.servlet.TldScanner.scanJars At least one JAR was scanned for TLDs yet contained no TLDs. Enable debug logging for this logger for a complete list of JARs that were scanned but no TLDs were found in them. Skipping unneeded JARs during scanning can improve startup time and JSP compilation time.
29-Sep-2024 11:55:00.410 INFO [main] org.apache.catalina.startup.HostConfig.deployDescriptor Deployment of deployment descriptor [/home/dik/Desktop/java/myREST/conf/Catalina/localhost/myREST.xml] has finished in [583] ms
29-Sep-2024 11:55:00.412 INFO [main] org.apache.coyote.AbstractProtocol.start Starting ProtocolHandler ["http-nio-8080"]
29-Sep-2024 11:55:00.417 INFO [main] org.apache.catalina.startup.Catalina.start Server startup in [633] milliseconds
29-Sep-2024 11:56:11.484 INFO [Thread-1] org.apache.coyote.AbstractProtocol.pause Pausing ProtocolHandler ["http-nio-8080"]
29-Sep-2024 11:56:11.485 INFO [Thread-1] org.apache.catalina.core.StandardService.stopInternal Stopping service [Catalina]
29-Sep-2024 11:56:11.488 WARNING [Thread-1] org.apache.catalina.loader.WebappClassLoaderBase.clearReferencesJdbc The web application [myREST] registered the JDBC driver [org.postgresql.Driver] but failed to unregister it when the web application was stopped. To prevent a memory leak, the JDBC Driver has been forcibly unregistered.
29-Sep-2024 11:56:11.493 INFO [Thread-1] org.apache.coyote.AbstractProtocol.stop Stopping ProtocolHandler ["http-nio-8080"]
29-Sep-2024 11:56:11.495 INFO [Thread-1] org.apache.coyote.AbstractProtocol.destroy Destroying ProtocolHandler ["http-nio-8080"]
29-Sep-2024 13:13:39.076 INFO [main] org.apache.catalina.startup.VersionLoggerListener.log Server version name:   Apache Tomcat/9.0.93
29-Sep-2024 13:13:39.079 INFO [main] org.apache.catalina.startup.VersionLoggerListener.log Server built:          Aug 2 2024 21:24:59 UTC
29-Sep-2024 13:13:39.079 INFO [main] org.apache.catalina.startup.VersionLoggerListener.log Server version number: 9.0.93.0
29-Sep-2024 13:13:39.079 INFO [main] org.apache.catalina.startup.VersionLoggerListener.log OS Name:               Linux
29-Sep-2024 13:13:39.079 INFO [main] org.apache.catalina.startup.VersionLoggerListener.log OS Version:            6.8.0-45-generic
29-Sep-2024 13:13:39.079 INFO [main] org.apache.catalina.startup.VersionLoggerListener.log Architecture:          amd64
29-Sep-2024 13:13:39.079 INFO [main] org.apache.catalina.startup.VersionLoggerListener.log Java Home:             /usr/lib/jvm/java-21-openjdk-amd64
29-Sep-2024 13:13:39.079 INFO [main] org.apache.catalina.startup.VersionLoggerListener.log JVM Version:           21.0.4+7-Ubuntu-1ubuntu222.04
29-Sep-2024 13:13:39.079 INFO [main] org.apache.catalina.startup.VersionLoggerListener.log JVM Vendor:            Ubuntu
29-Sep-2024 13:13:39.079 INFO [main] org.apache.catalina.startup.VersionLoggerListener.log CATALINA_BASE:         /home/dik/Desktop/java/myREST
29-Sep-2024 13:13:39.079 INFO [main] org.apache.catalina.startup.VersionLoggerListener.log CATALINA_HOME:         /home/dik/Desktop/java/myREST/tomcat
29-Sep-2024 13:13:39.083 INFO [main] org.apache.catalina.startup.VersionLoggerListener.log Command line argument: --add-opens=java.base/java.lang=ALL-UNNAMED
29-Sep-2024 13:13:39.083 INFO [main] org.apache.catalina.startup.VersionLoggerListener.log Command line argument: --add-opens=java.base/java.io=ALL-UNNAMED
29-Sep-2024 13:13:39.083 INFO [main] org.apache.catalina.startup.VersionLoggerListener.log Command line argument: --add-opens=java.base/java.util=ALL-UNNAMED
29-Sep-2024 13:13:39.083 INFO [main] org.apache.catalina.startup.VersionLoggerListener.log Command line argument: --add-opens=java.base/java.util.concurrent=ALL-UNNAMED
29-Sep-2024 13:13:39.083 INFO [main] org.apache.catalina.startup.VersionLoggerListener.log Command line argument: --add-opens=java.rmi/sun.rmi.transport=ALL-UNNAMED
29-Sep-2024 13:13:39.083 INFO [main] org.apache.catalina.startup.VersionLoggerListener.log Command line argument: -Dcatalina.home=/home/dik/Desktop/java/myREST/tomcat
29-Sep-2024 13:13:39.084 INFO [main] org.apache.catalina.startup.VersionLoggerListener.log Command line argument: -Dcatalina.base=/home/dik/Desktop/java/myREST
29-Sep-2024 13:13:39.084 INFO [main] org.apache.catalina.startup.VersionLoggerListener.log Command line argument: -Djava.io.tmpdir=/home/dik/Desktop/java/myREST/temp
29-Sep-2024 13:13:39.084 INFO [main] org.apache.catalina.startup.VersionLoggerListener.log Command line argument: -Djava.util.logging.config.file=/home/dik/Desktop/java/myREST/conf/logging.properties
29-Sep-2024 13:13:39.084 INFO [main] org.apache.catalina.startup.VersionLoggerListener.log Command line argument: -Djava.util.logging.manager=org.apache.juli.ClassLoaderLogManager
29-Sep-2024 13:13:39.084 INFO [main] org.apache.catalina.startup.VersionLoggerListener.log Command line argument: -javaagent:/home/dik/Desktop/idea-IC-241.18034.62/lib/idea_rt.jar=41059:/home/dik/Desktop/idea-IC-241.18034.62/bin
29-Sep-2024 13:13:39.084 INFO [main] org.apache.catalina.startup.VersionLoggerListener.log Command line argument: -Dfile.encoding=UTF-8
29-Sep-2024 13:13:39.084 INFO [main] org.apache.catalina.startup.VersionLoggerListener.log Command line argument: -Dsun.stdout.encoding=UTF-8
29-Sep-2024 13:13:39.084 INFO [main] org.apache.catalina.startup.VersionLoggerListener.log Command line argument: -Dsun.stderr.encoding=UTF-8
29-Sep-2024 13:13:39.085 INFO [main] org.apache.catalina.core.AprLifecycleListener.lifecycleEvent The Apache Tomcat Native library which allows using OpenSSL was not found on the java.library.path: [/usr/java/packages/lib:/usr/lib/x86_64-linux-gnu/jni:/lib/x86_64-linux-gnu:/usr/lib/x86_64-linux-gnu:/usr/lib/jni:/lib:/usr/lib]
29-Sep-2024 13:13:39.292 INFO [main] org.apache.coyote.AbstractProtocol.init Initializing ProtocolHandler ["http-nio-8080"]
29-Sep-2024 13:13:39.304 INFO [main] org.apache.catalina.startup.Catalina.load Server initialization in [351] milliseconds
29-Sep-2024 13:13:39.335 INFO [main] org.apache.catalina.core.StandardService.startInternal Starting service [Catalina]
29-Sep-2024 13:13:39.335 INFO [main] org.apache.catalina.core.StandardEngine.startInternal Starting Servlet engine: [Apache Tomcat/9.0.93]
29-Sep-2024 13:13:39.341 INFO [main] org.apache.catalina.startup.HostConfig.deployDescriptor Deploying deployment descriptor [/home/dik/Desktop/java/myREST/conf/Catalina/localhost/myREST.xml]
29-Sep-2024 13:13:39.855 INFO [main] org.apache.jasper.servlet.TldScanner.scanJars At least one JAR was scanned for TLDs yet contained no TLDs. Enable debug logging for this logger for a complete list of JARs that were scanned but no TLDs were found in them. Skipping unneeded JARs during scanning can improve startup time and JSP compilation time.
29-Sep-2024 13:13:39.877 INFO [main] org.apache.catalina.startup.HostConfig.deployDescriptor Deployment of deployment descriptor [/home/dik/Desktop/java/myREST/conf/Catalina/localhost/myREST.xml] has finished in [535] ms
29-Sep-2024 13:13:39.879 INFO [main] org.apache.coyote.AbstractProtocol.start Starting ProtocolHandler ["http-nio-8080"]
29-Sep-2024 13:13:39.885 INFO [main] org.apache.catalina.startup.Catalina.start Server startup in [579] milliseconds
29-Sep-2024 13:13:41.356 INFO [Thread-1] org.apache.coyote.AbstractProtocol.pause Pausing ProtocolHandler ["http-nio-8080"]
29-Sep-2024 13:13:41.358 INFO [Thread-1] org.apache.catalina.core.StandardService.stopInternal Stopping service [Catalina]
29-Sep-2024 13:13:41.366 INFO [Thread-1] org.apache.coyote.AbstractProtocol.stop Stopping ProtocolHandler ["http-nio-8080"]
29-Sep-2024 13:13:41.369 INFO [Thread-1] org.apache.coyote.AbstractProtocol.destroy Destroying ProtocolHandler ["http-nio-8080"]
29-Sep-2024 22:30:24.689 INFO [main] org.apache.catalina.startup.VersionLoggerListener.log Server version name:   Apache Tomcat/9.0.93
29-Sep-2024 22:30:24.692 INFO [main] org.apache.catalina.startup.VersionLoggerListener.log Server built:          Aug 2 2024 21:24:59 UTC
29-Sep-2024 22:30:24.692 INFO [main] org.apache.catalina.startup.VersionLoggerListener.log Server version number: 9.0.93.0
29-Sep-2024 22:30:24.692 INFO [main] org.apache.catalina.startup.VersionLoggerListener.log OS Name:               Linux
29-Sep-2024 22:30:24.692 INFO [main] org.apache.catalina.startup.VersionLoggerListener.log OS Version:            6.8.0-45-generic
29-Sep-2024 22:30:24.692 INFO [main] org.apache.catalina.startup.VersionLoggerListener.log Architecture:          amd64
29-Sep-2024 22:30:24.692 INFO [main] org.apache.catalina.startup.VersionLoggerListener.log Java Home:             /usr/lib/jvm/java-21-openjdk-amd64
29-Sep-2024 22:30:24.692 INFO [main] org.apache.catalina.startup.VersionLoggerListener.log JVM Version:           21.0.4+7-Ubuntu-1ubuntu222.04
29-Sep-2024 22:30:24.692 INFO [main] org.apache.catalina.startup.VersionLoggerListener.log JVM Vendor:            Ubuntu
29-Sep-2024 22:30:24.692 INFO [main] org.apache.catalina.startup.VersionLoggerListener.log CATALINA_BASE:         /home/dik/Desktop/java/myREST
29-Sep-2024 22:30:24.693 INFO [main] org.apache.catalina.startup.VersionLoggerListener.log CATALINA_HOME:         /home/dik/Desktop/java/myREST/tomcat
29-Sep-2024 22:30:24.697 INFO [main] org.apache.catalina.startup.VersionLoggerListener.log Command line argument: --add-opens=java.base/java.lang=ALL-UNNAMED
29-Sep-2024 22:30:24.697 INFO [main] org.apache.catalina.startup.VersionLoggerListener.log Command line argument: --add-opens=java.base/java.io=ALL-UNNAMED
29-Sep-2024 22:30:24.697 INFO [main] org.apache.catalina.startup.VersionLoggerListener.log Command line argument: --add-opens=java.base/java.util=ALL-UNNAMED
29-Sep-2024 22:30:24.697 INFO [main] org.apache.catalina.startup.VersionLoggerListener.log Command line argument: --add-opens=java.base/java.util.concurrent=ALL-UNNAMED
29-Sep-2024 22:30:24.697 INFO [main] org.apache.catalina.startup.VersionLoggerListener.log Command line argument: --add-opens=java.rmi/sun.rmi.transport=ALL-UNNAMED
29-Sep-2024 22:30:24.697 INFO [main] org.apache.catalina.startup.VersionLoggerListener.log Command line argument: -Dcatalina.home=/home/dik/Desktop/java/myREST/tomcat
29-Sep-2024 22:30:24.697 INFO [main] org.apache.catalina.startup.VersionLoggerListener.log Command line argument: -Dcatalina.base=/home/dik/Desktop/java/myREST
29-Sep-2024 22:30:24.697 INFO [main] org.apache.catalina.startup.VersionLoggerListener.log Command line argument: -Djava.io.tmpdir=/home/dik/Desktop/java/myREST/temp
29-Sep-2024 22:30:24.698 INFO [main] org.apache.catalina.startup.VersionLoggerListener.log Command line argument: -Djava.util.logging.config.file=/home/dik/Desktop/java/myREST/conf/logging.properties
29-Sep-2024 22:30:24.698 INFO [main] org.apache.catalina.startup.VersionLoggerListener.log Command line argument: -Djava.util.logging.manager=org.apache.juli.ClassLoaderLogManager
29-Sep-2024 22:30:24.698 INFO [main] org.apache.catalina.startup.VersionLoggerListener.log Command line argument: -javaagent:/home/dik/Desktop/idea-IC-241.18034.62/lib/idea_rt.jar=37857:/home/dik/Desktop/idea-IC-241.18034.62/bin
29-Sep-2024 22:30:24.698 INFO [main] org.apache.catalina.startup.VersionLoggerListener.log Command line argument: -Dfile.encoding=UTF-8
29-Sep-2024 22:30:24.698 INFO [main] org.apache.catalina.startup.VersionLoggerListener.log Command line argument: -Dsun.stdout.encoding=UTF-8
29-Sep-2024 22:30:24.698 INFO [main] org.apache.catalina.startup.VersionLoggerListener.log Command line argument: -Dsun.stderr.encoding=UTF-8
29-Sep-2024 22:30:24.700 INFO [main] org.apache.catalina.core.AprLifecycleListener.lifecycleEvent The Apache Tomcat Native library which allows using OpenSSL was not found on the java.library.path: [/usr/java/packages/lib:/usr/lib/x86_64-linux-gnu/jni:/lib/x86_64-linux-gnu:/usr/lib/x86_64-linux-gnu:/usr/lib/jni:/lib:/usr/lib]
29-Sep-2024 22:30:24.963 INFO [main] org.apache.coyote.AbstractProtocol.init Initializing ProtocolHandler ["http-nio-8080"]
29-Sep-2024 22:30:24.981 INFO [main] org.apache.catalina.startup.Catalina.load Server initialization in [446] milliseconds
29-Sep-2024 22:30:25.017 INFO [main] org.apache.catalina.core.StandardService.startInternal Starting service [Catalina]
29-Sep-2024 22:30:25.018 INFO [main] org.apache.catalina.core.StandardEngine.startInternal Starting Servlet engine: [Apache Tomcat/9.0.93]
29-Sep-2024 22:30:25.023 INFO [main] org.apache.catalina.startup.HostConfig.deployDescriptor Deploying deployment descriptor [/home/dik/Desktop/java/myREST/conf/Catalina/localhost/myREST.xml]
29-Sep-2024 22:30:25.578 INFO [main] org.apache.jasper.servlet.TldScanner.scanJars At least one JAR was scanned for TLDs yet contained no TLDs. Enable debug logging for this logger for a complete list of JARs that were scanned but no TLDs were found in them. Skipping unneeded JARs during scanning can improve startup time and JSP compilation time.
29-Sep-2024 22:30:25.605 INFO [main] org.apache.catalina.startup.HostConfig.deployDescriptor Deployment of deployment descriptor [/home/dik/Desktop/java/myREST/conf/Catalina/localhost/myREST.xml] has finished in [582] ms
29-Sep-2024 22:30:25.608 INFO [main] org.apache.coyote.AbstractProtocol.start Starting ProtocolHandler ["http-nio-8080"]
29-Sep-2024 22:30:25.613 INFO [main] org.apache.catalina.startup.Catalina.start Server startup in [630] milliseconds
29-Sep-2024 22:38:39.927 INFO [Thread-1] org.apache.coyote.AbstractProtocol.pause Pausing ProtocolHandler ["http-nio-8080"]
29-Sep-2024 22:38:39.928 INFO [Thread-1] org.apache.catalina.core.StandardService.stopInternal Stopping service [Catalina]
29-Sep-2024 22:38:39.932 WARNING [Thread-1] org.apache.catalina.loader.WebappClassLoaderBase.clearReferencesJdbc The web application [myREST] registered the JDBC driver [org.postgresql.Driver] but failed to unregister it when the web application was stopped. To prevent a memory leak, the JDBC Driver has been forcibly unregistered.
29-Sep-2024 22:38:39.937 INFO [Thread-1] org.apache.coyote.AbstractProtocol.stop Stopping ProtocolHandler ["http-nio-8080"]
29-Sep-2024 22:38:39.939 INFO [Thread-1] org.apache.coyote.AbstractProtocol.destroy Destroying ProtocolHandler ["http-nio-8080"]
29-Sep-2024 22:38:55.431 INFO [main] org.apache.catalina.startup.VersionLoggerListener.log Server version name:   Apache Tomcat/9.0.93
29-Sep-2024 22:38:55.433 INFO [main] org.apache.catalina.startup.VersionLoggerListener.log Server built:          Aug 2 2024 21:24:59 UTC
29-Sep-2024 22:38:55.433 INFO [main] org.apache.catalina.startup.VersionLoggerListener.log Server version number: 9.0.93.0
29-Sep-2024 22:38:55.434 INFO [main] org.apache.catalina.startup.VersionLoggerListener.log OS Name:               Linux
29-Sep-2024 22:38:55.434 INFO [main] org.apache.catalina.startup.VersionLoggerListener.log OS Version:            6.8.0-45-generic
29-Sep-2024 22:38:55.434 INFO [main] org.apache.catalina.startup.VersionLoggerListener.log Architecture:          amd64
29-Sep-2024 22:38:55.434 INFO [main] org.apache.catalina.startup.VersionLoggerListener.log Java Home:             /usr/lib/jvm/java-21-openjdk-amd64
29-Sep-2024 22:38:55.434 INFO [main] org.apache.catalina.startup.VersionLoggerListener.log JVM Version:           21.0.4+7-Ubuntu-1ubuntu222.04
29-Sep-2024 22:38:55.434 INFO [main] org.apache.catalina.startup.VersionLoggerListener.log JVM Vendor:            Ubuntu
29-Sep-2024 22:38:55.434 INFO [main] org.apache.catalina.startup.VersionLoggerListener.log CATALINA_BASE:         /home/dik/Desktop/java/myREST
29-Sep-2024 22:38:55.434 INFO [main] org.apache.catalina.startup.VersionLoggerListener.log CATALINA_HOME:         /home/dik/Desktop/java/myREST/tomcat
29-Sep-2024 22:38:55.439 INFO [main] org.apache.catalina.startup.VersionLoggerListener.log Command line argument: --add-opens=java.base/java.lang=ALL-UNNAMED
29-Sep-2024 22:38:55.439 INFO [main] org.apache.catalina.startup.VersionLoggerListener.log Command line argument: --add-opens=java.base/java.io=ALL-UNNAMED
29-Sep-2024 22:38:55.439 INFO [main] org.apache.catalina.startup.VersionLoggerListener.log Command line argument: --add-opens=java.base/java.util=ALL-UNNAMED
29-Sep-2024 22:38:55.439 INFO [main] org.apache.catalina.startup.VersionLoggerListener.log Command line argument: --add-opens=java.base/java.util.concurrent=ALL-UNNAMED
29-Sep-2024 22:38:55.439 INFO [main] org.apache.catalina.startup.VersionLoggerListener.log Command line argument: --add-opens=java.rmi/sun.rmi.transport=ALL-UNNAMED
29-Sep-2024 22:38:55.439 INFO [main] org.apache.catalina.startup.VersionLoggerListener.log Command line argument: -Dcatalina.home=/home/dik/Desktop/java/myREST/tomcat
29-Sep-2024 22:38:55.439 INFO [main] org.apache.catalina.startup.VersionLoggerListener.log Command line argument: -Dcatalina.base=/home/dik/Desktop/java/myREST
29-Sep-2024 22:38:55.440 INFO [main] org.apache.catalina.startup.VersionLoggerListener.log Command line argument: -Djava.io.tmpdir=/home/dik/Desktop/java/myREST/temp
29-Sep-2024 22:38:55.440 INFO [main] org.apache.catalina.startup.VersionLoggerListener.log Command line argument: -Djava.util.logging.config.file=/home/dik/Desktop/java/myREST/conf/logging.properties
29-Sep-2024 22:38:55.440 INFO [main] org.apache.catalina.startup.VersionLoggerListener.log Command line argument: -Djava.util.logging.manager=org.apache.juli.ClassLoaderLogManager
29-Sep-2024 22:38:55.440 INFO [main] org.apache.catalina.startup.VersionLoggerListener.log Command line argument: -javaagent:/home/dik/Desktop/idea-IC-241.18034.62/lib/idea_rt.jar=41423:/home/dik/Desktop/idea-IC-241.18034.62/bin
29-Sep-2024 22:38:55.440 INFO [main] org.apache.catalina.startup.VersionLoggerListener.log Command line argument: -Dfile.encoding=UTF-8
29-Sep-2024 22:38:55.440 INFO [main] org.apache.catalina.startup.VersionLoggerListener.log Command line argument: -Dsun.stdout.encoding=UTF-8
29-Sep-2024 22:38:55.440 INFO [main] org.apache.catalina.startup.VersionLoggerListener.log Command line argument: -Dsun.stderr.encoding=UTF-8
29-Sep-2024 22:38:55.441 INFO [main] org.apache.catalina.core.AprLifecycleListener.lifecycleEvent The Apache Tomcat Native library which allows using OpenSSL was not found on the java.library.path: [/usr/java/packages/lib:/usr/lib/x86_64-linux-gnu/jni:/lib/x86_64-linux-gnu:/usr/lib/x86_64-linux-gnu:/usr/lib/jni:/lib:/usr/lib]
29-Sep-2024 22:38:55.691 INFO [main] org.apache.coyote.AbstractProtocol.init Initializing ProtocolHandler ["http-nio-8080"]
29-Sep-2024 22:38:55.706 INFO [main] org.apache.catalina.startup.Catalina.load Server initialization in [411] milliseconds
29-Sep-2024 22:38:55.735 INFO [main] org.apache.catalina.core.StandardService.startInternal Starting service [Catalina]
29-Sep-2024 22:38:55.735 INFO [main] org.apache.catalina.core.StandardEngine.startInternal Starting Servlet engine: [Apache Tomcat/9.0.93]
29-Sep-2024 22:38:55.740 INFO [main] org.apache.catalina.startup.HostConfig.deployDescriptor Deploying deployment descriptor [/home/dik/Desktop/java/myREST/conf/Catalina/localhost/myREST.xml]
29-Sep-2024 22:38:56.249 INFO [main] org.apache.jasper.servlet.TldScanner.scanJars At least one JAR was scanned for TLDs yet contained no TLDs. Enable debug logging for this logger for a complete list of JARs that were scanned but no TLDs were found in them. Skipping unneeded JARs during scanning can improve startup time and JSP compilation time.
29-Sep-2024 22:38:56.268 INFO [main] org.apache.catalina.startup.HostConfig.deployDescriptor Deployment of deployment descriptor [/home/dik/Desktop/java/myREST/conf/Catalina/localhost/myREST.xml] has finished in [528] ms
29-Sep-2024 22:38:56.270 INFO [main] org.apache.coyote.AbstractProtocol.start Starting ProtocolHandler ["http-nio-8080"]
29-Sep-2024 22:38:56.275 INFO [main] org.apache.catalina.startup.Catalina.start Server startup in [568] milliseconds
29-Sep-2024 22:47:17.113 INFO [Thread-1] org.apache.coyote.AbstractProtocol.pause Pausing ProtocolHandler ["http-nio-8080"]
29-Sep-2024 22:47:17.114 INFO [Thread-1] org.apache.catalina.core.StandardService.stopInternal Stopping service [Catalina]
29-Sep-2024 22:47:17.117 WARNING [Thread-1] org.apache.catalina.loader.WebappClassLoaderBase.clearReferencesJdbc The web application [myREST] registered the JDBC driver [org.postgresql.Driver] but failed to unregister it when the web application was stopped. To prevent a memory leak, the JDBC Driver has been forcibly unregistered.
29-Sep-2024 22:47:17.119 INFO [Thread-1] org.apache.coyote.AbstractProtocol.stop Stopping ProtocolHandler ["http-nio-8080"]
29-Sep-2024 22:47:17.121 INFO [Thread-1] org.apache.coyote.AbstractProtocol.destroy Destroying ProtocolHandler ["http-nio-8080"]
29-Sep-2024 22:47:38.216 INFO [main] org.apache.catalina.startup.VersionLoggerListener.log Server version name:   Apache Tomcat/9.0.93
29-Sep-2024 22:47:38.219 INFO [main] org.apache.catalina.startup.VersionLoggerListener.log Server built:          Aug 2 2024 21:24:59 UTC
29-Sep-2024 22:47:38.219 INFO [main] org.apache.catalina.startup.VersionLoggerListener.log Server version number: 9.0.93.0
29-Sep-2024 22:47:38.219 INFO [main] org.apache.catalina.startup.VersionLoggerListener.log OS Name:               Linux
29-Sep-2024 22:47:38.219 INFO [main] org.apache.catalina.startup.VersionLoggerListener.log OS Version:            6.8.0-45-generic
29-Sep-2024 22:47:38.219 INFO [main] org.apache.catalina.startup.VersionLoggerListener.log Architecture:          amd64
29-Sep-2024 22:47:38.219 INFO [main] org.apache.catalina.startup.VersionLoggerListener.log Java Home:             /usr/lib/jvm/java-21-openjdk-amd64
29-Sep-2024 22:47:38.219 INFO [main] org.apache.catalina.startup.VersionLoggerListener.log JVM Version:           21.0.4+7-Ubuntu-1ubuntu222.04
29-Sep-2024 22:47:38.219 INFO [main] org.apache.catalina.startup.VersionLoggerListener.log JVM Vendor:            Ubuntu
29-Sep-2024 22:47:38.219 INFO [main] org.apache.catalina.startup.VersionLoggerListener.log CATALINA_BASE:         /home/dik/Desktop/java/myREST
29-Sep-2024 22:47:38.219 INFO [main] org.apache.catalina.startup.VersionLoggerListener.log CATALINA_HOME:         /home/dik/Desktop/java/myREST/tomcat
29-Sep-2024 22:47:38.226 INFO [main] org.apache.catalina.startup.VersionLoggerListener.log Command line argument: --add-opens=java.base/java.lang=ALL-UNNAMED
29-Sep-2024 22:47:38.226 INFO [main] org.apache.catalina.startup.VersionLoggerListener.log Command line argument: --add-opens=java.base/java.io=ALL-UNNAMED
29-Sep-2024 22:47:38.226 INFO [main] org.apache.catalina.startup.VersionLoggerListener.log Command line argument: --add-opens=java.base/java.util=ALL-UNNAMED
29-Sep-2024 22:47:38.227 INFO [main] org.apache.catalina.startup.VersionLoggerListener.log Command line argument: --add-opens=java.base/java.util.concurrent=ALL-UNNAMED
29-Sep-2024 22:47:38.227 INFO [main] org.apache.catalina.startup.VersionLoggerListener.log Command line argument: --add-opens=java.rmi/sun.rmi.transport=ALL-UNNAMED
29-Sep-2024 22:47:38.227 INFO [main] org.apache.catalina.startup.VersionLoggerListener.log Command line argument: -Dcatalina.home=/home/dik/Desktop/java/myREST/tomcat
29-Sep-2024 22:47:38.227 INFO [main] org.apache.catalina.startup.VersionLoggerListener.log Command line argument: -Dcatalina.base=/home/dik/Desktop/java/myREST
29-Sep-2024 22:47:38.227 INFO [main] org.apache.catalina.startup.VersionLoggerListener.log Command line argument: -Djava.io.tmpdir=/home/dik/Desktop/java/myREST/temp
29-Sep-2024 22:47:38.227 INFO [main] org.apache.catalina.startup.VersionLoggerListener.log Command line argument: -Djava.util.logging.config.file=/home/dik/Desktop/java/myREST/conf/logging.properties
29-Sep-2024 22:47:38.227 INFO [main] org.apache.catalina.startup.VersionLoggerListener.log Command line argument: -Djava.util.logging.manager=org.apache.juli.ClassLoaderLogManager
29-Sep-2024 22:47:38.227 INFO [main] org.apache.catalina.startup.VersionLoggerListener.log Command line argument: -javaagent:/home/dik/Desktop/idea-IC-241.18034.62/lib/idea_rt.jar=37681:/home/dik/Desktop/idea-IC-241.18034.62/bin
29-Sep-2024 22:47:38.227 INFO [main] org.apache.catalina.startup.VersionLoggerListener.log Command line argument: -Dfile.encoding=UTF-8
29-Sep-2024 22:47:38.227 INFO [main] org.apache.catalina.startup.VersionLoggerListener.log Command line argument: -Dsun.stdout.encoding=UTF-8
29-Sep-2024 22:47:38.227 INFO [main] org.apache.catalina.startup.VersionLoggerListener.log Command line argument: -Dsun.stderr.encoding=UTF-8
29-Sep-2024 22:47:38.229 INFO [main] org.apache.catalina.core.AprLifecycleListener.lifecycleEvent The Apache Tomcat Native library which allows using OpenSSL was not found on the java.library.path: [/usr/java/packages/lib:/usr/lib/x86_64-linux-gnu/jni:/lib/x86_64-linux-gnu:/usr/lib/x86_64-linux-gnu:/usr/lib/jni:/lib:/usr/lib]
29-Sep-2024 22:47:38.494 INFO [main] org.apache.coyote.AbstractProtocol.init Initializing ProtocolHandler ["http-nio-8080"]
29-Sep-2024 22:47:38.514 INFO [main] org.apache.catalina.startup.Catalina.load Server initialization in [449] milliseconds
29-Sep-2024 22:47:38.548 INFO [main] org.apache.catalina.core.StandardService.startInternal Starting service [Catalina]
29-Sep-2024 22:47:38.548 INFO [main] org.apache.catalina.core.StandardEngine.startInternal Starting Servlet engine: [Apache Tomcat/9.0.93]
29-Sep-2024 22:47:38.554 INFO [main] org.apache.catalina.startup.HostConfig.deployDescriptor Deploying deployment descriptor [/home/dik/Desktop/java/myREST/conf/Catalina/localhost/myREST.xml]
29-Sep-2024 22:47:39.142 INFO [main] org.apache.jasper.servlet.TldScanner.scanJars At least one JAR was scanned for TLDs yet contained no TLDs. Enable debug logging for this logger for a complete list of JARs that were scanned but no TLDs were found in them. Skipping unneeded JARs during scanning can improve startup time and JSP compilation time.
29-Sep-2024 22:47:39.164 INFO [main] org.apache.catalina.startup.HostConfig.deployDescriptor Deployment of deployment descriptor [/home/dik/Desktop/java/myREST/conf/Catalina/localhost/myREST.xml] has finished in [611] ms
29-Sep-2024 22:47:39.167 INFO [main] org.apache.coyote.AbstractProtocol.start Starting ProtocolHandler ["http-nio-8080"]
29-Sep-2024 22:47:39.172 INFO [main] org.apache.catalina.startup.Catalina.start Server startup in [657] milliseconds
29-Sep-2024 22:53:02.121 INFO [Thread-1] org.apache.coyote.AbstractProtocol.pause Pausing ProtocolHandler ["http-nio-8080"]
29-Sep-2024 22:53:02.122 INFO [Thread-1] org.apache.catalina.core.StandardService.stopInternal Stopping service [Catalina]
29-Sep-2024 22:53:02.126 WARNING [Thread-1] org.apache.catalina.loader.WebappClassLoaderBase.clearReferencesJdbc The web application [myREST] registered the JDBC driver [org.postgresql.Driver] but failed to unregister it when the web application was stopped. To prevent a memory leak, the JDBC Driver has been forcibly unregistered.
29-Sep-2024 22:53:02.129 INFO [Thread-1] org.apache.coyote.AbstractProtocol.stop Stopping ProtocolHandler ["http-nio-8080"]
29-Sep-2024 22:53:02.132 INFO [Thread-1] org.apache.coyote.AbstractProtocol.destroy Destroying ProtocolHandler ["http-nio-8080"]
29-Sep-2024 22:53:18.569 INFO [main] org.apache.catalina.startup.VersionLoggerListener.log Server version name:   Apache Tomcat/9.0.93
29-Sep-2024 22:53:18.572 INFO [main] org.apache.catalina.startup.VersionLoggerListener.log Server built:          Aug 2 2024 21:24:59 UTC
29-Sep-2024 22:53:18.572 INFO [main] org.apache.catalina.startup.VersionLoggerListener.log Server version number: 9.0.93.0
29-Sep-2024 22:53:18.572 INFO [main] org.apache.catalina.startup.VersionLoggerListener.log OS Name:               Linux
29-Sep-2024 22:53:18.572 INFO [main] org.apache.catalina.startup.VersionLoggerListener.log OS Version:            6.8.0-45-generic
29-Sep-2024 22:53:18.572 INFO [main] org.apache.catalina.startup.VersionLoggerListener.log Architecture:          amd64
29-Sep-2024 22:53:18.572 INFO [main] org.apache.catalina.startup.VersionLoggerListener.log Java Home:             /usr/lib/jvm/java-21-openjdk-amd64
29-Sep-2024 22:53:18.572 INFO [main] org.apache.catalina.startup.VersionLoggerListener.log JVM Version:           21.0.4+7-Ubuntu-1ubuntu222.04
29-Sep-2024 22:53:18.572 INFO [main] org.apache.catalina.startup.VersionLoggerListener.log JVM Vendor:            Ubuntu
29-Sep-2024 22:53:18.572 INFO [main] org.apache.catalina.startup.VersionLoggerListener.log CATALINA_BASE:         /home/dik/Desktop/java/myREST
29-Sep-2024 22:53:18.572 INFO [main] org.apache.catalina.startup.VersionLoggerListener.log CATALINA_HOME:         /home/dik/Desktop/java/myREST/tomcat
29-Sep-2024 22:53:18.578 INFO [main] org.apache.catalina.startup.VersionLoggerListener.log Command line argument: --add-opens=java.base/java.lang=ALL-UNNAMED
29-Sep-2024 22:53:18.578 INFO [main] org.apache.catalina.startup.VersionLoggerListener.log Command line argument: --add-opens=java.base/java.io=ALL-UNNAMED
29-Sep-2024 22:53:18.579 INFO [main] org.apache.catalina.startup.VersionLoggerListener.log Command line argument: --add-opens=java.base/java.util=ALL-UNNAMED
29-Sep-2024 22:53:18.579 INFO [main] org.apache.catalina.startup.VersionLoggerListener.log Command line argument: --add-opens=java.base/java.util.concurrent=ALL-UNNAMED
29-Sep-2024 22:53:18.579 INFO [main] org.apache.catalina.startup.VersionLoggerListener.log Command line argument: --add-opens=java.rmi/sun.rmi.transport=ALL-UNNAMED
29-Sep-2024 22:53:18.579 INFO [main] org.apache.catalina.startup.VersionLoggerListener.log Command line argument: -Dcatalina.home=/home/dik/Desktop/java/myREST/tomcat
29-Sep-2024 22:53:18.579 INFO [main] org.apache.catalina.startup.VersionLoggerListener.log Command line argument: -Dcatalina.base=/home/dik/Desktop/java/myREST
29-Sep-2024 22:53:18.579 INFO [main] org.apache.catalina.startup.VersionLoggerListener.log Command line argument: -Djava.io.tmpdir=/home/dik/Desktop/java/myREST/temp
29-Sep-2024 22:53:18.579 INFO [main] org.apache.catalina.startup.VersionLoggerListener.log Command line argument: -Djava.util.logging.config.file=/home/dik/Desktop/java/myREST/conf/logging.properties
29-Sep-2024 22:53:18.579 INFO [main] org.apache.catalina.startup.VersionLoggerListener.log Command line argument: -Djava.util.logging.manager=org.apache.juli.ClassLoaderLogManager
29-Sep-2024 22:53:18.579 INFO [main] org.apache.catalina.startup.VersionLoggerListener.log Command line argument: -javaagent:/home/dik/Desktop/idea-IC-241.18034.62/lib/idea_rt.jar=34205:/home/dik/Desktop/idea-IC-241.18034.62/bin
29-Sep-2024 22:53:18.579 INFO [main] org.apache.catalina.startup.VersionLoggerListener.log Command line argument: -Dfile.encoding=UTF-8
29-Sep-2024 22:53:18.579 INFO [main] org.apache.catalina.startup.VersionLoggerListener.log Command line argument: -Dsun.stdout.encoding=UTF-8
29-Sep-2024 22:53:18.579 INFO [main] org.apache.catalina.startup.VersionLoggerListener.log Command line argument: -Dsun.stderr.encoding=UTF-8
29-Sep-2024 22:53:18.581 INFO [main] org.apache.catalina.core.AprLifecycleListener.lifecycleEvent The Apache Tomcat Native library which allows using OpenSSL was not found on the java.library.path: [/usr/java/packages/lib:/usr/lib/x86_64-linux-gnu/jni:/lib/x86_64-linux-gnu:/usr/lib/x86_64-linux-gnu:/usr/lib/jni:/lib:/usr/lib]
29-Sep-2024 22:53:18.844 INFO [main] org.apache.coyote.AbstractProtocol.init Initializing ProtocolHandler ["http-nio-8080"]
29-Sep-2024 22:53:18.863 INFO [main] org.apache.catalina.startup.Catalina.load Server initialization in [419] milliseconds
29-Sep-2024 22:53:18.899 INFO [main] org.apache.catalina.core.StandardService.startInternal Starting service [Catalina]
29-Sep-2024 22:53:18.899 INFO [main] org.apache.catalina.core.StandardEngine.startInternal Starting Servlet engine: [Apache Tomcat/9.0.93]
29-Sep-2024 22:53:18.906 INFO [main] org.apache.catalina.startup.HostConfig.deployDescriptor Deploying deployment descriptor [/home/dik/Desktop/java/myREST/conf/Catalina/localhost/myREST.xml]
29-Sep-2024 22:53:19.451 INFO [main] org.apache.jasper.servlet.TldScanner.scanJars At least one JAR was scanned for TLDs yet contained no TLDs. Enable debug logging for this logger for a complete list of JARs that were scanned but no TLDs were found in them. Skipping unneeded JARs during scanning can improve startup time and JSP compilation time.
29-Sep-2024 22:53:19.470 INFO [main] org.apache.catalina.startup.HostConfig.deployDescriptor Deployment of deployment descriptor [/home/dik/Desktop/java/myREST/conf/Catalina/localhost/myREST.xml] has finished in [563] ms
29-Sep-2024 22:53:19.472 INFO [main] org.apache.coyote.AbstractProtocol.start Starting ProtocolHandler ["http-nio-8080"]
29-Sep-2024 22:53:19.478 INFO [main] org.apache.catalina.startup.Catalina.start Server startup in [613] milliseconds
29-Sep-2024 22:54:47.370 INFO [Thread-1] org.apache.coyote.AbstractProtocol.pause Pausing ProtocolHandler ["http-nio-8080"]
29-Sep-2024 22:54:47.371 INFO [Thread-1] org.apache.catalina.core.StandardService.stopInternal Stopping service [Catalina]
29-Sep-2024 22:54:47.374 WARNING [Thread-1] org.apache.catalina.loader.WebappClassLoaderBase.clearReferencesJdbc The web application [myREST] registered the JDBC driver [org.postgresql.Driver] but failed to unregister it when the web application was stopped. To prevent a memory leak, the JDBC Driver has been forcibly unregistered.
29-Sep-2024 22:54:47.377 INFO [Thread-1] org.apache.coyote.AbstractProtocol.stop Stopping ProtocolHandler ["http-nio-8080"]
29-Sep-2024 22:54:47.379 INFO [Thread-1] org.apache.coyote.AbstractProtocol.destroy Destroying ProtocolHandler ["http-nio-8080"]
