19-Sep-2024 07:13:48.944 INFO [main] org.apache.catalina.startup.VersionLoggerListener.log Server version name:   Apache Tomcat/9.0.93
19-Sep-2024 07:13:48.947 INFO [main] org.apache.catalina.startup.VersionLoggerListener.log Server built:          Aug 2 2024 21:24:59 UTC
19-Sep-2024 07:13:48.947 INFO [main] org.apache.catalina.startup.VersionLoggerListener.log Server version number: 9.0.93.0
19-Sep-2024 07:13:48.948 INFO [main] org.apache.catalina.startup.VersionLoggerListener.log OS Name:               Linux
19-Sep-2024 07:13:48.948 INFO [main] org.apache.catalina.startup.VersionLoggerListener.log OS Version:            6.8.0-40-generic
19-Sep-2024 07:13:48.948 INFO [main] org.apache.catalina.startup.VersionLoggerListener.log Architecture:          amd64
19-Sep-2024 07:13:48.948 INFO [main] org.apache.catalina.startup.VersionLoggerListener.log Java Home:             /usr/lib/jvm/java-21-openjdk-amd64
19-Sep-2024 07:13:48.948 INFO [main] org.apache.catalina.startup.VersionLoggerListener.log JVM Version:           21.0.4+7-Ubuntu-1ubuntu222.04
19-Sep-2024 07:13:48.948 INFO [main] org.apache.catalina.startup.VersionLoggerListener.log JVM Vendor:            Ubuntu
19-Sep-2024 07:13:48.948 INFO [main] org.apache.catalina.startup.VersionLoggerListener.log CATALINA_BASE:         /home/dik/Desktop/java/myREST
19-Sep-2024 07:13:48.948 INFO [main] org.apache.catalina.startup.VersionLoggerListener.log CATALINA_HOME:         /home/dik/Desktop/java/myREST/tomcat
19-Sep-2024 07:13:48.955 INFO [main] org.apache.catalina.startup.VersionLoggerListener.log Command line argument: --add-opens=java.base/java.lang=ALL-UNNAMED
19-Sep-2024 07:13:48.955 INFO [main] org.apache.catalina.startup.VersionLoggerListener.log Command line argument: --add-opens=java.base/java.io=ALL-UNNAMED
19-Sep-2024 07:13:48.955 INFO [main] org.apache.catalina.startup.VersionLoggerListener.log Command line argument: --add-opens=java.base/java.util=ALL-UNNAMED
19-Sep-2024 07:13:48.955 INFO [main] org.apache.catalina.startup.VersionLoggerListener.log Command line argument: --add-opens=java.base/java.util.concurrent=ALL-UNNAMED
19-Sep-2024 07:13:48.955 INFO [main] org.apache.catalina.startup.VersionLoggerListener.log Command line argument: --add-opens=java.rmi/sun.rmi.transport=ALL-UNNAMED
19-Sep-2024 07:13:48.955 INFO [main] org.apache.catalina.startup.VersionLoggerListener.log Command line argument: -Dcatalina.home=/home/dik/Desktop/java/myREST/tomcat
19-Sep-2024 07:13:48.956 INFO [main] org.apache.catalina.startup.VersionLoggerListener.log Command line argument: -Dcatalina.base=/home/dik/Desktop/java/myREST
19-Sep-2024 07:13:48.956 INFO [main] org.apache.catalina.startup.VersionLoggerListener.log Command line argument: -Djava.io.tmpdir=/home/dik/Desktop/java/myREST/temp
19-Sep-2024 07:13:48.956 INFO [main] org.apache.catalina.startup.VersionLoggerListener.log Command line argument: -Djava.util.logging.config.file=/home/dik/Desktop/java/myREST/conf/logging.properties
19-Sep-2024 07:13:48.956 INFO [main] org.apache.catalina.startup.VersionLoggerListener.log Command line argument: -Djava.util.logging.manager=org.apache.juli.ClassLoaderLogManager
19-Sep-2024 07:13:48.956 INFO [main] org.apache.catalina.startup.VersionLoggerListener.log Command line argument: -javaagent:/home/dik/Desktop/idea-IC-241.18034.62/lib/idea_rt.jar=33253:/home/dik/Desktop/idea-IC-241.18034.62/bin
19-Sep-2024 07:13:48.956 INFO [main] org.apache.catalina.startup.VersionLoggerListener.log Command line argument: -Dfile.encoding=UTF-8
19-Sep-2024 07:13:48.956 INFO [main] org.apache.catalina.startup.VersionLoggerListener.log Command line argument: -Dsun.stdout.encoding=UTF-8
19-Sep-2024 07:13:48.956 INFO [main] org.apache.catalina.startup.VersionLoggerListener.log Command line argument: -Dsun.stderr.encoding=UTF-8
19-Sep-2024 07:13:48.959 INFO [main] org.apache.catalina.core.AprLifecycleListener.lifecycleEvent The Apache Tomcat Native library which allows using OpenSSL was not found on the java.library.path: [/usr/java/packages/lib:/usr/lib/x86_64-linux-gnu/jni:/lib/x86_64-linux-gnu:/usr/lib/x86_64-linux-gnu:/usr/lib/jni:/lib:/usr/lib]
19-Sep-2024 07:13:49.320 INFO [main] org.apache.coyote.AbstractProtocol.init Initializing ProtocolHandler ["http-nio-8080"]
19-Sep-2024 07:13:49.338 INFO [main] org.apache.catalina.startup.Catalina.load Server initialization in [600] milliseconds
19-Sep-2024 07:13:49.375 INFO [main] org.apache.catalina.core.StandardService.startInternal Starting service [Catalina]
19-Sep-2024 07:13:49.375 INFO [main] org.apache.catalina.core.StandardEngine.startInternal Starting Servlet engine: [Apache Tomcat/9.0.93]
19-Sep-2024 07:13:49.381 INFO [main] org.apache.catalina.startup.HostConfig.deployDescriptor Deploying deployment descriptor [/home/dik/Desktop/java/myREST/conf/Catalina/localhost/myREST.xml]
19-Sep-2024 07:13:50.123 INFO [main] org.apache.jasper.servlet.TldScanner.scanJars At least one JAR was scanned for TLDs yet contained no TLDs. Enable debug logging for this logger for a complete list of JARs that were scanned but no TLDs were found in them. Skipping unneeded JARs during scanning can improve startup time and JSP compilation time.
19-Sep-2024 07:13:50.150 INFO [main] org.apache.catalina.startup.HostConfig.deployDescriptor Deployment of deployment descriptor [/home/dik/Desktop/java/myREST/conf/Catalina/localhost/myREST.xml] has finished in [769] ms
19-Sep-2024 07:13:50.154 INFO [main] org.apache.coyote.AbstractProtocol.start Starting ProtocolHandler ["http-nio-8080"]
19-Sep-2024 07:13:50.161 INFO [main] org.apache.catalina.startup.Catalina.start Server startup in [821] milliseconds
19-Sep-2024 08:27:23.940 INFO [Thread-1] org.apache.coyote.AbstractProtocol.pause Pausing ProtocolHandler ["http-nio-8080"]
19-Sep-2024 08:27:23.941 INFO [Thread-1] org.apache.catalina.core.StandardService.stopInternal Stopping service [Catalina]
19-Sep-2024 08:27:23.946 WARNING [Thread-1] org.apache.catalina.loader.WebappClassLoaderBase.clearReferencesJdbc The web application [myREST] registered the JDBC driver [org.postgresql.Driver] but failed to unregister it when the web application was stopped. To prevent a memory leak, the JDBC Driver has been forcibly unregistered.
19-Sep-2024 08:27:23.953 INFO [Thread-1] org.apache.coyote.AbstractProtocol.stop Stopping ProtocolHandler ["http-nio-8080"]
19-Sep-2024 08:27:23.964 INFO [Thread-1] org.apache.coyote.AbstractProtocol.destroy Destroying ProtocolHandler ["http-nio-8080"]
19-Sep-2024 08:27:25.029 INFO [main] org.apache.catalina.startup.VersionLoggerListener.log Server version name:   Apache Tomcat/9.0.93
19-Sep-2024 08:27:25.046 INFO [main] org.apache.catalina.startup.VersionLoggerListener.log Server built:          Aug 2 2024 21:24:59 UTC
19-Sep-2024 08:27:25.046 INFO [main] org.apache.catalina.startup.VersionLoggerListener.log Server version number: 9.0.93.0
19-Sep-2024 08:27:25.047 INFO [main] org.apache.catalina.startup.VersionLoggerListener.log OS Name:               Linux
19-Sep-2024 08:27:25.047 INFO [main] org.apache.catalina.startup.VersionLoggerListener.log OS Version:            6.8.0-40-generic
19-Sep-2024 08:27:25.047 INFO [main] org.apache.catalina.startup.VersionLoggerListener.log Architecture:          amd64
19-Sep-2024 08:27:25.047 INFO [main] org.apache.catalina.startup.VersionLoggerListener.log Java Home:             /usr/lib/jvm/java-21-openjdk-amd64
19-Sep-2024 08:27:25.047 INFO [main] org.apache.catalina.startup.VersionLoggerListener.log JVM Version:           21.0.4+7-Ubuntu-1ubuntu222.04
19-Sep-2024 08:27:25.047 INFO [main] org.apache.catalina.startup.VersionLoggerListener.log JVM Vendor:            Ubuntu
19-Sep-2024 08:27:25.047 INFO [main] org.apache.catalina.startup.VersionLoggerListener.log CATALINA_BASE:         /home/dik/Desktop/java/myREST
19-Sep-2024 08:27:25.047 INFO [main] org.apache.catalina.startup.VersionLoggerListener.log CATALINA_HOME:         /home/dik/Desktop/java/myREST/tomcat
19-Sep-2024 08:27:25.058 INFO [main] org.apache.catalina.startup.VersionLoggerListener.log Command line argument: --add-opens=java.base/java.lang=ALL-UNNAMED
19-Sep-2024 08:27:25.058 INFO [main] org.apache.catalina.startup.VersionLoggerListener.log Command line argument: --add-opens=java.base/java.io=ALL-UNNAMED
19-Sep-2024 08:27:25.058 INFO [main] org.apache.catalina.startup.VersionLoggerListener.log Command line argument: --add-opens=java.base/java.util=ALL-UNNAMED
19-Sep-2024 08:27:25.058 INFO [main] org.apache.catalina.startup.VersionLoggerListener.log Command line argument: --add-opens=java.base/java.util.concurrent=ALL-UNNAMED
19-Sep-2024 08:27:25.059 INFO [main] org.apache.catalina.startup.VersionLoggerListener.log Command line argument: --add-opens=java.rmi/sun.rmi.transport=ALL-UNNAMED
19-Sep-2024 08:27:25.059 INFO [main] org.apache.catalina.startup.VersionLoggerListener.log Command line argument: -Dcatalina.home=/home/dik/Desktop/java/myREST/tomcat
19-Sep-2024 08:27:25.059 INFO [main] org.apache.catalina.startup.VersionLoggerListener.log Command line argument: -Dcatalina.base=/home/dik/Desktop/java/myREST
19-Sep-2024 08:27:25.059 INFO [main] org.apache.catalina.startup.VersionLoggerListener.log Command line argument: -Djava.io.tmpdir=/home/dik/Desktop/java/myREST/temp
19-Sep-2024 08:27:25.059 INFO [main] org.apache.catalina.startup.VersionLoggerListener.log Command line argument: -Djava.util.logging.config.file=/home/dik/Desktop/java/myREST/conf/logging.properties
19-Sep-2024 08:27:25.059 INFO [main] org.apache.catalina.startup.VersionLoggerListener.log Command line argument: -Djava.util.logging.manager=org.apache.juli.ClassLoaderLogManager
19-Sep-2024 08:27:25.059 INFO [main] org.apache.catalina.startup.VersionLoggerListener.log Command line argument: -javaagent:/home/dik/Desktop/idea-IC-241.18034.62/lib/idea_rt.jar=35451:/home/dik/Desktop/idea-IC-241.18034.62/bin
19-Sep-2024 08:27:25.059 INFO [main] org.apache.catalina.startup.VersionLoggerListener.log Command line argument: -Dfile.encoding=UTF-8
19-Sep-2024 08:27:25.059 INFO [main] org.apache.catalina.startup.VersionLoggerListener.log Command line argument: -Dsun.stdout.encoding=UTF-8
19-Sep-2024 08:27:25.060 INFO [main] org.apache.catalina.startup.VersionLoggerListener.log Command line argument: -Dsun.stderr.encoding=UTF-8
19-Sep-2024 08:27:25.062 INFO [main] org.apache.catalina.core.AprLifecycleListener.lifecycleEvent The Apache Tomcat Native library which allows using OpenSSL was not found on the java.library.path: [/usr/java/packages/lib:/usr/lib/x86_64-linux-gnu/jni:/lib/x86_64-linux-gnu:/usr/lib/x86_64-linux-gnu:/usr/lib/jni:/lib:/usr/lib]
19-Sep-2024 08:27:25.433 INFO [main] org.apache.coyote.AbstractProtocol.init Initializing ProtocolHandler ["http-nio-8080"]
19-Sep-2024 08:27:25.450 INFO [main] org.apache.catalina.startup.Catalina.load Server initialization in [683] milliseconds
19-Sep-2024 08:27:25.483 INFO [main] org.apache.catalina.core.StandardService.startInternal Starting service [Catalina]
19-Sep-2024 08:27:25.484 INFO [main] org.apache.catalina.core.StandardEngine.startInternal Starting Servlet engine: [Apache Tomcat/9.0.93]
19-Sep-2024 08:27:25.489 INFO [main] org.apache.catalina.startup.HostConfig.deployDescriptor Deploying deployment descriptor [/home/dik/Desktop/java/myREST/conf/Catalina/localhost/myREST.xml]
19-Sep-2024 08:27:26.120 INFO [main] org.apache.jasper.servlet.TldScanner.scanJars At least one JAR was scanned for TLDs yet contained no TLDs. Enable debug logging for this logger for a complete list of JARs that were scanned but no TLDs were found in them. Skipping unneeded JARs during scanning can improve startup time and JSP compilation time.
19-Sep-2024 08:27:26.144 INFO [main] org.apache.catalina.startup.HostConfig.deployDescriptor Deployment of deployment descriptor [/home/dik/Desktop/java/myREST/conf/Catalina/localhost/myREST.xml] has finished in [654] ms
19-Sep-2024 08:27:26.146 INFO [main] org.apache.coyote.AbstractProtocol.start Starting ProtocolHandler ["http-nio-8080"]
19-Sep-2024 08:27:26.152 INFO [main] org.apache.catalina.startup.Catalina.start Server startup in [701] milliseconds
19-Sep-2024 09:12:07.757 INFO [Thread-1] org.apache.coyote.AbstractProtocol.pause Pausing ProtocolHandler ["http-nio-8080"]
19-Sep-2024 09:12:07.758 INFO [Thread-1] org.apache.catalina.core.StandardService.stopInternal Stopping service [Catalina]
19-Sep-2024 09:12:07.763 WARNING [Thread-1] org.apache.catalina.loader.WebappClassLoaderBase.clearReferencesJdbc The web application [myREST] registered the JDBC driver [org.postgresql.Driver] but failed to unregister it when the web application was stopped. To prevent a memory leak, the JDBC Driver has been forcibly unregistered.
19-Sep-2024 09:12:07.767 INFO [Thread-1] org.apache.coyote.AbstractProtocol.stop Stopping ProtocolHandler ["http-nio-8080"]
19-Sep-2024 09:12:07.769 INFO [Thread-1] org.apache.coyote.AbstractProtocol.destroy Destroying ProtocolHandler ["http-nio-8080"]
19-Sep-2024 09:12:12.748 INFO [main] org.apache.catalina.startup.VersionLoggerListener.log Server version name:   Apache Tomcat/9.0.93
19-Sep-2024 09:12:12.751 INFO [main] org.apache.catalina.startup.VersionLoggerListener.log Server built:          Aug 2 2024 21:24:59 UTC
19-Sep-2024 09:12:12.752 INFO [main] org.apache.catalina.startup.VersionLoggerListener.log Server version number: 9.0.93.0
19-Sep-2024 09:12:12.752 INFO [main] org.apache.catalina.startup.VersionLoggerListener.log OS Name:               Linux
19-Sep-2024 09:12:12.752 INFO [main] org.apache.catalina.startup.VersionLoggerListener.log OS Version:            6.8.0-40-generic
19-Sep-2024 09:12:12.752 INFO [main] org.apache.catalina.startup.VersionLoggerListener.log Architecture:          amd64
19-Sep-2024 09:12:12.752 INFO [main] org.apache.catalina.startup.VersionLoggerListener.log Java Home:             /usr/lib/jvm/java-21-openjdk-amd64
19-Sep-2024 09:12:12.752 INFO [main] org.apache.catalina.startup.VersionLoggerListener.log JVM Version:           21.0.4+7-Ubuntu-1ubuntu222.04
19-Sep-2024 09:12:12.752 INFO [main] org.apache.catalina.startup.VersionLoggerListener.log JVM Vendor:            Ubuntu
19-Sep-2024 09:12:12.752 INFO [main] org.apache.catalina.startup.VersionLoggerListener.log CATALINA_BASE:         /home/dik/Desktop/java/myREST
19-Sep-2024 09:12:12.752 INFO [main] org.apache.catalina.startup.VersionLoggerListener.log CATALINA_HOME:         /home/dik/Desktop/java/myREST/tomcat
19-Sep-2024 09:12:12.758 INFO [main] org.apache.catalina.startup.VersionLoggerListener.log Command line argument: --add-opens=java.base/java.lang=ALL-UNNAMED
19-Sep-2024 09:12:12.758 INFO [main] org.apache.catalina.startup.VersionLoggerListener.log Command line argument: --add-opens=java.base/java.io=ALL-UNNAMED
19-Sep-2024 09:12:12.759 INFO [main] org.apache.catalina.startup.VersionLoggerListener.log Command line argument: --add-opens=java.base/java.util=ALL-UNNAMED
19-Sep-2024 09:12:12.759 INFO [main] org.apache.catalina.startup.VersionLoggerListener.log Command line argument: --add-opens=java.base/java.util.concurrent=ALL-UNNAMED
19-Sep-2024 09:12:12.759 INFO [main] org.apache.catalina.startup.VersionLoggerListener.log Command line argument: --add-opens=java.rmi/sun.rmi.transport=ALL-UNNAMED
19-Sep-2024 09:12:12.759 INFO [main] org.apache.catalina.startup.VersionLoggerListener.log Command line argument: -Dcatalina.home=/home/dik/Desktop/java/myREST/tomcat
19-Sep-2024 09:12:12.759 INFO [main] org.apache.catalina.startup.VersionLoggerListener.log Command line argument: -Dcatalina.base=/home/dik/Desktop/java/myREST
19-Sep-2024 09:12:12.759 INFO [main] org.apache.catalina.startup.VersionLoggerListener.log Command line argument: -Djava.io.tmpdir=/home/dik/Desktop/java/myREST/temp
19-Sep-2024 09:12:12.759 INFO [main] org.apache.catalina.startup.VersionLoggerListener.log Command line argument: -Djava.util.logging.config.file=/home/dik/Desktop/java/myREST/conf/logging.properties
19-Sep-2024 09:12:12.759 INFO [main] org.apache.catalina.startup.VersionLoggerListener.log Command line argument: -Djava.util.logging.manager=org.apache.juli.ClassLoaderLogManager
19-Sep-2024 09:12:12.759 INFO [main] org.apache.catalina.startup.VersionLoggerListener.log Command line argument: -javaagent:/home/dik/Desktop/idea-IC-241.18034.62/lib/idea_rt.jar=39763:/home/dik/Desktop/idea-IC-241.18034.62/bin
19-Sep-2024 09:12:12.759 INFO [main] org.apache.catalina.startup.VersionLoggerListener.log Command line argument: -Dfile.encoding=UTF-8
19-Sep-2024 09:12:12.759 INFO [main] org.apache.catalina.startup.VersionLoggerListener.log Command line argument: -Dsun.stdout.encoding=UTF-8
19-Sep-2024 09:12:12.759 INFO [main] org.apache.catalina.startup.VersionLoggerListener.log Command line argument: -Dsun.stderr.encoding=UTF-8
19-Sep-2024 09:12:12.761 INFO [main] org.apache.catalina.core.AprLifecycleListener.lifecycleEvent The Apache Tomcat Native library which allows using OpenSSL was not found on the java.library.path: [/usr/java/packages/lib:/usr/lib/x86_64-linux-gnu/jni:/lib/x86_64-linux-gnu:/usr/lib/x86_64-linux-gnu:/usr/lib/jni:/lib:/usr/lib]
19-Sep-2024 09:12:13.115 INFO [main] org.apache.coyote.AbstractProtocol.init Initializing ProtocolHandler ["http-nio-8080"]
19-Sep-2024 09:12:13.134 INFO [main] org.apache.catalina.startup.Catalina.load Server initialization in [536] milliseconds
19-Sep-2024 09:12:13.171 INFO [main] org.apache.catalina.core.StandardService.startInternal Starting service [Catalina]
19-Sep-2024 09:12:13.171 INFO [main] org.apache.catalina.core.StandardEngine.startInternal Starting Servlet engine: [Apache Tomcat/9.0.93]
19-Sep-2024 09:12:13.178 INFO [main] org.apache.catalina.startup.HostConfig.deployDescriptor Deploying deployment descriptor [/home/dik/Desktop/java/myREST/conf/Catalina/localhost/myREST.xml]
19-Sep-2024 09:12:13.905 INFO [main] org.apache.jasper.servlet.TldScanner.scanJars At least one JAR was scanned for TLDs yet contained no TLDs. Enable debug logging for this logger for a complete list of JARs that were scanned but no TLDs were found in them. Skipping unneeded JARs during scanning can improve startup time and JSP compilation time.
19-Sep-2024 09:12:13.929 INFO [main] org.apache.catalina.startup.HostConfig.deployDescriptor Deployment of deployment descriptor [/home/dik/Desktop/java/myREST/conf/Catalina/localhost/myREST.xml] has finished in [752] ms
19-Sep-2024 09:12:13.932 INFO [main] org.apache.coyote.AbstractProtocol.start Starting ProtocolHandler ["http-nio-8080"]
19-Sep-2024 09:12:13.939 INFO [main] org.apache.catalina.startup.Catalina.start Server startup in [803] milliseconds
19-Sep-2024 09:12:25.213 INFO [Thread-1] org.apache.coyote.AbstractProtocol.pause Pausing ProtocolHandler ["http-nio-8080"]
19-Sep-2024 09:12:25.215 INFO [Thread-1] org.apache.catalina.core.StandardService.stopInternal Stopping service [Catalina]
19-Sep-2024 09:12:25.225 INFO [Thread-1] org.apache.coyote.AbstractProtocol.stop Stopping ProtocolHandler ["http-nio-8080"]
19-Sep-2024 09:12:25.227 INFO [Thread-1] org.apache.coyote.AbstractProtocol.destroy Destroying ProtocolHandler ["http-nio-8080"]
19-Sep-2024 09:12:30.230 INFO [main] org.apache.catalina.startup.VersionLoggerListener.log Server version name:   Apache Tomcat/9.0.93
19-Sep-2024 09:12:30.234 INFO [main] org.apache.catalina.startup.VersionLoggerListener.log Server built:          Aug 2 2024 21:24:59 UTC
19-Sep-2024 09:12:30.234 INFO [main] org.apache.catalina.startup.VersionLoggerListener.log Server version number: 9.0.93.0
19-Sep-2024 09:12:30.234 INFO [main] org.apache.catalina.startup.VersionLoggerListener.log OS Name:               Linux
19-Sep-2024 09:12:30.234 INFO [main] org.apache.catalina.startup.VersionLoggerListener.log OS Version:            6.8.0-40-generic
19-Sep-2024 09:12:30.234 INFO [main] org.apache.catalina.startup.VersionLoggerListener.log Architecture:          amd64
19-Sep-2024 09:12:30.234 INFO [main] org.apache.catalina.startup.VersionLoggerListener.log Java Home:             /usr/lib/jvm/java-21-openjdk-amd64
19-Sep-2024 09:12:30.234 INFO [main] org.apache.catalina.startup.VersionLoggerListener.log JVM Version:           21.0.4+7-Ubuntu-1ubuntu222.04
19-Sep-2024 09:12:30.235 INFO [main] org.apache.catalina.startup.VersionLoggerListener.log JVM Vendor:            Ubuntu
19-Sep-2024 09:12:30.235 INFO [main] org.apache.catalina.startup.VersionLoggerListener.log CATALINA_BASE:         /home/dik/Desktop/java/myREST
19-Sep-2024 09:12:30.235 INFO [main] org.apache.catalina.startup.VersionLoggerListener.log CATALINA_HOME:         /home/dik/Desktop/java/myREST/tomcat
19-Sep-2024 09:12:30.241 INFO [main] org.apache.catalina.startup.VersionLoggerListener.log Command line argument: --add-opens=java.base/java.lang=ALL-UNNAMED
19-Sep-2024 09:12:30.241 INFO [main] org.apache.catalina.startup.VersionLoggerListener.log Command line argument: --add-opens=java.base/java.io=ALL-UNNAMED
19-Sep-2024 09:12:30.241 INFO [main] org.apache.catalina.startup.VersionLoggerListener.log Command line argument: --add-opens=java.base/java.util=ALL-UNNAMED
19-Sep-2024 09:12:30.241 INFO [main] org.apache.catalina.startup.VersionLoggerListener.log Command line argument: --add-opens=java.base/java.util.concurrent=ALL-UNNAMED
19-Sep-2024 09:12:30.241 INFO [main] org.apache.catalina.startup.VersionLoggerListener.log Command line argument: --add-opens=java.rmi/sun.rmi.transport=ALL-UNNAMED
19-Sep-2024 09:12:30.241 INFO [main] org.apache.catalina.startup.VersionLoggerListener.log Command line argument: -Dcatalina.home=/home/dik/Desktop/java/myREST/tomcat
19-Sep-2024 09:12:30.241 INFO [main] org.apache.catalina.startup.VersionLoggerListener.log Command line argument: -Dcatalina.base=/home/dik/Desktop/java/myREST
19-Sep-2024 09:12:30.242 INFO [main] org.apache.catalina.startup.VersionLoggerListener.log Command line argument: -Djava.io.tmpdir=/home/dik/Desktop/java/myREST/temp
19-Sep-2024 09:12:30.242 INFO [main] org.apache.catalina.startup.VersionLoggerListener.log Command line argument: -Djava.util.logging.config.file=/home/dik/Desktop/java/myREST/conf/logging.properties
19-Sep-2024 09:12:30.242 INFO [main] org.apache.catalina.startup.VersionLoggerListener.log Command line argument: -Djava.util.logging.manager=org.apache.juli.ClassLoaderLogManager
19-Sep-2024 09:12:30.242 INFO [main] org.apache.catalina.startup.VersionLoggerListener.log Command line argument: -javaagent:/home/dik/Desktop/idea-IC-241.18034.62/lib/idea_rt.jar=40553:/home/dik/Desktop/idea-IC-241.18034.62/bin
19-Sep-2024 09:12:30.242 INFO [main] org.apache.catalina.startup.VersionLoggerListener.log Command line argument: -Dfile.encoding=UTF-8
19-Sep-2024 09:12:30.242 INFO [main] org.apache.catalina.startup.VersionLoggerListener.log Command line argument: -Dsun.stdout.encoding=UTF-8
19-Sep-2024 09:12:30.242 INFO [main] org.apache.catalina.startup.VersionLoggerListener.log Command line argument: -Dsun.stderr.encoding=UTF-8
19-Sep-2024 09:12:30.244 INFO [main] org.apache.catalina.core.AprLifecycleListener.lifecycleEvent The Apache Tomcat Native library which allows using OpenSSL was not found on the java.library.path: [/usr/java/packages/lib:/usr/lib/x86_64-linux-gnu/jni:/lib/x86_64-linux-gnu:/usr/lib/x86_64-linux-gnu:/usr/lib/jni:/lib:/usr/lib]
19-Sep-2024 09:12:30.601 INFO [main] org.apache.coyote.AbstractProtocol.init Initializing ProtocolHandler ["http-nio-8080"]
19-Sep-2024 09:12:30.619 INFO [main] org.apache.catalina.startup.Catalina.load Server initialization in [580] milliseconds
19-Sep-2024 09:12:30.650 INFO [main] org.apache.catalina.core.StandardService.startInternal Starting service [Catalina]
19-Sep-2024 09:12:30.651 INFO [main] org.apache.catalina.core.StandardEngine.startInternal Starting Servlet engine: [Apache Tomcat/9.0.93]
19-Sep-2024 09:12:30.656 INFO [main] org.apache.catalina.startup.HostConfig.deployDescriptor Deploying deployment descriptor [/home/dik/Desktop/java/myREST/conf/Catalina/localhost/myREST.xml]
19-Sep-2024 09:12:31.395 INFO [main] org.apache.jasper.servlet.TldScanner.scanJars At least one JAR was scanned for TLDs yet contained no TLDs. Enable debug logging for this logger for a complete list of JARs that were scanned but no TLDs were found in them. Skipping unneeded JARs during scanning can improve startup time and JSP compilation time.
19-Sep-2024 09:12:31.419 INFO [main] org.apache.catalina.startup.HostConfig.deployDescriptor Deployment of deployment descriptor [/home/dik/Desktop/java/myREST/conf/Catalina/localhost/myREST.xml] has finished in [763] ms
19-Sep-2024 09:12:31.422 INFO [main] org.apache.coyote.AbstractProtocol.start Starting ProtocolHandler ["http-nio-8080"]
19-Sep-2024 09:12:31.430 INFO [main] org.apache.catalina.startup.Catalina.start Server startup in [810] milliseconds
19-Sep-2024 09:13:14.338 INFO [Thread-1] org.apache.coyote.AbstractProtocol.pause Pausing ProtocolHandler ["http-nio-8080"]
19-Sep-2024 09:13:14.339 INFO [Thread-1] org.apache.catalina.core.StandardService.stopInternal Stopping service [Catalina]
19-Sep-2024 09:13:14.344 WARNING [Thread-1] org.apache.catalina.loader.WebappClassLoaderBase.clearReferencesJdbc The web application [myREST] registered the JDBC driver [org.postgresql.Driver] but failed to unregister it when the web application was stopped. To prevent a memory leak, the JDBC Driver has been forcibly unregistered.
19-Sep-2024 09:13:14.349 INFO [Thread-1] org.apache.coyote.AbstractProtocol.stop Stopping ProtocolHandler ["http-nio-8080"]
19-Sep-2024 09:13:14.352 INFO [Thread-1] org.apache.coyote.AbstractProtocol.destroy Destroying ProtocolHandler ["http-nio-8080"]
19-Sep-2024 09:37:07.592 INFO [main] org.apache.catalina.startup.VersionLoggerListener.log Server version name:   Apache Tomcat/9.0.93
19-Sep-2024 09:37:07.597 INFO [main] org.apache.catalina.startup.VersionLoggerListener.log Server built:          Aug 2 2024 21:24:59 UTC
19-Sep-2024 09:37:07.597 INFO [main] org.apache.catalina.startup.VersionLoggerListener.log Server version number: 9.0.93.0
19-Sep-2024 09:37:07.597 INFO [main] org.apache.catalina.startup.VersionLoggerListener.log OS Name:               Linux
19-Sep-2024 09:37:07.597 INFO [main] org.apache.catalina.startup.VersionLoggerListener.log OS Version:            6.8.0-40-generic
19-Sep-2024 09:37:07.597 INFO [main] org.apache.catalina.startup.VersionLoggerListener.log Architecture:          amd64
19-Sep-2024 09:37:07.597 INFO [main] org.apache.catalina.startup.VersionLoggerListener.log Java Home:             /usr/lib/jvm/java-21-openjdk-amd64
19-Sep-2024 09:37:07.597 INFO [main] org.apache.catalina.startup.VersionLoggerListener.log JVM Version:           21.0.4+7-Ubuntu-1ubuntu222.04
19-Sep-2024 09:37:07.598 INFO [main] org.apache.catalina.startup.VersionLoggerListener.log JVM Vendor:            Ubuntu
19-Sep-2024 09:37:07.598 INFO [main] org.apache.catalina.startup.VersionLoggerListener.log CATALINA_BASE:         /home/dik/Desktop/java/myREST
19-Sep-2024 09:37:07.598 INFO [main] org.apache.catalina.startup.VersionLoggerListener.log CATALINA_HOME:         /home/dik/Desktop/java/myREST/tomcat
19-Sep-2024 09:37:07.606 INFO [main] org.apache.catalina.startup.VersionLoggerListener.log Command line argument: --add-opens=java.base/java.lang=ALL-UNNAMED
19-Sep-2024 09:37:07.606 INFO [main] org.apache.catalina.startup.VersionLoggerListener.log Command line argument: --add-opens=java.base/java.io=ALL-UNNAMED
19-Sep-2024 09:37:07.606 INFO [main] org.apache.catalina.startup.VersionLoggerListener.log Command line argument: --add-opens=java.base/java.util=ALL-UNNAMED
19-Sep-2024 09:37:07.606 INFO [main] org.apache.catalina.startup.VersionLoggerListener.log Command line argument: --add-opens=java.base/java.util.concurrent=ALL-UNNAMED
19-Sep-2024 09:37:07.606 INFO [main] org.apache.catalina.startup.VersionLoggerListener.log Command line argument: --add-opens=java.rmi/sun.rmi.transport=ALL-UNNAMED
19-Sep-2024 09:37:07.607 INFO [main] org.apache.catalina.startup.VersionLoggerListener.log Command line argument: -Dcatalina.home=/home/dik/Desktop/java/myREST/tomcat
19-Sep-2024 09:37:07.607 INFO [main] org.apache.catalina.startup.VersionLoggerListener.log Command line argument: -Dcatalina.base=/home/dik/Desktop/java/myREST
19-Sep-2024 09:37:07.607 INFO [main] org.apache.catalina.startup.VersionLoggerListener.log Command line argument: -Djava.io.tmpdir=/home/dik/Desktop/java/myREST/temp
19-Sep-2024 09:37:07.607 INFO [main] org.apache.catalina.startup.VersionLoggerListener.log Command line argument: -Djava.util.logging.config.file=/home/dik/Desktop/java/myREST/conf/logging.properties
19-Sep-2024 09:37:07.607 INFO [main] org.apache.catalina.startup.VersionLoggerListener.log Command line argument: -Djava.util.logging.manager=org.apache.juli.ClassLoaderLogManager
19-Sep-2024 09:37:07.607 INFO [main] org.apache.catalina.startup.VersionLoggerListener.log Command line argument: -javaagent:/home/dik/Desktop/idea-IC-241.18034.62/lib/idea_rt.jar=39867:/home/dik/Desktop/idea-IC-241.18034.62/bin
19-Sep-2024 09:37:07.607 INFO [main] org.apache.catalina.startup.VersionLoggerListener.log Command line argument: -Dfile.encoding=UTF-8
19-Sep-2024 09:37:07.607 INFO [main] org.apache.catalina.startup.VersionLoggerListener.log Command line argument: -Dsun.stdout.encoding=UTF-8
19-Sep-2024 09:37:07.608 INFO [main] org.apache.catalina.startup.VersionLoggerListener.log Command line argument: -Dsun.stderr.encoding=UTF-8
19-Sep-2024 09:37:07.610 INFO [main] org.apache.catalina.core.AprLifecycleListener.lifecycleEvent The Apache Tomcat Native library which allows using OpenSSL was not found on the java.library.path: [/usr/java/packages/lib:/usr/lib/x86_64-linux-gnu/jni:/lib/x86_64-linux-gnu:/usr/lib/x86_64-linux-gnu:/usr/lib/jni:/lib:/usr/lib]
19-Sep-2024 09:37:08.007 INFO [main] org.apache.coyote.AbstractProtocol.init Initializing ProtocolHandler ["http-nio-8080"]
19-Sep-2024 09:37:08.031 INFO [main] org.apache.catalina.startup.Catalina.load Server initialization in [633] milliseconds
19-Sep-2024 09:37:08.077 INFO [main] org.apache.catalina.core.StandardService.startInternal Starting service [Catalina]
19-Sep-2024 09:37:08.077 INFO [main] org.apache.catalina.core.StandardEngine.startInternal Starting Servlet engine: [Apache Tomcat/9.0.93]
19-Sep-2024 09:37:08.086 INFO [main] org.apache.catalina.startup.HostConfig.deployDescriptor Deploying deployment descriptor [/home/dik/Desktop/java/myREST/conf/Catalina/localhost/myREST.xml]
19-Sep-2024 09:37:08.855 INFO [main] org.apache.jasper.servlet.TldScanner.scanJars At least one JAR was scanned for TLDs yet contained no TLDs. Enable debug logging for this logger for a complete list of JARs that were scanned but no TLDs were found in them. Skipping unneeded JARs during scanning can improve startup time and JSP compilation time.
19-Sep-2024 09:37:08.879 INFO [main] org.apache.catalina.startup.HostConfig.deployDescriptor Deployment of deployment descriptor [/home/dik/Desktop/java/myREST/conf/Catalina/localhost/myREST.xml] has finished in [793] ms
19-Sep-2024 09:37:08.882 INFO [main] org.apache.coyote.AbstractProtocol.start Starting ProtocolHandler ["http-nio-8080"]
19-Sep-2024 09:37:08.889 INFO [main] org.apache.catalina.startup.Catalina.start Server startup in [856] milliseconds
