27-Sep-2024 09:34:51.431 SEVERE [http-nio-8080-exec-5] org.apache.catalina.core.StandardWrapperValve.invoke Servlet.service() for servlet [ServletSellers] in context with path [/myREST] threw exception
	java.lang.RuntimeException: com.google.gson.JsonSyntaxException: java.io.IOException: Stream closed
		at rest.servlets.SellersServlet.doPut(SellersServlet.java:56)
		at javax.servlet.http.HttpServlet.service(HttpServlet.java:558)
		at javax.servlet.http.HttpServlet.service(HttpServlet.java:623)
		at org.apache.catalina.core.ApplicationFilterChain.internalDoFilter(ApplicationFilterChain.java:199)
		at org.apache.catalina.core.ApplicationFilterChain.doFilter(ApplicationFilterChain.java:144)
		at org.apache.tomcat.websocket.server.WsFilter.doFilter(WsFilter.java:51)
		at org.apache.catalina.core.ApplicationFilterChain.internalDoFilter(ApplicationFilterChain.java:168)
		at org.apache.catalina.core.ApplicationFilterChain.doFilter(ApplicationFilterChain.java:144)
		at org.apache.catalina.core.StandardWrapperValve.invoke(StandardWrapperValve.java:168)
		at org.apache.catalina.core.StandardContextValve.invoke(StandardContextValve.java:90)
		at org.apache.catalina.authenticator.AuthenticatorBase.invoke(AuthenticatorBase.java:482)
		at org.apache.catalina.core.StandardHostValve.invoke(StandardHostValve.java:130)
		at org.apache.catalina.valves.ErrorReportValve.invoke(ErrorReportValve.java:93)
		at org.apache.catalina.valves.AbstractAccessLogValve.invoke(AbstractAccessLogValve.java:660)
		at org.apache.catalina.core.StandardEngineValve.invoke(StandardEngineValve.java:74)
		at org.apache.catalina.connector.CoyoteAdapter.service(CoyoteAdapter.java:346)
		at org.apache.coyote.http11.Http11Processor.service(Http11Processor.java:383)
		at org.apache.coyote.AbstractProcessorLight.process(AbstractProcessorLight.java:63)
		at org.apache.coyote.AbstractProtocol$ConnectionHandler.process(AbstractProtocol.java:936)
		at org.apache.tomcat.util.net.NioEndpoint$SocketProcessor.doRun(NioEndpoint.java:1791)
		at org.apache.tomcat.util.net.SocketProcessorBase.run(SocketProcessorBase.java:52)
		at org.apache.tomcat.util.threads.ThreadPoolExecutor.runWorker(ThreadPoolExecutor.java:1190)
		at org.apache.tomcat.util.threads.ThreadPoolExecutor$Worker.run(ThreadPoolExecutor.java:659)
		at org.apache.tomcat.util.threads.TaskThread$WrappingRunnable.run(TaskThread.java:63)
		at java.base/java.lang.Thread.run(Thread.java:1583)
	Caused by: com.google.gson.JsonSyntaxException: java.io.IOException: Stream closed
		at com.google.gson.Gson.fromJson(Gson.java:1375)
		at com.google.gson.Gson.fromJson(Gson.java:1262)
		at com.google.gson.Gson.fromJson(Gson.java:1199)
		at rest.servlets.SellersServlet.doPut(SellersServlet.java:54)
		... 24 more
	Caused by: java.io.IOException: Stream closed
		at org.apache.catalina.connector.InputBuffer.throwIfClosed(InputBuffer.java:545)
		at org.apache.catalina.connector.InputBuffer.read(InputBuffer.java:451)
		at org.apache.catalina.connector.CoyoteReader.read(CoyoteReader.java:102)
		at com.google.gson.stream.JsonReader.fillBuffer(JsonReader.java:1437)
		at com.google.gson.stream.JsonReader.nextNonWhitespace(JsonReader.java:1474)
		at com.google.gson.stream.JsonReader.consumeNonExecutePrefix(JsonReader.java:1774)
		at com.google.gson.stream.JsonReader.doPeek(JsonReader.java:617)
		at com.google.gson.stream.JsonReader.peek(JsonReader.java:507)
		at com.google.gson.Gson.fromJson(Gson.java:1358)
		... 27 more
27-Sep-2024 09:36:00.305 SEVERE [http-nio-8080-exec-2] org.apache.catalina.core.StandardWrapperValve.invoke Servlet.service() for servlet [ServletSellers] in context with path [/myREST] threw exception
	java.lang.RuntimeException: com.google.gson.JsonSyntaxException: java.io.IOException: Stream closed
		at rest.servlets.SellersServlet.doPut(SellersServlet.java:56)
		at javax.servlet.http.HttpServlet.service(HttpServlet.java:558)
		at javax.servlet.http.HttpServlet.service(HttpServlet.java:623)
		at org.apache.catalina.core.ApplicationFilterChain.internalDoFilter(ApplicationFilterChain.java:199)
		at org.apache.catalina.core.ApplicationFilterChain.doFilter(ApplicationFilterChain.java:144)
		at org.apache.tomcat.websocket.server.WsFilter.doFilter(WsFilter.java:51)
		at org.apache.catalina.core.ApplicationFilterChain.internalDoFilter(ApplicationFilterChain.java:168)
		at org.apache.catalina.core.ApplicationFilterChain.doFilter(ApplicationFilterChain.java:144)
		at org.apache.catalina.core.StandardWrapperValve.invoke(StandardWrapperValve.java:168)
		at org.apache.catalina.core.StandardContextValve.invoke(StandardContextValve.java:90)
		at org.apache.catalina.authenticator.AuthenticatorBase.invoke(AuthenticatorBase.java:482)
		at org.apache.catalina.core.StandardHostValve.invoke(StandardHostValve.java:130)
		at org.apache.catalina.valves.ErrorReportValve.invoke(ErrorReportValve.java:93)
		at org.apache.catalina.valves.AbstractAccessLogValve.invoke(AbstractAccessLogValve.java:660)
		at org.apache.catalina.core.StandardEngineValve.invoke(StandardEngineValve.java:74)
		at org.apache.catalina.connector.CoyoteAdapter.service(CoyoteAdapter.java:346)
		at org.apache.coyote.http11.Http11Processor.service(Http11Processor.java:383)
		at org.apache.coyote.AbstractProcessorLight.process(AbstractProcessorLight.java:63)
		at org.apache.coyote.AbstractProtocol$ConnectionHandler.process(AbstractProtocol.java:936)
		at org.apache.tomcat.util.net.NioEndpoint$SocketProcessor.doRun(NioEndpoint.java:1791)
		at org.apache.tomcat.util.net.SocketProcessorBase.run(SocketProcessorBase.java:52)
		at org.apache.tomcat.util.threads.ThreadPoolExecutor.runWorker(ThreadPoolExecutor.java:1190)
		at org.apache.tomcat.util.threads.ThreadPoolExecutor$Worker.run(ThreadPoolExecutor.java:659)
		at org.apache.tomcat.util.threads.TaskThread$WrappingRunnable.run(TaskThread.java:63)
		at java.base/java.lang.Thread.run(Thread.java:1583)
	Caused by: com.google.gson.JsonSyntaxException: java.io.IOException: Stream closed
		at com.google.gson.Gson.fromJson(Gson.java:1375)
		at com.google.gson.Gson.fromJson(Gson.java:1262)
		at com.google.gson.Gson.fromJson(Gson.java:1199)
		at rest.servlets.SellersServlet.doPut(SellersServlet.java:54)
		... 24 more
	Caused by: java.io.IOException: Stream closed
		at org.apache.catalina.connector.InputBuffer.throwIfClosed(InputBuffer.java:545)
		at org.apache.catalina.connector.InputBuffer.read(InputBuffer.java:451)
		at org.apache.catalina.connector.CoyoteReader.read(CoyoteReader.java:102)
		at com.google.gson.stream.JsonReader.fillBuffer(JsonReader.java:1437)
		at com.google.gson.stream.JsonReader.nextNonWhitespace(JsonReader.java:1474)
		at com.google.gson.stream.JsonReader.consumeNonExecutePrefix(JsonReader.java:1774)
		at com.google.gson.stream.JsonReader.doPeek(JsonReader.java:617)
		at com.google.gson.stream.JsonReader.peek(JsonReader.java:507)
		at com.google.gson.Gson.fromJson(Gson.java:1358)
		... 27 more
27-Sep-2024 09:37:34.864 SEVERE [http-nio-8080-exec-2] org.apache.catalina.core.StandardWrapperValve.invoke Servlet.service() for servlet [ServletSellers] in context with path [/myREST] threw exception
	com.google.gson.JsonSyntaxException: com.google.gson.stream.MalformedJsonException: Expected ':' at line 1 column 24 path $.big
See https://github.com/google/gson/blob/main/Troubleshooting.md#malformed-json
		at com.google.gson.Gson.fromJson(Gson.java:1375)
		at com.google.gson.Gson.fromJson(Gson.java:1262)
		at com.google.gson.Gson.fromJson(Gson.java:1199)
		at rest.servlets.SellersServlet.doPost(SellersServlet.java:23)
		at javax.servlet.http.HttpServlet.service(HttpServlet.java:555)
		at javax.servlet.http.HttpServlet.service(HttpServlet.java:623)
		at org.apache.catalina.core.ApplicationFilterChain.internalDoFilter(ApplicationFilterChain.java:199)
		at org.apache.catalina.core.ApplicationFilterChain.doFilter(ApplicationFilterChain.java:144)
		at org.apache.tomcat.websocket.server.WsFilter.doFilter(WsFilter.java:51)
		at org.apache.catalina.core.ApplicationFilterChain.internalDoFilter(ApplicationFilterChain.java:168)
		at org.apache.catalina.core.ApplicationFilterChain.doFilter(ApplicationFilterChain.java:144)
		at org.apache.catalina.core.StandardWrapperValve.invoke(StandardWrapperValve.java:168)
		at org.apache.catalina.core.StandardContextValve.invoke(StandardContextValve.java:90)
		at org.apache.catalina.authenticator.AuthenticatorBase.invoke(AuthenticatorBase.java:482)
		at org.apache.catalina.core.StandardHostValve.invoke(StandardHostValve.java:130)
		at org.apache.catalina.valves.ErrorReportValve.invoke(ErrorReportValve.java:93)
		at org.apache.catalina.valves.AbstractAccessLogValve.invoke(AbstractAccessLogValve.java:660)
		at org.apache.catalina.core.StandardEngineValve.invoke(StandardEngineValve.java:74)
		at org.apache.catalina.connector.CoyoteAdapter.service(CoyoteAdapter.java:346)
		at org.apache.coyote.http11.Http11Processor.service(Http11Processor.java:383)
		at org.apache.coyote.AbstractProcessorLight.process(AbstractProcessorLight.java:63)
		at org.apache.coyote.AbstractProtocol$ConnectionHandler.process(AbstractProtocol.java:936)
		at org.apache.tomcat.util.net.NioEndpoint$SocketProcessor.doRun(NioEndpoint.java:1791)
		at org.apache.tomcat.util.net.SocketProcessorBase.run(SocketProcessorBase.java:52)
		at org.apache.tomcat.util.threads.ThreadPoolExecutor.runWorker(ThreadPoolExecutor.java:1190)
		at org.apache.tomcat.util.threads.ThreadPoolExecutor$Worker.run(ThreadPoolExecutor.java:659)
		at org.apache.tomcat.util.threads.TaskThread$WrappingRunnable.run(TaskThread.java:63)
		at java.base/java.lang.Thread.run(Thread.java:1583)
	Caused by: com.google.gson.stream.MalformedJsonException: Expected ':' at line 1 column 24 path $.big
See https://github.com/google/gson/blob/main/Troubleshooting.md#malformed-json
		at com.google.gson.stream.JsonReader.syntaxError(JsonReader.java:1754)
		at com.google.gson.stream.JsonReader.doPeek(JsonReader.java:613)
		at com.google.gson.stream.JsonReader.skipValue(JsonReader.java:1339)
		at com.google.gson.internal.bind.ReflectiveTypeAdapterFactory$Adapter.read(ReflectiveTypeAdapterFactory.java:514)
		at com.google.gson.Gson.fromJson(Gson.java:1361)
		... 27 more
27-Sep-2024 09:39:41.787 SEVERE [http-nio-8080-exec-1] org.apache.catalina.core.StandardWrapperValve.invoke Servlet.service() for servlet [ServletSellers] in context with path [/myREST] threw exception
	java.lang.RuntimeException: com.google.gson.JsonSyntaxException: java.io.IOException: Stream closed
		at rest.servlets.SellersServlet.doPut(SellersServlet.java:56)
		at javax.servlet.http.HttpServlet.service(HttpServlet.java:558)
		at javax.servlet.http.HttpServlet.service(HttpServlet.java:623)
		at org.apache.catalina.core.ApplicationFilterChain.internalDoFilter(ApplicationFilterChain.java:199)
		at org.apache.catalina.core.ApplicationFilterChain.doFilter(ApplicationFilterChain.java:144)
		at org.apache.tomcat.websocket.server.WsFilter.doFilter(WsFilter.java:51)
		at org.apache.catalina.core.ApplicationFilterChain.internalDoFilter(ApplicationFilterChain.java:168)
		at org.apache.catalina.core.ApplicationFilterChain.doFilter(ApplicationFilterChain.java:144)
		at org.apache.catalina.core.StandardWrapperValve.invoke(StandardWrapperValve.java:168)
		at org.apache.catalina.core.StandardContextValve.invoke(StandardContextValve.java:90)
		at org.apache.catalina.authenticator.AuthenticatorBase.invoke(AuthenticatorBase.java:482)
		at org.apache.catalina.core.StandardHostValve.invoke(StandardHostValve.java:130)
		at org.apache.catalina.valves.ErrorReportValve.invoke(ErrorReportValve.java:93)
		at org.apache.catalina.valves.AbstractAccessLogValve.invoke(AbstractAccessLogValve.java:660)
		at org.apache.catalina.core.StandardEngineValve.invoke(StandardEngineValve.java:74)
		at org.apache.catalina.connector.CoyoteAdapter.service(CoyoteAdapter.java:346)
		at org.apache.coyote.http11.Http11Processor.service(Http11Processor.java:383)
		at org.apache.coyote.AbstractProcessorLight.process(AbstractProcessorLight.java:63)
		at org.apache.coyote.AbstractProtocol$ConnectionHandler.process(AbstractProtocol.java:936)
		at org.apache.tomcat.util.net.NioEndpoint$SocketProcessor.doRun(NioEndpoint.java:1791)
		at org.apache.tomcat.util.net.SocketProcessorBase.run(SocketProcessorBase.java:52)
		at org.apache.tomcat.util.threads.ThreadPoolExecutor.runWorker(ThreadPoolExecutor.java:1190)
		at org.apache.tomcat.util.threads.ThreadPoolExecutor$Worker.run(ThreadPoolExecutor.java:659)
		at org.apache.tomcat.util.threads.TaskThread$WrappingRunnable.run(TaskThread.java:63)
		at java.base/java.lang.Thread.run(Thread.java:1583)
	Caused by: com.google.gson.JsonSyntaxException: java.io.IOException: Stream closed
		at com.google.gson.Gson.fromJson(Gson.java:1375)
		at com.google.gson.Gson.fromJson(Gson.java:1262)
		at com.google.gson.Gson.fromJson(Gson.java:1199)
		at rest.servlets.SellersServlet.doPut(SellersServlet.java:54)
		... 24 more
	Caused by: java.io.IOException: Stream closed
		at org.apache.catalina.connector.InputBuffer.throwIfClosed(InputBuffer.java:545)
		at org.apache.catalina.connector.InputBuffer.read(InputBuffer.java:451)
		at org.apache.catalina.connector.CoyoteReader.read(CoyoteReader.java:102)
		at com.google.gson.stream.JsonReader.fillBuffer(JsonReader.java:1437)
		at com.google.gson.stream.JsonReader.nextNonWhitespace(JsonReader.java:1474)
		at com.google.gson.stream.JsonReader.consumeNonExecutePrefix(JsonReader.java:1774)
		at com.google.gson.stream.JsonReader.doPeek(JsonReader.java:617)
		at com.google.gson.stream.JsonReader.peek(JsonReader.java:507)
		at com.google.gson.Gson.fromJson(Gson.java:1358)
		... 27 more
27-Sep-2024 09:40:26.275 SEVERE [http-nio-8080-exec-6] org.apache.catalina.core.StandardWrapperValve.invoke Servlet.service() for servlet [ServletSellers] in context with path [/myREST] threw exception
	java.lang.RuntimeException: com.google.gson.JsonSyntaxException: java.io.IOException: Stream closed
		at rest.servlets.SellersServlet.doPut(SellersServlet.java:56)
		at javax.servlet.http.HttpServlet.service(HttpServlet.java:558)
		at javax.servlet.http.HttpServlet.service(HttpServlet.java:623)
		at org.apache.catalina.core.ApplicationFilterChain.internalDoFilter(ApplicationFilterChain.java:199)
		at org.apache.catalina.core.ApplicationFilterChain.doFilter(ApplicationFilterChain.java:144)
		at org.apache.tomcat.websocket.server.WsFilter.doFilter(WsFilter.java:51)
		at org.apache.catalina.core.ApplicationFilterChain.internalDoFilter(ApplicationFilterChain.java:168)
		at org.apache.catalina.core.ApplicationFilterChain.doFilter(ApplicationFilterChain.java:144)
		at org.apache.catalina.core.StandardWrapperValve.invoke(StandardWrapperValve.java:168)
		at org.apache.catalina.core.StandardContextValve.invoke(StandardContextValve.java:90)
		at org.apache.catalina.authenticator.AuthenticatorBase.invoke(AuthenticatorBase.java:482)
		at org.apache.catalina.core.StandardHostValve.invoke(StandardHostValve.java:130)
		at org.apache.catalina.valves.ErrorReportValve.invoke(ErrorReportValve.java:93)
		at org.apache.catalina.valves.AbstractAccessLogValve.invoke(AbstractAccessLogValve.java:660)
		at org.apache.catalina.core.StandardEngineValve.invoke(StandardEngineValve.java:74)
		at org.apache.catalina.connector.CoyoteAdapter.service(CoyoteAdapter.java:346)
		at org.apache.coyote.http11.Http11Processor.service(Http11Processor.java:383)
		at org.apache.coyote.AbstractProcessorLight.process(AbstractProcessorLight.java:63)
		at org.apache.coyote.AbstractProtocol$ConnectionHandler.process(AbstractProtocol.java:936)
		at org.apache.tomcat.util.net.NioEndpoint$SocketProcessor.doRun(NioEndpoint.java:1791)
		at org.apache.tomcat.util.net.SocketProcessorBase.run(SocketProcessorBase.java:52)
		at org.apache.tomcat.util.threads.ThreadPoolExecutor.runWorker(ThreadPoolExecutor.java:1190)
		at org.apache.tomcat.util.threads.ThreadPoolExecutor$Worker.run(ThreadPoolExecutor.java:659)
		at org.apache.tomcat.util.threads.TaskThread$WrappingRunnable.run(TaskThread.java:63)
		at java.base/java.lang.Thread.run(Thread.java:1583)
	Caused by: com.google.gson.JsonSyntaxException: java.io.IOException: Stream closed
		at com.google.gson.Gson.fromJson(Gson.java:1375)
		at com.google.gson.Gson.fromJson(Gson.java:1262)
		at com.google.gson.Gson.fromJson(Gson.java:1199)
		at rest.servlets.SellersServlet.doPut(SellersServlet.java:54)
		... 24 more
	Caused by: java.io.IOException: Stream closed
		at org.apache.catalina.connector.InputBuffer.throwIfClosed(InputBuffer.java:545)
		at org.apache.catalina.connector.InputBuffer.read(InputBuffer.java:451)
		at org.apache.catalina.connector.CoyoteReader.read(CoyoteReader.java:102)
		at com.google.gson.stream.JsonReader.fillBuffer(JsonReader.java:1437)
		at com.google.gson.stream.JsonReader.nextNonWhitespace(JsonReader.java:1474)
		at com.google.gson.stream.JsonReader.consumeNonExecutePrefix(JsonReader.java:1774)
		at com.google.gson.stream.JsonReader.doPeek(JsonReader.java:617)
		at com.google.gson.stream.JsonReader.peek(JsonReader.java:507)
		at com.google.gson.Gson.fromJson(Gson.java:1358)
		... 27 more
27-Sep-2024 09:48:05.916 SEVERE [http-nio-8080-exec-1] org.apache.catalina.core.StandardWrapperValve.invoke Servlet.service() for servlet [ServletSellers] in context with path [/myREST] threw exception
	java.lang.RuntimeException: com.google.gson.JsonSyntaxException: java.io.IOException: Stream closed
		at rest.servlets.SellersServlet.doPut(SellersServlet.java:55)
		at javax.servlet.http.HttpServlet.service(HttpServlet.java:558)
		at javax.servlet.http.HttpServlet.service(HttpServlet.java:623)
		at org.apache.catalina.core.ApplicationFilterChain.internalDoFilter(ApplicationFilterChain.java:199)
		at org.apache.catalina.core.ApplicationFilterChain.doFilter(ApplicationFilterChain.java:144)
		at org.apache.tomcat.websocket.server.WsFilter.doFilter(WsFilter.java:51)
		at org.apache.catalina.core.ApplicationFilterChain.internalDoFilter(ApplicationFilterChain.java:168)
		at org.apache.catalina.core.ApplicationFilterChain.doFilter(ApplicationFilterChain.java:144)
		at org.apache.catalina.core.StandardWrapperValve.invoke(StandardWrapperValve.java:168)
		at org.apache.catalina.core.StandardContextValve.invoke(StandardContextValve.java:90)
		at org.apache.catalina.authenticator.AuthenticatorBase.invoke(AuthenticatorBase.java:482)
		at org.apache.catalina.core.StandardHostValve.invoke(StandardHostValve.java:130)
		at org.apache.catalina.valves.ErrorReportValve.invoke(ErrorReportValve.java:93)
		at org.apache.catalina.valves.AbstractAccessLogValve.invoke(AbstractAccessLogValve.java:660)
		at org.apache.catalina.core.StandardEngineValve.invoke(StandardEngineValve.java:74)
		at org.apache.catalina.connector.CoyoteAdapter.service(CoyoteAdapter.java:346)
		at org.apache.coyote.http11.Http11Processor.service(Http11Processor.java:383)
		at org.apache.coyote.AbstractProcessorLight.process(AbstractProcessorLight.java:63)
		at org.apache.coyote.AbstractProtocol$ConnectionHandler.process(AbstractProtocol.java:936)
		at org.apache.tomcat.util.net.NioEndpoint$SocketProcessor.doRun(NioEndpoint.java:1791)
		at org.apache.tomcat.util.net.SocketProcessorBase.run(SocketProcessorBase.java:52)
		at org.apache.tomcat.util.threads.ThreadPoolExecutor.runWorker(ThreadPoolExecutor.java:1190)
		at org.apache.tomcat.util.threads.ThreadPoolExecutor$Worker.run(ThreadPoolExecutor.java:659)
		at org.apache.tomcat.util.threads.TaskThread$WrappingRunnable.run(TaskThread.java:63)
		at java.base/java.lang.Thread.run(Thread.java:1583)
	Caused by: com.google.gson.JsonSyntaxException: java.io.IOException: Stream closed
		at com.google.gson.Gson.fromJson(Gson.java:1375)
		at com.google.gson.Gson.fromJson(Gson.java:1262)
		at com.google.gson.Gson.fromJson(Gson.java:1199)
		at rest.servlets.SellersServlet.doPut(SellersServlet.java:53)
		... 24 more
	Caused by: java.io.IOException: Stream closed
		at org.apache.catalina.connector.InputBuffer.throwIfClosed(InputBuffer.java:545)
		at org.apache.catalina.connector.InputBuffer.read(InputBuffer.java:451)
		at org.apache.catalina.connector.CoyoteReader.read(CoyoteReader.java:102)
		at com.google.gson.stream.JsonReader.fillBuffer(JsonReader.java:1437)
		at com.google.gson.stream.JsonReader.nextNonWhitespace(JsonReader.java:1474)
		at com.google.gson.stream.JsonReader.consumeNonExecutePrefix(JsonReader.java:1774)
		at com.google.gson.stream.JsonReader.doPeek(JsonReader.java:617)
		at com.google.gson.stream.JsonReader.peek(JsonReader.java:507)
		at com.google.gson.Gson.fromJson(Gson.java:1358)
		... 27 more
27-Sep-2024 09:49:45.184 SEVERE [http-nio-8080-exec-6] org.apache.catalina.core.StandardWrapperValve.invoke Servlet.service() for servlet [ServletSellers] in context with path [/myREST] threw exception
	java.lang.RuntimeException: com.google.gson.JsonSyntaxException: java.io.IOException: Stream closed
		at rest.servlets.SellersServlet.doPut(SellersServlet.java:55)
		at javax.servlet.http.HttpServlet.service(HttpServlet.java:558)
		at javax.servlet.http.HttpServlet.service(HttpServlet.java:623)
		at org.apache.catalina.core.ApplicationFilterChain.internalDoFilter(ApplicationFilterChain.java:199)
		at org.apache.catalina.core.ApplicationFilterChain.doFilter(ApplicationFilterChain.java:144)
		at org.apache.tomcat.websocket.server.WsFilter.doFilter(WsFilter.java:51)
		at org.apache.catalina.core.ApplicationFilterChain.internalDoFilter(ApplicationFilterChain.java:168)
		at org.apache.catalina.core.ApplicationFilterChain.doFilter(ApplicationFilterChain.java:144)
		at org.apache.catalina.core.StandardWrapperValve.invoke(StandardWrapperValve.java:168)
		at org.apache.catalina.core.StandardContextValve.invoke(StandardContextValve.java:90)
		at org.apache.catalina.authenticator.AuthenticatorBase.invoke(AuthenticatorBase.java:482)
		at org.apache.catalina.core.StandardHostValve.invoke(StandardHostValve.java:130)
		at org.apache.catalina.valves.ErrorReportValve.invoke(ErrorReportValve.java:93)
		at org.apache.catalina.valves.AbstractAccessLogValve.invoke(AbstractAccessLogValve.java:660)
		at org.apache.catalina.core.StandardEngineValve.invoke(StandardEngineValve.java:74)
		at org.apache.catalina.connector.CoyoteAdapter.service(CoyoteAdapter.java:346)
		at org.apache.coyote.http11.Http11Processor.service(Http11Processor.java:383)
		at org.apache.coyote.AbstractProcessorLight.process(AbstractProcessorLight.java:63)
		at org.apache.coyote.AbstractProtocol$ConnectionHandler.process(AbstractProtocol.java:936)
		at org.apache.tomcat.util.net.NioEndpoint$SocketProcessor.doRun(NioEndpoint.java:1791)
		at org.apache.tomcat.util.net.SocketProcessorBase.run(SocketProcessorBase.java:52)
		at org.apache.tomcat.util.threads.ThreadPoolExecutor.runWorker(ThreadPoolExecutor.java:1190)
		at org.apache.tomcat.util.threads.ThreadPoolExecutor$Worker.run(ThreadPoolExecutor.java:659)
		at org.apache.tomcat.util.threads.TaskThread$WrappingRunnable.run(TaskThread.java:63)
		at java.base/java.lang.Thread.run(Thread.java:1583)
	Caused by: com.google.gson.JsonSyntaxException: java.io.IOException: Stream closed
		at com.google.gson.Gson.fromJson(Gson.java:1375)
		at com.google.gson.Gson.fromJson(Gson.java:1262)
		at com.google.gson.Gson.fromJson(Gson.java:1199)
		at rest.servlets.SellersServlet.doPut(SellersServlet.java:53)
		... 24 more
	Caused by: java.io.IOException: Stream closed
		at org.apache.catalina.connector.InputBuffer.throwIfClosed(InputBuffer.java:545)
		at org.apache.catalina.connector.InputBuffer.read(InputBuffer.java:451)
		at org.apache.catalina.connector.CoyoteReader.read(CoyoteReader.java:102)
		at com.google.gson.stream.JsonReader.fillBuffer(JsonReader.java:1437)
		at com.google.gson.stream.JsonReader.nextNonWhitespace(JsonReader.java:1474)
		at com.google.gson.stream.JsonReader.consumeNonExecutePrefix(JsonReader.java:1774)
		at com.google.gson.stream.JsonReader.doPeek(JsonReader.java:617)
		at com.google.gson.stream.JsonReader.peek(JsonReader.java:507)
		at com.google.gson.Gson.fromJson(Gson.java:1358)
		... 27 more
27-Sep-2024 09:50:33.086 SEVERE [http-nio-8080-exec-1] org.apache.catalina.core.StandardWrapperValve.invoke Servlet.service() for servlet [ServletSellersId] in context with path [/myREST] threw exception
	java.lang.RuntimeException: com.google.gson.JsonSyntaxException: java.io.IOException: Stream closed
		at rest.servlets.SellersServlet.doPut(SellersServlet.java:55)
		at javax.servlet.http.HttpServlet.service(HttpServlet.java:558)
		at javax.servlet.http.HttpServlet.service(HttpServlet.java:623)
		at org.apache.catalina.core.ApplicationFilterChain.internalDoFilter(ApplicationFilterChain.java:199)
		at org.apache.catalina.core.ApplicationFilterChain.doFilter(ApplicationFilterChain.java:144)
		at org.apache.tomcat.websocket.server.WsFilter.doFilter(WsFilter.java:51)
		at org.apache.catalina.core.ApplicationFilterChain.internalDoFilter(ApplicationFilterChain.java:168)
		at org.apache.catalina.core.ApplicationFilterChain.doFilter(ApplicationFilterChain.java:144)
		at org.apache.catalina.core.StandardWrapperValve.invoke(StandardWrapperValve.java:168)
		at org.apache.catalina.core.StandardContextValve.invoke(StandardContextValve.java:90)
		at org.apache.catalina.authenticator.AuthenticatorBase.invoke(AuthenticatorBase.java:482)
		at org.apache.catalina.core.StandardHostValve.invoke(StandardHostValve.java:130)
		at org.apache.catalina.valves.ErrorReportValve.invoke(ErrorReportValve.java:93)
		at org.apache.catalina.valves.AbstractAccessLogValve.invoke(AbstractAccessLogValve.java:660)
		at org.apache.catalina.core.StandardEngineValve.invoke(StandardEngineValve.java:74)
		at org.apache.catalina.connector.CoyoteAdapter.service(CoyoteAdapter.java:346)
		at org.apache.coyote.http11.Http11Processor.service(Http11Processor.java:383)
		at org.apache.coyote.AbstractProcessorLight.process(AbstractProcessorLight.java:63)
		at org.apache.coyote.AbstractProtocol$ConnectionHandler.process(AbstractProtocol.java:936)
		at org.apache.tomcat.util.net.NioEndpoint$SocketProcessor.doRun(NioEndpoint.java:1791)
		at org.apache.tomcat.util.net.SocketProcessorBase.run(SocketProcessorBase.java:52)
		at org.apache.tomcat.util.threads.ThreadPoolExecutor.runWorker(ThreadPoolExecutor.java:1190)
		at org.apache.tomcat.util.threads.ThreadPoolExecutor$Worker.run(ThreadPoolExecutor.java:659)
		at org.apache.tomcat.util.threads.TaskThread$WrappingRunnable.run(TaskThread.java:63)
		at java.base/java.lang.Thread.run(Thread.java:1583)
	Caused by: com.google.gson.JsonSyntaxException: java.io.IOException: Stream closed
		at com.google.gson.Gson.fromJson(Gson.java:1375)
		at com.google.gson.Gson.fromJson(Gson.java:1262)
		at com.google.gson.Gson.fromJson(Gson.java:1199)
		at rest.servlets.SellersServlet.doPut(SellersServlet.java:53)
		... 24 more
	Caused by: java.io.IOException: Stream closed
		at org.apache.catalina.connector.InputBuffer.throwIfClosed(InputBuffer.java:545)
		at org.apache.catalina.connector.InputBuffer.read(InputBuffer.java:451)
		at org.apache.catalina.connector.CoyoteReader.read(CoyoteReader.java:102)
		at com.google.gson.stream.JsonReader.fillBuffer(JsonReader.java:1437)
		at com.google.gson.stream.JsonReader.nextNonWhitespace(JsonReader.java:1474)
		at com.google.gson.stream.JsonReader.consumeNonExecutePrefix(JsonReader.java:1774)
		at com.google.gson.stream.JsonReader.doPeek(JsonReader.java:617)
		at com.google.gson.stream.JsonReader.peek(JsonReader.java:507)
		at com.google.gson.Gson.fromJson(Gson.java:1358)
		... 27 more
27-Sep-2024 09:50:50.800 SEVERE [http-nio-8080-exec-4] org.apache.catalina.core.StandardWrapperValve.invoke Servlet.service() for servlet [ServletSellers] in context with path [/myREST] threw exception
	java.lang.RuntimeException: com.google.gson.JsonSyntaxException: java.io.IOException: Stream closed
		at rest.servlets.SellersServlet.doPut(SellersServlet.java:55)
		at javax.servlet.http.HttpServlet.service(HttpServlet.java:558)
		at javax.servlet.http.HttpServlet.service(HttpServlet.java:623)
		at org.apache.catalina.core.ApplicationFilterChain.internalDoFilter(ApplicationFilterChain.java:199)
		at org.apache.catalina.core.ApplicationFilterChain.doFilter(ApplicationFilterChain.java:144)
		at org.apache.tomcat.websocket.server.WsFilter.doFilter(WsFilter.java:51)
		at org.apache.catalina.core.ApplicationFilterChain.internalDoFilter(ApplicationFilterChain.java:168)
		at org.apache.catalina.core.ApplicationFilterChain.doFilter(ApplicationFilterChain.java:144)
		at org.apache.catalina.core.StandardWrapperValve.invoke(StandardWrapperValve.java:168)
		at org.apache.catalina.core.StandardContextValve.invoke(StandardContextValve.java:90)
		at org.apache.catalina.authenticator.AuthenticatorBase.invoke(AuthenticatorBase.java:482)
		at org.apache.catalina.core.StandardHostValve.invoke(StandardHostValve.java:130)
		at org.apache.catalina.valves.ErrorReportValve.invoke(ErrorReportValve.java:93)
		at org.apache.catalina.valves.AbstractAccessLogValve.invoke(AbstractAccessLogValve.java:660)
		at org.apache.catalina.core.StandardEngineValve.invoke(StandardEngineValve.java:74)
		at org.apache.catalina.connector.CoyoteAdapter.service(CoyoteAdapter.java:346)
		at org.apache.coyote.http11.Http11Processor.service(Http11Processor.java:383)
		at org.apache.coyote.AbstractProcessorLight.process(AbstractProcessorLight.java:63)
		at org.apache.coyote.AbstractProtocol$ConnectionHandler.process(AbstractProtocol.java:936)
		at org.apache.tomcat.util.net.NioEndpoint$SocketProcessor.doRun(NioEndpoint.java:1791)
		at org.apache.tomcat.util.net.SocketProcessorBase.run(SocketProcessorBase.java:52)
		at org.apache.tomcat.util.threads.ThreadPoolExecutor.runWorker(ThreadPoolExecutor.java:1190)
		at org.apache.tomcat.util.threads.ThreadPoolExecutor$Worker.run(ThreadPoolExecutor.java:659)
		at org.apache.tomcat.util.threads.TaskThread$WrappingRunnable.run(TaskThread.java:63)
		at java.base/java.lang.Thread.run(Thread.java:1583)
	Caused by: com.google.gson.JsonSyntaxException: java.io.IOException: Stream closed
		at com.google.gson.Gson.fromJson(Gson.java:1375)
		at com.google.gson.Gson.fromJson(Gson.java:1262)
		at com.google.gson.Gson.fromJson(Gson.java:1199)
		at rest.servlets.SellersServlet.doPut(SellersServlet.java:53)
		... 24 more
	Caused by: java.io.IOException: Stream closed
		at org.apache.catalina.connector.InputBuffer.throwIfClosed(InputBuffer.java:545)
		at org.apache.catalina.connector.InputBuffer.read(InputBuffer.java:451)
		at org.apache.catalina.connector.CoyoteReader.read(CoyoteReader.java:102)
		at com.google.gson.stream.JsonReader.fillBuffer(JsonReader.java:1437)
		at com.google.gson.stream.JsonReader.nextNonWhitespace(JsonReader.java:1474)
		at com.google.gson.stream.JsonReader.consumeNonExecutePrefix(JsonReader.java:1774)
		at com.google.gson.stream.JsonReader.doPeek(JsonReader.java:617)
		at com.google.gson.stream.JsonReader.peek(JsonReader.java:507)
		at com.google.gson.Gson.fromJson(Gson.java:1358)
		... 27 more
27-Sep-2024 09:52:13.180 SEVERE [http-nio-8080-exec-3] org.apache.catalina.core.StandardWrapperValve.invoke Servlet.service() for servlet [ServletSellers] in context with path [/myREST] threw exception
	java.lang.RuntimeException: com.google.gson.JsonSyntaxException: java.io.IOException: Stream closed
		at rest.servlets.SellersServlet.doPut(SellersServlet.java:55)
		at javax.servlet.http.HttpServlet.service(HttpServlet.java:558)
		at javax.servlet.http.HttpServlet.service(HttpServlet.java:623)
		at org.apache.catalina.core.ApplicationFilterChain.internalDoFilter(ApplicationFilterChain.java:199)
		at org.apache.catalina.core.ApplicationFilterChain.doFilter(ApplicationFilterChain.java:144)
		at org.apache.tomcat.websocket.server.WsFilter.doFilter(WsFilter.java:51)
		at org.apache.catalina.core.ApplicationFilterChain.internalDoFilter(ApplicationFilterChain.java:168)
		at org.apache.catalina.core.ApplicationFilterChain.doFilter(ApplicationFilterChain.java:144)
		at org.apache.catalina.core.StandardWrapperValve.invoke(StandardWrapperValve.java:168)
		at org.apache.catalina.core.StandardContextValve.invoke(StandardContextValve.java:90)
		at org.apache.catalina.authenticator.AuthenticatorBase.invoke(AuthenticatorBase.java:482)
		at org.apache.catalina.core.StandardHostValve.invoke(StandardHostValve.java:130)
		at org.apache.catalina.valves.ErrorReportValve.invoke(ErrorReportValve.java:93)
		at org.apache.catalina.valves.AbstractAccessLogValve.invoke(AbstractAccessLogValve.java:660)
		at org.apache.catalina.core.StandardEngineValve.invoke(StandardEngineValve.java:74)
		at org.apache.catalina.connector.CoyoteAdapter.service(CoyoteAdapter.java:346)
		at org.apache.coyote.http11.Http11Processor.service(Http11Processor.java:383)
		at org.apache.coyote.AbstractProcessorLight.process(AbstractProcessorLight.java:63)
		at org.apache.coyote.AbstractProtocol$ConnectionHandler.process(AbstractProtocol.java:936)
		at org.apache.tomcat.util.net.NioEndpoint$SocketProcessor.doRun(NioEndpoint.java:1791)
		at org.apache.tomcat.util.net.SocketProcessorBase.run(SocketProcessorBase.java:52)
		at org.apache.tomcat.util.threads.ThreadPoolExecutor.runWorker(ThreadPoolExecutor.java:1190)
		at org.apache.tomcat.util.threads.ThreadPoolExecutor$Worker.run(ThreadPoolExecutor.java:659)
		at org.apache.tomcat.util.threads.TaskThread$WrappingRunnable.run(TaskThread.java:63)
		at java.base/java.lang.Thread.run(Thread.java:1583)
	Caused by: com.google.gson.JsonSyntaxException: java.io.IOException: Stream closed
		at com.google.gson.Gson.fromJson(Gson.java:1375)
		at com.google.gson.Gson.fromJson(Gson.java:1262)
		at com.google.gson.Gson.fromJson(Gson.java:1199)
		at rest.servlets.SellersServlet.doPut(SellersServlet.java:53)
		... 24 more
	Caused by: java.io.IOException: Stream closed
		at org.apache.catalina.connector.InputBuffer.throwIfClosed(InputBuffer.java:545)
		at org.apache.catalina.connector.InputBuffer.read(InputBuffer.java:451)
		at org.apache.catalina.connector.CoyoteReader.read(CoyoteReader.java:102)
		at com.google.gson.stream.JsonReader.fillBuffer(JsonReader.java:1437)
		at com.google.gson.stream.JsonReader.nextNonWhitespace(JsonReader.java:1474)
		at com.google.gson.stream.JsonReader.consumeNonExecutePrefix(JsonReader.java:1774)
		at com.google.gson.stream.JsonReader.doPeek(JsonReader.java:617)
		at com.google.gson.stream.JsonReader.peek(JsonReader.java:507)
		at com.google.gson.Gson.fromJson(Gson.java:1358)
		... 27 more
27-Sep-2024 09:53:37.136 SEVERE [http-nio-8080-exec-1] org.apache.catalina.core.StandardWrapperValve.invoke Servlet.service() for servlet [ServletSellers] in context with path [/myREST] threw exception
	com.google.gson.JsonSyntaxException: java.io.IOException: Stream closed
		at com.google.gson.Gson.fromJson(Gson.java:1375)
		at com.google.gson.Gson.fromJson(Gson.java:1262)
		at com.google.gson.Gson.fromJson(Gson.java:1199)
		at rest.servlets.SellersServlet.doDelete(SellersServlet.java:66)
		at javax.servlet.http.HttpServlet.service(HttpServlet.java:561)
		at javax.servlet.http.HttpServlet.service(HttpServlet.java:623)
		at org.apache.catalina.core.ApplicationFilterChain.internalDoFilter(ApplicationFilterChain.java:199)
		at org.apache.catalina.core.ApplicationFilterChain.doFilter(ApplicationFilterChain.java:144)
		at org.apache.tomcat.websocket.server.WsFilter.doFilter(WsFilter.java:51)
		at org.apache.catalina.core.ApplicationFilterChain.internalDoFilter(ApplicationFilterChain.java:168)
		at org.apache.catalina.core.ApplicationFilterChain.doFilter(ApplicationFilterChain.java:144)
		at org.apache.catalina.core.StandardWrapperValve.invoke(StandardWrapperValve.java:168)
		at org.apache.catalina.core.StandardContextValve.invoke(StandardContextValve.java:90)
		at org.apache.catalina.authenticator.AuthenticatorBase.invoke(AuthenticatorBase.java:482)
		at org.apache.catalina.core.StandardHostValve.invoke(StandardHostValve.java:130)
		at org.apache.catalina.valves.ErrorReportValve.invoke(ErrorReportValve.java:93)
		at org.apache.catalina.valves.AbstractAccessLogValve.invoke(AbstractAccessLogValve.java:660)
		at org.apache.catalina.core.StandardEngineValve.invoke(StandardEngineValve.java:74)
		at org.apache.catalina.connector.CoyoteAdapter.service(CoyoteAdapter.java:346)
		at org.apache.coyote.http11.Http11Processor.service(Http11Processor.java:383)
		at org.apache.coyote.AbstractProcessorLight.process(AbstractProcessorLight.java:63)
		at org.apache.coyote.AbstractProtocol$ConnectionHandler.process(AbstractProtocol.java:936)
		at org.apache.tomcat.util.net.NioEndpoint$SocketProcessor.doRun(NioEndpoint.java:1791)
		at org.apache.tomcat.util.net.SocketProcessorBase.run(SocketProcessorBase.java:52)
		at org.apache.tomcat.util.threads.ThreadPoolExecutor.runWorker(ThreadPoolExecutor.java:1190)
		at org.apache.tomcat.util.threads.ThreadPoolExecutor$Worker.run(ThreadPoolExecutor.java:659)
		at org.apache.tomcat.util.threads.TaskThread$WrappingRunnable.run(TaskThread.java:63)
		at java.base/java.lang.Thread.run(Thread.java:1583)
	Caused by: java.io.IOException: Stream closed
		at org.apache.catalina.connector.InputBuffer.throwIfClosed(InputBuffer.java:545)
		at org.apache.catalina.connector.InputBuffer.read(InputBuffer.java:451)
		at org.apache.catalina.connector.CoyoteReader.read(CoyoteReader.java:102)
		at com.google.gson.stream.JsonReader.fillBuffer(JsonReader.java:1437)
		at com.google.gson.stream.JsonReader.nextNonWhitespace(JsonReader.java:1474)
		at com.google.gson.stream.JsonReader.consumeNonExecutePrefix(JsonReader.java:1774)
		at com.google.gson.stream.JsonReader.doPeek(JsonReader.java:617)
		at com.google.gson.stream.JsonReader.peek(JsonReader.java:507)
		at com.google.gson.Gson.fromJson(Gson.java:1358)
		... 27 more
27-Sep-2024 09:56:21.287 SEVERE [http-nio-8080-exec-3] org.apache.catalina.core.StandardWrapperValve.invoke Servlet.service() for servlet [ServletSellers] in context with path [/myREST] threw exception
	java.lang.RuntimeException: java.lang.RuntimeException: org.postgresql.util.PSQLException: The column name /////////////////// was not found in this ResultSet.
		at rest.servlets.SellersServlet.doPut(SellersServlet.java:55)
		at javax.servlet.http.HttpServlet.service(HttpServlet.java:558)
		at javax.servlet.http.HttpServlet.service(HttpServlet.java:623)
		at org.apache.catalina.core.ApplicationFilterChain.internalDoFilter(ApplicationFilterChain.java:199)
		at org.apache.catalina.core.ApplicationFilterChain.doFilter(ApplicationFilterChain.java:144)
		at org.apache.tomcat.websocket.server.WsFilter.doFilter(WsFilter.java:51)
		at org.apache.catalina.core.ApplicationFilterChain.internalDoFilter(ApplicationFilterChain.java:168)
		at org.apache.catalina.core.ApplicationFilterChain.doFilter(ApplicationFilterChain.java:144)
		at org.apache.catalina.core.StandardWrapperValve.invoke(StandardWrapperValve.java:168)
		at org.apache.catalina.core.StandardContextValve.invoke(StandardContextValve.java:90)
		at org.apache.catalina.authenticator.AuthenticatorBase.invoke(AuthenticatorBase.java:482)
		at org.apache.catalina.core.StandardHostValve.invoke(StandardHostValve.java:130)
		at org.apache.catalina.valves.ErrorReportValve.invoke(ErrorReportValve.java:93)
		at org.apache.catalina.valves.AbstractAccessLogValve.invoke(AbstractAccessLogValve.java:660)
		at org.apache.catalina.core.StandardEngineValve.invoke(StandardEngineValve.java:74)
		at org.apache.catalina.connector.CoyoteAdapter.service(CoyoteAdapter.java:346)
		at org.apache.coyote.http11.Http11Processor.service(Http11Processor.java:383)
		at org.apache.coyote.AbstractProcessorLight.process(AbstractProcessorLight.java:63)
		at org.apache.coyote.AbstractProtocol$ConnectionHandler.process(AbstractProtocol.java:936)
		at org.apache.tomcat.util.net.NioEndpoint$SocketProcessor.doRun(NioEndpoint.java:1791)
		at org.apache.tomcat.util.net.SocketProcessorBase.run(SocketProcessorBase.java:52)
		at org.apache.tomcat.util.threads.ThreadPoolExecutor.runWorker(ThreadPoolExecutor.java:1190)
		at org.apache.tomcat.util.threads.ThreadPoolExecutor$Worker.run(ThreadPoolExecutor.java:659)
		at org.apache.tomcat.util.threads.TaskThread$WrappingRunnable.run(TaskThread.java:63)
		at java.base/java.lang.Thread.run(Thread.java:1583)
	Caused by: java.lang.RuntimeException: org.postgresql.util.PSQLException: The column name /////////////////// was not found in this ResultSet.
		at rest.dao.SellersDao.update(SellersDao.java:91)
		at rest.services.SellersService.update(SellersService.java:22)
		at rest.servlets.SellersServlet.doPut(SellersServlet.java:52)
		... 24 more
	Caused by: org.postgresql.util.PSQLException: The column name /////////////////// was not found in this ResultSet.
		at org.postgresql.jdbc.PgResultSet.findColumn(PgResultSet.java:3085)
		at org.postgresql.jdbc.PgResultSet.getString(PgResultSet.java:2921)
		at rest.dao.SellersDao.update(SellersDao.java:83)
		... 26 more
27-Sep-2024 09:57:54.668 SEVERE [http-nio-8080-exec-1] org.apache.catalina.core.StandardWrapperValve.invoke Servlet.service() for servlet [ServletSellers] in context with path [/myREST] threw exception
	java.lang.RuntimeException: java.lang.RuntimeException: org.postgresql.util.PSQLException: The column name /////////////////// was not found in this ResultSet.
		at rest.servlets.SellersServlet.doPut(SellersServlet.java:55)
		at javax.servlet.http.HttpServlet.service(HttpServlet.java:558)
		at javax.servlet.http.HttpServlet.service(HttpServlet.java:623)
		at org.apache.catalina.core.ApplicationFilterChain.internalDoFilter(ApplicationFilterChain.java:199)
		at org.apache.catalina.core.ApplicationFilterChain.doFilter(ApplicationFilterChain.java:144)
		at org.apache.tomcat.websocket.server.WsFilter.doFilter(WsFilter.java:51)
		at org.apache.catalina.core.ApplicationFilterChain.internalDoFilter(ApplicationFilterChain.java:168)
		at org.apache.catalina.core.ApplicationFilterChain.doFilter(ApplicationFilterChain.java:144)
		at org.apache.catalina.core.StandardWrapperValve.invoke(StandardWrapperValve.java:168)
		at org.apache.catalina.core.StandardContextValve.invoke(StandardContextValve.java:90)
		at org.apache.catalina.authenticator.AuthenticatorBase.invoke(AuthenticatorBase.java:482)
		at org.apache.catalina.core.StandardHostValve.invoke(StandardHostValve.java:130)
		at org.apache.catalina.valves.ErrorReportValve.invoke(ErrorReportValve.java:93)
		at org.apache.catalina.valves.AbstractAccessLogValve.invoke(AbstractAccessLogValve.java:660)
		at org.apache.catalina.core.StandardEngineValve.invoke(StandardEngineValve.java:74)
		at org.apache.catalina.connector.CoyoteAdapter.service(CoyoteAdapter.java:346)
		at org.apache.coyote.http11.Http11Processor.service(Http11Processor.java:383)
		at org.apache.coyote.AbstractProcessorLight.process(AbstractProcessorLight.java:63)
		at org.apache.coyote.AbstractProtocol$ConnectionHandler.process(AbstractProtocol.java:936)
		at org.apache.tomcat.util.net.NioEndpoint$SocketProcessor.doRun(NioEndpoint.java:1791)
		at org.apache.tomcat.util.net.SocketProcessorBase.run(SocketProcessorBase.java:52)
		at org.apache.tomcat.util.threads.ThreadPoolExecutor.runWorker(ThreadPoolExecutor.java:1190)
		at org.apache.tomcat.util.threads.ThreadPoolExecutor$Worker.run(ThreadPoolExecutor.java:659)
		at org.apache.tomcat.util.threads.TaskThread$WrappingRunnable.run(TaskThread.java:63)
		at java.base/java.lang.Thread.run(Thread.java:1583)
	Caused by: java.lang.RuntimeException: org.postgresql.util.PSQLException: The column name /////////////////// was not found in this ResultSet.
		at rest.dao.SellersDao.update(SellersDao.java:91)
		at rest.services.SellersService.update(SellersService.java:22)
		at rest.servlets.SellersServlet.doPut(SellersServlet.java:50)
		... 24 more
	Caused by: org.postgresql.util.PSQLException: The column name /////////////////// was not found in this ResultSet.
		at org.postgresql.jdbc.PgResultSet.findColumn(PgResultSet.java:3085)
		at org.postgresql.jdbc.PgResultSet.getString(PgResultSet.java:2921)
		at rest.dao.SellersDao.update(SellersDao.java:83)
		... 26 more
27-Sep-2024 10:02:56.001 SEVERE [http-nio-8080-exec-3] org.apache.catalina.core.StandardWrapperValve.invoke Servlet.service() for servlet [ServletSellers] in context with path [/myREST] threw exception
	java.lang.RuntimeException: org.postgresql.util.PSQLException: The column name /////////////////// was not found in this ResultSet.
		at rest.dao.SellersDao.update(SellersDao.java:91)
		at rest.services.SellersService.update(SellersService.java:22)
		at rest.servlets.SellersServlet.doPut(SellersServlet.java:50)
		at javax.servlet.http.HttpServlet.service(HttpServlet.java:558)
		at javax.servlet.http.HttpServlet.service(HttpServlet.java:623)
		at org.apache.catalina.core.ApplicationFilterChain.internalDoFilter(ApplicationFilterChain.java:199)
		at org.apache.catalina.core.ApplicationFilterChain.doFilter(ApplicationFilterChain.java:144)
		at org.apache.tomcat.websocket.server.WsFilter.doFilter(WsFilter.java:51)
		at org.apache.catalina.core.ApplicationFilterChain.internalDoFilter(ApplicationFilterChain.java:168)
		at org.apache.catalina.core.ApplicationFilterChain.doFilter(ApplicationFilterChain.java:144)
		at org.apache.catalina.core.StandardWrapperValve.invoke(StandardWrapperValve.java:168)
		at org.apache.catalina.core.StandardContextValve.invoke(StandardContextValve.java:90)
		at org.apache.catalina.authenticator.AuthenticatorBase.invoke(AuthenticatorBase.java:482)
		at org.apache.catalina.core.StandardHostValve.invoke(StandardHostValve.java:130)
		at org.apache.catalina.valves.ErrorReportValve.invoke(ErrorReportValve.java:93)
		at org.apache.catalina.valves.AbstractAccessLogValve.invoke(AbstractAccessLogValve.java:660)
		at org.apache.catalina.core.StandardEngineValve.invoke(StandardEngineValve.java:74)
		at org.apache.catalina.connector.CoyoteAdapter.service(CoyoteAdapter.java:346)
		at org.apache.coyote.http11.Http11Processor.service(Http11Processor.java:383)
		at org.apache.coyote.AbstractProcessorLight.process(AbstractProcessorLight.java:63)
		at org.apache.coyote.AbstractProtocol$ConnectionHandler.process(AbstractProtocol.java:936)
		at org.apache.tomcat.util.net.NioEndpoint$SocketProcessor.doRun(NioEndpoint.java:1791)
		at org.apache.tomcat.util.net.SocketProcessorBase.run(SocketProcessorBase.java:52)
		at org.apache.tomcat.util.threads.ThreadPoolExecutor.runWorker(ThreadPoolExecutor.java:1190)
		at org.apache.tomcat.util.threads.ThreadPoolExecutor$Worker.run(ThreadPoolExecutor.java:659)
		at org.apache.tomcat.util.threads.TaskThread$WrappingRunnable.run(TaskThread.java:63)
		at java.base/java.lang.Thread.run(Thread.java:1583)
	Caused by: org.postgresql.util.PSQLException: The column name /////////////////// was not found in this ResultSet.
		at org.postgresql.jdbc.PgResultSet.findColumn(PgResultSet.java:3085)
		at org.postgresql.jdbc.PgResultSet.getString(PgResultSet.java:2921)
		at rest.dao.SellersDao.update(SellersDao.java:83)
		... 26 more
27-Sep-2024 10:06:28.889 SEVERE [http-nio-8080-exec-6] org.apache.catalina.core.StandardWrapperValve.invoke Servlet.service() for servlet [ServletSellers] in context with path [/myREST] threw exception
	java.lang.RuntimeException: org.postgresql.util.PSQLException: The column name /////////////////// was not found in this ResultSet.
		at rest.dao.SellersDao.update(SellersDao.java:91)
		at rest.services.SellersService.update(SellersService.java:22)
		at rest.servlets.SellersServlet.doPut(SellersServlet.java:50)
		at javax.servlet.http.HttpServlet.service(HttpServlet.java:558)
		at javax.servlet.http.HttpServlet.service(HttpServlet.java:623)
		at org.apache.catalina.core.ApplicationFilterChain.internalDoFilter(ApplicationFilterChain.java:199)
		at org.apache.catalina.core.ApplicationFilterChain.doFilter(ApplicationFilterChain.java:144)
		at org.apache.tomcat.websocket.server.WsFilter.doFilter(WsFilter.java:51)
		at org.apache.catalina.core.ApplicationFilterChain.internalDoFilter(ApplicationFilterChain.java:168)
		at org.apache.catalina.core.ApplicationFilterChain.doFilter(ApplicationFilterChain.java:144)
		at org.apache.catalina.core.StandardWrapperValve.invoke(StandardWrapperValve.java:168)
		at org.apache.catalina.core.StandardContextValve.invoke(StandardContextValve.java:90)
		at org.apache.catalina.authenticator.AuthenticatorBase.invoke(AuthenticatorBase.java:482)
		at org.apache.catalina.core.StandardHostValve.invoke(StandardHostValve.java:130)
		at org.apache.catalina.valves.ErrorReportValve.invoke(ErrorReportValve.java:93)
		at org.apache.catalina.valves.AbstractAccessLogValve.invoke(AbstractAccessLogValve.java:660)
		at org.apache.catalina.core.StandardEngineValve.invoke(StandardEngineValve.java:74)
		at org.apache.catalina.connector.CoyoteAdapter.service(CoyoteAdapter.java:346)
		at org.apache.coyote.http11.Http11Processor.service(Http11Processor.java:383)
		at org.apache.coyote.AbstractProcessorLight.process(AbstractProcessorLight.java:63)
		at org.apache.coyote.AbstractProtocol$ConnectionHandler.process(AbstractProtocol.java:936)
		at org.apache.tomcat.util.net.NioEndpoint$SocketProcessor.doRun(NioEndpoint.java:1791)
		at org.apache.tomcat.util.net.SocketProcessorBase.run(SocketProcessorBase.java:52)
		at org.apache.tomcat.util.threads.ThreadPoolExecutor.runWorker(ThreadPoolExecutor.java:1190)
		at org.apache.tomcat.util.threads.ThreadPoolExecutor$Worker.run(ThreadPoolExecutor.java:659)
		at org.apache.tomcat.util.threads.TaskThread$WrappingRunnable.run(TaskThread.java:63)
		at java.base/java.lang.Thread.run(Thread.java:1583)
	Caused by: org.postgresql.util.PSQLException: The column name /////////////////// was not found in this ResultSet.
		at org.postgresql.jdbc.PgResultSet.findColumn(PgResultSet.java:3085)
		at org.postgresql.jdbc.PgResultSet.getString(PgResultSet.java:2921)
		at rest.dao.SellersDao.update(SellersDao.java:83)
		... 26 more
27-Sep-2024 10:10:15.101 SEVERE [http-nio-8080-exec-2] org.apache.catalina.core.StandardWrapperValve.invoke Servlet.service() for servlet [ServletSellers] in context with path [/myREST] threw exception
	java.lang.RuntimeException: org.postgresql.util.PSQLException: The column name /////////////////// was not found in this ResultSet.
		at rest.dao.SellersDao.update(SellersDao.java:91)
		at rest.services.SellersService.update(SellersService.java:22)
		at rest.servlets.SellersServlet.doPut(SellersServlet.java:50)
		at javax.servlet.http.HttpServlet.service(HttpServlet.java:558)
		at javax.servlet.http.HttpServlet.service(HttpServlet.java:623)
		at org.apache.catalina.core.ApplicationFilterChain.internalDoFilter(ApplicationFilterChain.java:199)
		at org.apache.catalina.core.ApplicationFilterChain.doFilter(ApplicationFilterChain.java:144)
		at org.apache.tomcat.websocket.server.WsFilter.doFilter(WsFilter.java:51)
		at org.apache.catalina.core.ApplicationFilterChain.internalDoFilter(ApplicationFilterChain.java:168)
		at org.apache.catalina.core.ApplicationFilterChain.doFilter(ApplicationFilterChain.java:144)
		at org.apache.catalina.core.StandardWrapperValve.invoke(StandardWrapperValve.java:168)
		at org.apache.catalina.core.StandardContextValve.invoke(StandardContextValve.java:90)
		at org.apache.catalina.authenticator.AuthenticatorBase.invoke(AuthenticatorBase.java:482)
		at org.apache.catalina.core.StandardHostValve.invoke(StandardHostValve.java:130)
		at org.apache.catalina.valves.ErrorReportValve.invoke(ErrorReportValve.java:93)
		at org.apache.catalina.valves.AbstractAccessLogValve.invoke(AbstractAccessLogValve.java:660)
		at org.apache.catalina.core.StandardEngineValve.invoke(StandardEngineValve.java:74)
		at org.apache.catalina.connector.CoyoteAdapter.service(CoyoteAdapter.java:346)
		at org.apache.coyote.http11.Http11Processor.service(Http11Processor.java:383)
		at org.apache.coyote.AbstractProcessorLight.process(AbstractProcessorLight.java:63)
		at org.apache.coyote.AbstractProtocol$ConnectionHandler.process(AbstractProtocol.java:936)
		at org.apache.tomcat.util.net.NioEndpoint$SocketProcessor.doRun(NioEndpoint.java:1791)
		at org.apache.tomcat.util.net.SocketProcessorBase.run(SocketProcessorBase.java:52)
		at org.apache.tomcat.util.threads.ThreadPoolExecutor.runWorker(ThreadPoolExecutor.java:1190)
		at org.apache.tomcat.util.threads.ThreadPoolExecutor$Worker.run(ThreadPoolExecutor.java:659)
		at org.apache.tomcat.util.threads.TaskThread$WrappingRunnable.run(TaskThread.java:63)
		at java.base/java.lang.Thread.run(Thread.java:1583)
	Caused by: org.postgresql.util.PSQLException: The column name /////////////////// was not found in this ResultSet.
		at org.postgresql.jdbc.PgResultSet.findColumn(PgResultSet.java:3085)
		at org.postgresql.jdbc.PgResultSet.getString(PgResultSet.java:2921)
		at rest.dao.SellersDao.update(SellersDao.java:83)
		... 26 more
27-Sep-2024 10:11:19.833 SEVERE [http-nio-8080-exec-2] org.apache.catalina.core.StandardWrapperValve.invoke Servlet.service() for servlet [ServletSellers] in context with path [/myREST] threw exception
	java.lang.RuntimeException: org.postgresql.util.PSQLException: The column name /////////////////// was not found in this ResultSet.
		at rest.dao.SellersDao.update(SellersDao.java:91)
		at rest.services.SellersService.update(SellersService.java:22)
		at rest.servlets.SellersServlet.doPut(SellersServlet.java:50)
		at javax.servlet.http.HttpServlet.service(HttpServlet.java:558)
		at javax.servlet.http.HttpServlet.service(HttpServlet.java:623)
		at org.apache.catalina.core.ApplicationFilterChain.internalDoFilter(ApplicationFilterChain.java:199)
		at org.apache.catalina.core.ApplicationFilterChain.doFilter(ApplicationFilterChain.java:144)
		at org.apache.tomcat.websocket.server.WsFilter.doFilter(WsFilter.java:51)
		at org.apache.catalina.core.ApplicationFilterChain.internalDoFilter(ApplicationFilterChain.java:168)
		at org.apache.catalina.core.ApplicationFilterChain.doFilter(ApplicationFilterChain.java:144)
		at org.apache.catalina.core.StandardWrapperValve.invoke(StandardWrapperValve.java:168)
		at org.apache.catalina.core.StandardContextValve.invoke(StandardContextValve.java:90)
		at org.apache.catalina.authenticator.AuthenticatorBase.invoke(AuthenticatorBase.java:482)
		at org.apache.catalina.core.StandardHostValve.invoke(StandardHostValve.java:130)
		at org.apache.catalina.valves.ErrorReportValve.invoke(ErrorReportValve.java:93)
		at org.apache.catalina.valves.AbstractAccessLogValve.invoke(AbstractAccessLogValve.java:660)
		at org.apache.catalina.core.StandardEngineValve.invoke(StandardEngineValve.java:74)
		at org.apache.catalina.connector.CoyoteAdapter.service(CoyoteAdapter.java:346)
		at org.apache.coyote.http11.Http11Processor.service(Http11Processor.java:383)
		at org.apache.coyote.AbstractProcessorLight.process(AbstractProcessorLight.java:63)
		at org.apache.coyote.AbstractProtocol$ConnectionHandler.process(AbstractProtocol.java:936)
		at org.apache.tomcat.util.net.NioEndpoint$SocketProcessor.doRun(NioEndpoint.java:1791)
		at org.apache.tomcat.util.net.SocketProcessorBase.run(SocketProcessorBase.java:52)
		at org.apache.tomcat.util.threads.ThreadPoolExecutor.runWorker(ThreadPoolExecutor.java:1190)
		at org.apache.tomcat.util.threads.ThreadPoolExecutor$Worker.run(ThreadPoolExecutor.java:659)
		at org.apache.tomcat.util.threads.TaskThread$WrappingRunnable.run(TaskThread.java:63)
		at java.base/java.lang.Thread.run(Thread.java:1583)
	Caused by: org.postgresql.util.PSQLException: The column name /////////////////// was not found in this ResultSet.
		at org.postgresql.jdbc.PgResultSet.findColumn(PgResultSet.java:3085)
		at org.postgresql.jdbc.PgResultSet.getString(PgResultSet.java:2921)
		at rest.dao.SellersDao.update(SellersDao.java:83)
		... 26 more
27-Sep-2024 10:41:57.434 SEVERE [http-nio-8080-exec-2] org.apache.catalina.core.StandardWrapperValve.invoke Servlet.service() for servlet [ServletSellersId] in context with path [/myREST] threw exception
	java.lang.ArrayIndexOutOfBoundsException: Index 1 out of bounds for length 1
		at rest.dao.SellersDao.find(SellersDao.java:52)
		at rest.services.SellersService.find(SellersService.java:14)
		at rest.servlets.SellersServlet.doGet(SellersServlet.java:39)
		at javax.servlet.http.HttpServlet.service(HttpServlet.java:529)
		at javax.servlet.http.HttpServlet.service(HttpServlet.java:623)
		at org.apache.catalina.core.ApplicationFilterChain.internalDoFilter(ApplicationFilterChain.java:199)
		at org.apache.catalina.core.ApplicationFilterChain.doFilter(ApplicationFilterChain.java:144)
		at org.apache.tomcat.websocket.server.WsFilter.doFilter(WsFilter.java:51)
		at org.apache.catalina.core.ApplicationFilterChain.internalDoFilter(ApplicationFilterChain.java:168)
		at org.apache.catalina.core.ApplicationFilterChain.doFilter(ApplicationFilterChain.java:144)
		at org.apache.catalina.core.StandardWrapperValve.invoke(StandardWrapperValve.java:168)
		at org.apache.catalina.core.StandardContextValve.invoke(StandardContextValve.java:90)
		at org.apache.catalina.authenticator.AuthenticatorBase.invoke(AuthenticatorBase.java:482)
		at org.apache.catalina.core.StandardHostValve.invoke(StandardHostValve.java:130)
		at org.apache.catalina.valves.ErrorReportValve.invoke(ErrorReportValve.java:93)
		at org.apache.catalina.valves.AbstractAccessLogValve.invoke(AbstractAccessLogValve.java:660)
		at org.apache.catalina.core.StandardEngineValve.invoke(StandardEngineValve.java:74)
		at org.apache.catalina.connector.CoyoteAdapter.service(CoyoteAdapter.java:346)
		at org.apache.coyote.http11.Http11Processor.service(Http11Processor.java:383)
		at org.apache.coyote.AbstractProcessorLight.process(AbstractProcessorLight.java:63)
		at org.apache.coyote.AbstractProtocol$ConnectionHandler.process(AbstractProtocol.java:936)
		at org.apache.tomcat.util.net.NioEndpoint$SocketProcessor.doRun(NioEndpoint.java:1791)
		at org.apache.tomcat.util.net.SocketProcessorBase.run(SocketProcessorBase.java:52)
		at org.apache.tomcat.util.threads.ThreadPoolExecutor.runWorker(ThreadPoolExecutor.java:1190)
		at org.apache.tomcat.util.threads.ThreadPoolExecutor$Worker.run(ThreadPoolExecutor.java:659)
		at org.apache.tomcat.util.threads.TaskThread$WrappingRunnable.run(TaskThread.java:63)
		at java.base/java.lang.Thread.run(Thread.java:1583)
